2020-10-26T08:48:54.4571442+01:00  [INF] Application started. Press Ctrl+C to shut down. (dcaefe54)
2020-10-26T08:48:54.4790970+01:00  [INF] Hosting environment: "Development" (c3307c92)
2020-10-26T08:48:54.4825902+01:00  [INF] Content root path: "C:\Users\Budre\source\repos\oblig3\oblig3" (b5d60022)
2020-10-26T08:51:13.8344451+01:00  [ERR] ERROR in app/faq/faq.component.ts:26:5 - error TS1005: '(' expected.

26     e.currentTarget.blur();
       ~
app/faq/faq.component.ts:26:27 - error TS1005: ')' expected.

26     e.currentTarget.blur();
                             ~

 (682d54ba)
2020-10-26T08:51:14.3160508+01:00  [ERR] ERROR in app/faq/faq.component.ts:25:9 - error TS1109: Expression expected.

25     if ()
           ~

 (ad4d63cc)
2020-10-26T08:51:15.6766703+01:00  [ERR] ERROR in app/faq/faq.component.ts:25:11 - error TS1003: Identifier expected.

25     if (e.)
             ~

 (32fa1fc2)
2020-10-26T08:51:22.6948540+01:00  [ERR] ERROR in app/faq/faq.component.ts:25:25 - error TS1003: Identifier expected.

25     if (e.currentTarget.)
                           ~

 (a5c25e80)
2020-10-26T08:57:24.2131342+01:00  [ERR] ERROR in app/faq/faq.component.ts:31:17 - error TS1005: ';' expected.

31   hentAlleFaq() {
                   ~
app/faq/faq.component.ts:45:28 - error TS1005: ';' expected.

45   getAlleKategorier(liste) {
                              ~
app/faq/faq.component.ts:51:2 - error TS1005: '}' expected.

51 }
    

 (9cd8af60)
2020-10-26T08:57:25.2282798+01:00  [ERR]     ERROR in src/app/faq/faq.component.ts(20,10): error TS2339: Property 'hentAlleFaq' does not exist on type 'FaqComponent'.
    src/app/faq/faq.component.ts(31,3): error TS2304: Cannot find name 'hentAlleFaq'.
    src/app/faq/faq.component.ts(35,40): error TS2339: Property 'getAlleKategorier' does not exist on type 'FaqComponent'.
    src/app/faq/faq.component.ts(45,3): error TS2304: Cannot find name 'getAlleKategorier'.
    src/app/faq/faq.component.ts(45,21): error TS2304: Cannot find name 'liste'.
    src/app/faq/faq.component.ts(46,12): error TS2304: Cannot find name 'liste'.
    
 (250dc333)
2020-10-26T08:57:26.8706611+01:00  [ERR] ERROR in app/faq/faq.component.ts:31:17 - error TS1005: ';' expected.

31   hentAlleFaq() {
                   ~
app/faq/faq.component.ts:45:28 - error TS1005: ';' expected.

45   getAlleKategorier(liste) {
                              ~
app/faq/faq.component.ts:51:2 - error TS1005: '}' expected.

51 }
    

 (9cd8af60)
2020-10-26T08:57:27.9814663+01:00  [ERR]     ERROR in src/app/faq/faq.component.ts(20,10): error TS2339: Property 'hentAlleFaq' does not exist on type 'FaqComponent'.
    src/app/faq/faq.component.ts(31,3): error TS2304: Cannot find name 'hentAlleFaq'.
    src/app/faq/faq.component.ts(35,40): error TS2339: Property 'getAlleKategorier' does not exist on type 'FaqComponent'.
    src/app/faq/faq.component.ts(45,3): error TS2304: Cannot find name 'getAlleKategorier'.
    src/app/faq/faq.component.ts(45,21): error TS2304: Cannot find name 'liste'.
    src/app/faq/faq.component.ts(46,12): error TS2304: Cannot find name 'liste'.
    
 (250dc333)
2020-10-26T08:57:34.3225697+01:00  [ERR] ERROR in app/faq/faq.component.ts:25:45 - error TS1005: ';' expected.

25     e.currentTarget.textContent === kategori)
                                               ~

 (32c07534)
2020-10-26T08:57:40.3933089+01:00  [ERR] ERROR in app/faq/faq.component.ts:25:12 - error TS1005: ',' expected.

25     const e.currentTarget.textContent === kategori
              ~
app/faq/faq.component.ts:25:26 - error TS1005: ',' expected.

25     const e.currentTarget.textContent === kategori
                            ~
app/faq/faq.component.ts:25:39 - error TS1005: ',' expected.

25     const e.currentTarget.textContent === kategori
                                         ~~~

 (802a8bb5)
2020-10-26T08:57:41.2012078+01:00  [ERR] ERROR in app/faq/faq.component.ts:25:14 - error TS1005: ',' expected.

25     const is e.currentTarget.textContent === kategori
                ~
app/faq/faq.component.ts:25:15 - error TS1005: ',' expected.

25     const is e.currentTarget.textContent === kategori
                 ~
app/faq/faq.component.ts:25:29 - error TS1005: ',' expected.

25     const is e.currentTarget.textContent === kategori
                               ~
app/faq/faq.component.ts:25:42 - error TS1005: ',' expected.

25     const is e.currentTarget.textContent === kategori
                                            ~~~

 (0650bdd8)
2020-10-26T08:57:41.4471860+01:00  [ERR]     ERROR in src/app/faq/faq.component.ts(23,10): error TS2300: Duplicate identifier 'e'.
    src/app/faq/faq.component.ts(25,11): error TS2300: Duplicate identifier 'e'.
    
 (1f9cca0b)
2020-10-26T08:57:41.6940484+01:00  [ERR] ERROR in app/faq/faq.component.ts:25:14 - error TS1005: ',' expected.

25     const ise.currentTarget.textContent === kategori
                ~
app/faq/faq.component.ts:25:28 - error TS1005: ',' expected.

25     const ise.currentTarget.textContent === kategori
                              ~
app/faq/faq.component.ts:25:41 - error TS1005: ',' expected.

25     const ise.currentTarget.textContent === kategori
                                           ~~~

 (ed538324)
2020-10-26T08:57:42.8016530+01:00  [ERR] ERROR in app/faq/faq.component.ts:25:16 - error TS1005: ',' expected.

25     const isExe.currentTarget.textContent === kategori
                  ~
app/faq/faq.component.ts:25:30 - error TS1005: ',' expected.

25     const isExe.currentTarget.textContent === kategori
                                ~
app/faq/faq.component.ts:25:43 - error TS1005: ',' expected.

25     const isExe.currentTarget.textContent === kategori
                                             ~~~

 (41bb6c82)
2020-10-26T08:57:44.5023440+01:00  [ERR] ERROR in app/faq/faq.component.ts:25:22 - error TS1005: ',' expected.

25     const isExpandede.currentTarget.textContent === kategori
                        ~
app/faq/faq.component.ts:25:36 - error TS1005: ',' expected.

25     const isExpandede.currentTarget.textContent === kategori
                                      ~
app/faq/faq.component.ts:25:49 - error TS1005: ',' expected.

25     const isExpandede.currentTarget.textContent === kategori
                                                   ~~~

 (26af44b0)
2020-10-26T08:59:44.2863093+01:00  [ERR]     ERROR in src/app/faq/faq.component.ts(25,5): error TS2304: Cannot find name 'currentItem'.
    
 (30fd87c3)
2020-10-26T09:00:08.6880269+01:00  [ERR]     ERROR in src/app/faq/faq.component.ts(26,5): error TS2304: Cannot find name 'currentItem'.
    
 (2f11c7a4)
2020-10-26T09:00:10.6428448+01:00  [ERR]     ERROR in src/app/faq/faq.component.ts(26,5): error TS2304: Cannot find name 'currentItem'.
    
 (2f11c7a4)
2020-10-26T09:00:11.6209258+01:00  [ERR]     ERROR in src/app/faq/faq.component.ts(26,5): error TS2304: Cannot find name 'currentItem'.
    
 (2f11c7a4)
2020-10-26T09:00:12.6946171+01:00  [ERR] ERROR in app/faq/faq.component.ts:13:19 - error TS1005: ';' expected.

13   selectedKategori: number;
                     ~

 (b5a7c7a1)
2020-10-26T09:00:12.8550472+01:00  [ERR]     ERROR in src/app/faq/faq.component.ts(26,5): error TS2663: Cannot find name 'currentItem'. Did you mean the instance member 'this.currentItem'?
    
 (2cf88343)
2020-10-26T09:00:14.0253689+01:00  [ERR] ERROR in app/faq/faq.component.ts:13:19 - error TS1005: ';' expected.

13   selectedKategori: number;
                     ~

 (b5a7c7a1)
2020-10-26T09:00:14.0456963+01:00  [ERR]     ERROR in src/app/faq/faq.component.ts(13,3): error TS2304: Cannot find name 'selectedKategori'.
    src/app/faq/faq.component.ts(26,5): error TS2663: Cannot find name 'currentItem'. Did you mean the instance member 'this.currentItem'?
    
 (50c705f0)
2020-10-26T09:00:15.1056057+01:00  [ERR]     ERROR in src/app/faq/faq.component.ts(13,3): error TS2304: Cannot find name 'selectedKategori'.
    src/app/faq/faq.component.ts(26,5): error TS2663: Cannot find name 'currentItem'. Did you mean the instance member 'this.currentItem'?
    
 (50c705f0)
2020-10-26T09:00:20.9299619+01:00  [ERR]     ERROR in src/app/faq/faq.component.ts(12,16): error TS2304: Cannot find name 's'.
    src/app/faq/faq.component.ts(26,5): error TS2663: Cannot find name 'currentItem'. Did you mean the instance member 'this.currentItem'?
    
 (b3e8abd1)
2020-10-26T09:00:22.3132795+01:00  [ERR]     ERROR in src/app/faq/faq.component.ts(26,5): error TS2663: Cannot find name 'currentItem'. Did you mean the instance member 'this.currentItem'?
    
 (2cf88343)
2020-10-26T09:00:23.3479717+01:00  [ERR]     ERROR in src/app/faq/faq.component.ts(26,5): error TS2663: Cannot find name 'currentItem'. Did you mean the instance member 'this.currentItem'?
    
 (2cf88343)
2020-10-26T09:00:24.7568961+01:00  [ERR]     ERROR in src/app/faq/faq.component.ts(26,5): error TS2663: Cannot find name 'currentItem'. Did you mean the instance member 'this.currentItem'?
    
 (2cf88343)
2020-10-26T09:00:42.9319762+01:00 80000102-0006-fb00-b63f-84710c7967bb [ERR] An unhandled exception has occurred while executing the request. (48a46595)
System.Net.WebSockets.WebSocketException (0x80004005): The WebSocket is in an invalid state ('Aborted') for this operation. Valid states are: 'Open, CloseReceived'
   at System.Net.WebSockets.WebSocketValidate.ThrowIfInvalidState(WebSocketState currentState, Boolean isDisposed, WebSocketState[] validStates)
   at System.Net.WebSockets.ManagedWebSocket.CloseOutputAsyncCore(WebSocketCloseStatus closeStatus, String statusDescription, CancellationToken cancellationToken)
   at Microsoft.AspNetCore.SpaServices.Extensions.Proxy.SpaProxy.PumpWebSocket(WebSocket source, WebSocket destination, Int32 bufferSize, CancellationToken cancellationToken)
   at Microsoft.AspNetCore.SpaServices.Extensions.Proxy.SpaProxy.AcceptProxyWebSocketRequest(HttpContext context, Uri destinationUri, CancellationToken cancellationToken)
   at Microsoft.AspNetCore.SpaServices.Extensions.Proxy.SpaProxy.PerformProxyRequest(HttpContext context, HttpClient httpClient, Task`1 baseUriTask, CancellationToken applicationStoppingToken, Boolean proxy404s)
   at Microsoft.AspNetCore.Builder.SpaProxyingExtensions.<>c__DisplayClass2_0.<<UseProxyToSpaDevelopmentServer>b__0>d.MoveNext()
--- End of stack trace from previous location where exception was thrown ---
   at Microsoft.AspNetCore.Diagnostics.DeveloperExceptionPageMiddleware.Invoke(HttpContext context)
   at Microsoft.AspNetCore.Diagnostics.DeveloperExceptionPageMiddleware.Invoke(HttpContext context)
2020-10-26T09:00:42.9388955+01:00 80000102-0006-fb00-b63f-84710c7967bb [WRN] The response has already started, the error page middleware will not be executed. (e1dd4c0d)
2020-10-26T09:00:42.9632770+01:00 80000102-0006-fb00-b63f-84710c7967bb [ERR] Connection ID ""18086456130900328705"", Request ID ""80000102-0006-fb00-b63f-84710c7967bb"": An unhandled exception was thrown by the application. (bf316047)
System.Net.WebSockets.WebSocketException (0x80004005): The WebSocket is in an invalid state ('Aborted') for this operation. Valid states are: 'Open, CloseReceived'
   at System.Net.WebSockets.WebSocketValidate.ThrowIfInvalidState(WebSocketState currentState, Boolean isDisposed, WebSocketState[] validStates)
   at System.Net.WebSockets.ManagedWebSocket.CloseOutputAsyncCore(WebSocketCloseStatus closeStatus, String statusDescription, CancellationToken cancellationToken)
   at Microsoft.AspNetCore.SpaServices.Extensions.Proxy.SpaProxy.PumpWebSocket(WebSocket source, WebSocket destination, Int32 bufferSize, CancellationToken cancellationToken)
   at Microsoft.AspNetCore.SpaServices.Extensions.Proxy.SpaProxy.AcceptProxyWebSocketRequest(HttpContext context, Uri destinationUri, CancellationToken cancellationToken)
   at Microsoft.AspNetCore.SpaServices.Extensions.Proxy.SpaProxy.PerformProxyRequest(HttpContext context, HttpClient httpClient, Task`1 baseUriTask, CancellationToken applicationStoppingToken, Boolean proxy404s)
   at Microsoft.AspNetCore.Builder.SpaProxyingExtensions.<>c__DisplayClass2_0.<<UseProxyToSpaDevelopmentServer>b__0>d.MoveNext()
--- End of stack trace from previous location where exception was thrown ---
   at Microsoft.AspNetCore.Diagnostics.DeveloperExceptionPageMiddleware.Invoke(HttpContext context)
   at Microsoft.AspNetCore.Diagnostics.DeveloperExceptionPageMiddleware.Invoke(HttpContext context)
   at Microsoft.AspNetCore.Server.IIS.Core.IISHttpContextOfT`1.ProcessRequestAsync()
2020-10-26T09:04:04.8504623+01:00  [ERR]     ERROR in src/app/faq/faq.component.ts(26,5): error TS2663: Cannot find name 'currentItem'. Did you mean the instance member 'this.currentItem'?
    
 (2cf88343)
2020-10-26T09:04:07.5016044+01:00  [ERR]     ERROR in src/app/faq/faq.component.ts(25,5): error TS2304: Cannot find name 'currentItem'.
    
 (30fd87c3)
2020-10-26T09:04:13.4295966+01:00  [ERR] ERROR in app/faq/faq.component.ts:31:17 - error TS1005: ';' expected.

31   hentAlleFaq() {
                   ~
app/faq/faq.component.ts:45:28 - error TS1005: ';' expected.

45   getAlleKategorier(liste) {
                              ~
app/faq/faq.component.ts:51:2 - error TS1005: '}' expected.

51 }
    

 (9cd8af60)
2020-10-26T09:04:14.5931261+01:00  [ERR]     ERROR in src/app/faq/faq.component.ts(20,10): error TS2339: Property 'hentAlleFaq' does not exist on type 'FaqComponent'.
    src/app/faq/faq.component.ts(31,3): error TS2304: Cannot find name 'hentAlleFaq'.
    src/app/faq/faq.component.ts(35,40): error TS2339: Property 'getAlleKategorier' does not exist on type 'FaqComponent'.
    src/app/faq/faq.component.ts(45,3): error TS2304: Cannot find name 'getAlleKategorier'.
    src/app/faq/faq.component.ts(45,21): error TS2304: Cannot find name 'liste'.
    src/app/faq/faq.component.ts(46,12): error TS2304: Cannot find name 'liste'.
    
 (250dc333)
2020-10-26T09:04:27.2826234+01:00  [ERR]     ERROR in src/app/faq/faq.component.ts(24,17): error TS2304: Cannot find name 'kategori'.
    
 (e34b6d8c)
2020-10-26T09:04:29.3409304+01:00  [ERR]     ERROR in src/app/faq/faq.component.ts(24,17): error TS2304: Cannot find name 'kategori'.
    
 (e34b6d8c)
2020-10-26T09:09:13.3758226+01:00  [ERR]     ERROR in src/app/app.module.ts(10,10): error TS2300: Duplicate identifier 'FaqComponent'.
    src/app/app.module.ts(11,10): error TS2300: Duplicate identifier 'FaqComponent'.
    
 (79c139dd)
2020-10-26T09:09:18.3697763+01:00  [ERR]     ERROR in src/app/app.module.ts(11,10): error TS2305: Module '"C:/Users/Budre/source/repos/oblig3/oblig3/ClientApp/src/app/faq/faq.component"' has no exported member 'FaqKategoriComponent'.
    
 (8c261299)
2020-10-26T09:09:28.6606416+01:00  [ERR]     ERROR in src/app/app.module.ts(11,38): error TS2307: Cannot find module './faq/kategori/faq.component'.
    
 (260486a3)
2020-10-26T09:09:31.0587796+01:00  [ERR]     ERROR in src/app/app.module.ts(11,38): error TS2307: Cannot find module './faq/kategori/faq/.component'.
    
 (d339c6b6)
2020-10-26T09:09:32.1793286+01:00  [ERR]     ERROR in src/app/app.module.ts(11,38): error TS2307: Cannot find module './faq/kategori/faq.component'.
    
 (260486a3)
2020-10-26T09:09:39.0109368+01:00  [ERR]     ERROR in src/app/app.module.ts(11,38): error TS2307: Cannot find module './faq-kategori/faq.component'.
    
 (5ce7e4a7)
2020-10-26T09:09:43.4767986+01:00  [ERR]     ERROR in src/app/app.module.ts(11,38): error TS2307: Cannot find module './faq-kategori/faq-.component'.
    
 (ecb46fa5)
2020-10-26T09:10:06.1157651+01:00  [ERR]     ERROR in src/app/app.module.ts(18,5): error TS2304: Cannot find name 'Faw'.
    
 (c55e99d2)
2020-10-26T09:10:07.5220494+01:00  [ERR]     ERROR in src/app/app.module.ts(18,5): error TS2304: Cannot find name 'Faq'.
    
 (df42c0eb)
2020-10-26T09:15:24.1270667+01:00  [ERR]     ERROR in src/app/faq-kategori/faq-kategori.component.ts(16,14): error TS2339: Property 'isExpanded' does not exist on type 'FaqKategoriComponent'.
    src/app/faq-kategori/faq-kategori.component.ts(16,33): error TS2339: Property 'isExpanded' does not exist on type 'FaqKategoriComponent'.
    
 (2940aa72)
2020-10-26T09:15:25.2674384+01:00  [ERR]     ERROR in src/app/faq-kategori/faq-kategori.component.ts(16,14): error TS2339: Property 'isExpanded' does not exist on type 'FaqKategoriComponent'.
    src/app/faq-kategori/faq-kategori.component.ts(16,33): error TS2339: Property 'isExpanded' does not exist on type 'FaqKategoriComponent'.
    
 (2940aa72)
2020-10-26T09:19:56.0418824+01:00  [ERR] ERROR in ./src/app/faq/faq.component.scss
Module build failed (from ./node_modules/sass-loader/lib/loader.js):

app
^
      Invalid CSS after "app": expected "{", was ""
      in C:\Users\Budre\source\repos\oblig3\oblig3\ClientApp\src\app\faq\faq.component.scss (line 1, column 1)
 (28a1af61)
2020-10-26T09:19:57.8041177+01:00  [ERR] ERROR in ./src/app/faq/faq.component.scss
Module build failed (from ./node_modules/sass-loader/lib/loader.js):

app-faq
^
      Invalid CSS after "app-faq": expected "{", was ""
      in C:\Users\Budre\source\repos\oblig3\oblig3\ClientApp\src\app\faq\faq.component.scss (line 1, column 1)
 (3171a247)
2020-10-26T09:20:00.4510616+01:00  [ERR] ERROR in ./src/app/faq/faq.component.scss
Module build failed (from ./node_modules/sass-loader/lib/loader.js):

app-faq-kategori
^
      Invalid CSS after "app-faq-kategori": expected "{", was ""
      in C:\Users\Budre\source\repos\oblig3\oblig3\ClientApp\src\app\faq\faq.component.scss (line 1, column 1)
 (ebc8308e)
2020-10-26T09:20:05.0933430+01:00  [ERR] ERROR in ./src/app/faq/faq.component.scss
Module build failed (from ./node_modules/sass-loader/lib/loader.js):

app-faq-kategori:
^
      Invalid CSS after "a": expected 1 selector or at-rule, was "app-faq-kategori:"
      in C:\Users\Budre\source\repos\oblig3\oblig3\ClientApp\src\app\faq\faq.component.scss (line 1, column 1)
 (53df1061)
2020-10-26T09:20:06.3645543+01:00  [ERR] ERROR in ./src/app/faq/faq.component.scss
Module build failed (from ./node_modules/sass-loader/lib/loader.js):

app-faq-kategori:las
               ^
      Invalid CSS after "...aq-kategori:las": expected "{", was ""
      in C:\Users\Budre\source\repos\oblig3\oblig3\ClientApp\src\app\faq\faq.component.scss (line 1, column 17)
 (782c7022)
2020-10-26T09:20:08.5751360+01:00  [ERR] ERROR in ./src/app/faq/faq.component.scss
Module build failed (from ./node_modules/sass-loader/lib/loader.js):

app-faq-kategori:last-child
               ^
      Invalid CSS after "...gori:last-child": expected "{", was ""
      in C:\Users\Budre\source\repos\oblig3\oblig3\ClientApp\src\app\faq\faq.component.scss (line 1, column 17)
 (57664ef2)
2020-10-26T09:20:14.8395327+01:00  [ERR] ERROR in ./src/app/faq/faq.component.scss
Module build failed (from ./node_modules/sass-loader/lib/loader.js):

}
^
      Invalid CSS after "}": expected "}", was ""
      in C:\Users\Budre\source\repos\oblig3\oblig3\ClientApp\src\app\faq\faq.component.scss (line 5, column 1)
 (2453e876)
2020-10-26T09:20:17.6426502+01:00  [ERR] ERROR in ./src/app/faq/faq.component.scss
Module build failed (from ./node_modules/sass-loader/lib/loader.js):

}
^
      Invalid CSS after "}": expected "}", was ""
      in C:\Users\Budre\source\repos\oblig3\oblig3\ClientApp\src\app\faq\faq.component.scss (line 5, column 1)
 (2453e876)
2020-10-26T09:38:09.6633439+01:00  [ERR] ERROR in app/faq-kategori/faq-kategori.component.ts:11:28 - error TS1110: Type expected.

11     @Input() kategoriNavn: ;
                              ~

 (74de4fbd)
2020-10-26T09:41:53.5913328+01:00  [ERR] ERROR in app/faq-kategori/faq-kategori.component.ts:11:29 - error TS1005: '>' expected.

11     @Input() alleFaq: Array<;
                               ~

 (9ec0c88d)
2020-10-26T09:41:54.1731534+01:00  [ERR]     ERROR in src/app/faq-kategori/faq-kategori.component.ts(11,23): error TS2314: Generic type 'Array<T>' requires 1 type argument(s).
    
 (d3eeed98)
2020-10-26T09:41:55.8349722+01:00  [ERR] ERROR in app/faq-kategori/faq-kategori.component.ts:11:32 - error TS1005: '>' expected.

11     @Input() alleFaq: Array<Faq;
                                  ~

 (3553d1ae)
2020-10-26T09:41:55.8521912+01:00  [ERR]     ERROR in src/app/faq-kategori/faq-kategori.component.ts(11,23): error TS2314: Generic type 'Array<T>' requires 1 type argument(s).
    
 (d3eeed98)
2020-10-26T09:43:18.2739024+01:00  [ERR] ERROR in app/faq-kategori/faq-kategori.component.ts:11:24 - error TS1110: Type expected.

11     @Input() kategori: ;
                          ~

 (f31f578b)
2020-10-26T09:55:03.6857004+01:00  [ERR]     ERROR in src/app/faq-kategori/faq-kategori.component.ts(16,14): error TS2339: Property 'hentAlleFaq' does not exist on type 'FaqKategoriComponent'.
    
 (282abc42)
2020-10-26T09:55:17.8974281+01:00  [ERR]     ERROR in src/app/faq-kategori/faq-kategori.component.ts(16,14): error TS2339: Property 'hentFaq' does not exist on type 'FaqKategoriComponent'.
    
 (da2f410e)
2020-10-26T09:55:22.8775920+01:00  [ERR]     ERROR in src/app/faq-kategori/faq-kategori.component.ts(16,14): error TS2339: Property 'hentFaq' does not exist on type 'FaqKategoriComponent'.
    
 (da2f410e)
2020-10-26T09:55:24.7626576+01:00  [ERR]     ERROR in src/app/faq-kategori/faq-kategori.component.ts(16,14): error TS2339: Property 'hentFaq' does not exist on type 'FaqKategoriComponent'.
    
 (da2f410e)
2020-10-26T09:55:26.6098680+01:00  [ERR]     ERROR in src/app/faq-kategori/faq-kategori.component.ts(16,14): error TS2339: Property 'hentFaq' does not exist on type 'FaqKategoriComponent'.
    
 (da2f410e)
2020-10-26T09:55:27.5272752+01:00  [ERR]     ERROR in src/app/faq-kategori/faq-kategori.component.ts(16,14): error TS2551: Property 'hentFaq' does not exist on type 'FaqKategoriComponent'. Did you mean 'hentFa'?
    
 (2a598c09)
2020-10-26T09:55:30.6242815+01:00  [ERR]     ERROR in src/app/faq-kategori/faq-kategori.component.ts(21,5): error TS2389: Function implementation name must be 'hentFaq'.
    
 (87a81b2e)
2020-10-26T09:55:46.3385144+01:00  [ERR]     ERROR in src/app/faq-kategori/faq-kategori.component.ts(16,9): error TS2554: Expected 1 arguments, but got 0.
    src/app/faq-kategori/faq-kategori.component.ts(21,5): error TS2389: Function implementation name must be 'hentFaq'.
    
 (2c8ab155)
2020-10-26T09:55:47.2696824+01:00  [ERR]     ERROR in src/app/faq-kategori/faq-kategori.component.ts(16,9): error TS2554: Expected 1 arguments, but got 0.
    src/app/faq-kategori/faq-kategori.component.ts(21,5): error TS2389: Function implementation name must be 'hentFaq'.
    
 (2c8ab155)
2020-10-26T09:56:11.8836359+01:00  [ERR]     ERROR in src/app/faq-kategori/faq-kategori.component.ts(16,9): error TS2554: Expected 1 arguments, but got 0.
    
 (1b2bf515)
2020-10-26T09:56:25.3106688+01:00  [ERR] ERROR in ./src/app/faq-kategori/faq-kategori.component.ts 22:14
Module parse failed: Unexpected token (22:14)
File was processed with these loaders:
 * ./node_modules/@ngtools/webpack/src/index.js
You may need an additional loader to handle the result of these loaders.
|     }
|     hentFaq() {
>         const ;
|     }
|     toggle(e) {
 (83f9d24d)
2020-10-26T09:56:26.1576942+01:00  [ERR]     ERROR in src/app/faq-kategori/faq-kategori.component.ts(20,14): error TS1123: Variable declaration list cannot be empty.
    
 (5c84cdaf)
2020-10-26T09:57:12.8897609+01:00  [ERR]     ERROR in src/app/faq-kategori/faq-kategori.component.ts(12,14): error TS2300: Duplicate identifier 'kategori'.
    
 (bce3ca38)
2020-10-26T09:57:20.6169732+01:00  [ERR] ERROR in app/faq-kategori/faq-kategori.component.ts:12:29 - error TS1005: '>' expected.

12     @Input() alleFaq: Array<;
                               ~

 (7ccb57b9)
2020-10-26T09:57:20.8107547+01:00  [ERR]     ERROR in src/app/faq-kategori/faq-kategori.component.ts(12,23): error TS2314: Generic type 'Array<T>' requires 1 type argument(s).
    
 (775b3abb)
2020-10-26T09:57:21.8542068+01:00  [ERR]     ERROR in src/app/faq-kategori/faq-kategori.component.ts(12,23): error TS2314: Generic type 'Array<T>' requires 1 type argument(s).
    
 (775b3abb)
2020-10-26T09:57:23.2126761+01:00  [ERR]     ERROR in src/app/faq-kategori/faq-kategori.component.ts(12,23): error TS2314: Generic type 'Array<T>' requires 1 type argument(s).
    src/app/faq-kategori/faq-kategori.component.ts(12,28): error TS1099: Type argument list cannot be empty.
    
 (8be08eba)
2020-10-26T09:58:09.3143495+01:00  [ERR]     ERROR in src/app/faq-kategori/faq-kategori.component.ts(21,10): error TS2304: Cannot find name 'a'.
    
 (74835d7f)
2020-10-26T09:58:13.5783166+01:00  [ERR]     ERROR in src/app/faq-kategori/faq-kategori.component.ts(21,10): error TS2554: Expected 1-2 arguments, but got 0.
    
 (c86b6b5e)
2020-10-26T09:58:16.1613743+01:00  [ERR] ERROR in app/faq-kategori/faq-kategori.component.ts:21:31 - error TS1109: Expression expected.

21          this.alleFaq.map(e =>)
                                 ~

 (cb17e5bc)
2020-10-26T09:58:16.4111960+01:00  [ERR]     ERROR in src/app/faq-kategori/faq-kategori.component.ts(21,27): error TS2304: Cannot find name 'e'.
    
 (13fbd3ba)
2020-10-26T09:58:17.1832645+01:00  [ERR] ERROR in app/faq-kategori/faq-kategori.component.ts:21:32 - error TS1109: Expression expected.

21          this.alleFaq.map(e => )
                                  ~

 (632b940e)
2020-10-26T09:58:21.1343411+01:00  [ERR]     ERROR in src/app/faq-kategori/faq-kategori.component.ts(21,27): error TS2304: Cannot find name 'e'.
    
 (13fbd3ba)
2020-10-26T09:58:22.3098184+01:00  [ERR]     ERROR in src/app/faq-kategori/faq-kategori.component.ts(21,10): error TS2554: Expected 1-2 arguments, but got 0.
    
 (c86b6b5e)
2020-10-26T09:58:23.3941493+01:00  [ERR]     ERROR in src/app/faq-kategori/faq-kategori.component.ts(21,10): error TS2554: Expected 1-2 arguments, but got 0.
    
 (c86b6b5e)
2020-10-26T09:58:24.3444811+01:00  [ERR]     ERROR in src/app/faq-kategori/faq-kategori.component.ts(21,23): error TS2551: Property 'fil' does not exist on type 'Faq[]'. Did you mean 'fill'?
    
 (8444ca47)
2020-10-26T09:58:26.9979153+01:00  [ERR]     ERROR in src/app/faq-kategori/faq-kategori.component.ts(21,10): error TS2554: Expected 1-2 arguments, but got 0.
    
 (c86b6b5e)
2020-10-26T09:58:28.1118384+01:00  [ERR] ERROR in app/faq-kategori/faq-kategori.component.ts:21:34 - error TS1109: Expression expected.

21          this.alleFaq.filter(e =>)
                                    ~

 (ea5a06c4)
2020-10-26T09:58:28.1882368+01:00  [ERR]     ERROR in src/app/faq-kategori/faq-kategori.component.ts(21,30): error TS2304: Cannot find name 'e'.
    
 (855311f3)
2020-10-26T09:58:28.7249370+01:00  [ERR] ERROR in app/faq-kategori/faq-kategori.component.ts:21:35 - error TS1109: Expression expected.

21          this.alleFaq.filter(e => )
                                     ~

 (42defd63)
2020-10-26T09:58:31.7603878+01:00  [ERR] ERROR in app/faq-kategori/faq-kategori.component.ts:21:37 - error TS1003: Identifier expected.

21          this.alleFaq.filter(e => e.)
                                       ~

 (cd7299c8)
2020-10-26T09:58:40.9989983+01:00  [ERR] ERROR in app/faq-kategori/faq-kategori.component.ts:21:46 - error TS1003: Identifier expected.

21          this.alleFaq.filter(e => e.kategori.)
                                                ~

 (290794ca)
2020-10-26T09:58:44.2958497+01:00  [ERR]     ERROR in src/app/faq-kategori/faq-kategori.component.ts(21,46): error TS2339: Property 'ka' does not exist on type 'string'.
    
 (ef7dfd90)
2020-10-26T09:58:45.6088280+01:00  [ERR]     ERROR in src/app/faq-kategori/faq-kategori.component.ts(21,46): error TS2339: Property 'kategori' does not exist on type 'string'.
    
 (1bda025e)
2020-10-26T09:58:47.1344430+01:00  [ERR]     ERROR in src/app/faq-kategori/faq-kategori.component.ts(21,46): error TS2339: Property 'kategorinavn' does not exist on type 'string'.
    
 (584e580d)
2020-10-26T09:58:48.5279271+01:00  [ERR]     ERROR in src/app/faq-kategori/faq-kategori.component.ts(21,46): error TS2339: Property 'kategori' does not exist on type 'string'.
    
 (1bda025e)
2020-10-26T09:58:49.4455030+01:00  [ERR]     ERROR in src/app/faq-kategori/faq-kategori.component.ts(21,46): error TS2339: Property 'kategoriNavn' does not exist on type 'string'.
    
 (baf7c58c)
2020-10-26T09:59:04.9466734+01:00  [ERR] ERROR in app/faq-kategori/faq-kategori.component.ts:21:62 - error TS1109: Expression expected.

21          this.alleFaq.filter(e => e.kategori.kategoriNavn ===)
                                                                ~

 (c36f57d5)
2020-10-26T09:59:05.3428215+01:00  [ERR] ERROR in app/faq-kategori/faq-kategori.component.ts:21:63 - error TS1109: Expression expected.

21          this.alleFaq.filter(e => e.kategori.kategoriNavn === )
                                                                 ~

 (6bf5ef27)
2020-10-26T09:59:46.5704143+01:00  [ERR]     ERROR in src/app/faq-kategori/faq-kategori.component.ts(21,9): error TS2304: Cannot find name 'consthis'.
    
 (163491a2)
2020-10-26T09:59:47.7036357+01:00  [ERR]     ERROR in src/app/faq-kategori/faq-kategori.component.ts(21,9): error TS2304: Cannot find name 'consolethis'.
    
 (9ebf8d4e)
2020-10-26T09:59:48.6063812+01:00  [ERR] ERROR in app/faq-kategori/faq-kategori.component.ts:22:5 - error TS1005: ',' expected.

22     }
       ~

 (6c4f07b1)
2020-10-26T09:59:49.1251561+01:00  [ERR]     ERROR in src/app/faq-kategori/faq-kategori.component.ts(21,17): error TS2339: Property 'lothis' does not exist on type 'Console'.
    
 (742bcf6a)
2020-10-26T10:01:44.6480107+01:00  [ERR] ERROR in app/faq-kategori/faq-kategori.component.ts:22:5 - error TS1005: ',' expected.

22     }
       ~

 (6c4f07b1)
2020-10-26T10:02:04.8422951+01:00  [ERR] ERROR in app/faq-kategori/faq-kategori.component.ts:21:11 - error TS1005: ';' expected.

21         f this.alleFaq.filter(e => e.kategori.kategoriNavn === this.kategori)
             ~~~~

 (85e52707)
2020-10-26T10:02:05.8851194+01:00  [ERR]     ERROR in src/app/faq-kategori/faq-kategori.component.ts(21,9): error TS2304: Cannot find name 'f'.
    
 (6992ec4e)
2020-10-26T10:02:06.9157963+01:00  [ERR]     ERROR in src/app/faq-kategori/faq-kategori.component.ts(21,9): error TS2304: Cannot find name 'f'.
    
 (6992ec4e)
2020-10-26T10:02:07.8941844+01:00  [ERR]     ERROR in src/app/faq-kategori/faq-kategori.component.ts(21,9): error TS2304: Cannot find name 'f'.
    
 (6992ec4e)
2020-10-26T10:02:13.4886172+01:00  [ERR]     ERROR in src/app/faq-kategori/faq-kategori.component.ts(21,9): error TS2304: Cannot find name 'thisf'.
    
 (232252bd)
2020-10-26T10:02:14.4942981+01:00  [ERR]     ERROR in src/app/faq-kategori/faq-kategori.component.ts(21,14): error TS2339: Property 'f' does not exist on type 'FaqKategoriComponent'.
    
 (8f189576)
2020-10-26T10:02:16.8421910+01:00  [ERR]     ERROR in src/app/faq-kategori/faq-kategori.component.ts(21,9): error TS2304: Cannot find name 'f'.
    
 (6992ec4e)
2020-10-26T10:02:25.9555970+01:00  [ERR] ERROR in app/faq-kategori/faq-kategori.component.ts:21:12 - error TS1109: Expression expected.

21         f: = this.alleFaq.filter(e => e.kategori.kategoriNavn === this.kategori)
              ~

 (d183e95e)
2020-10-26T10:02:31.1716910+01:00  [ERR]     ERROR in src/app/faq-kategori/faq-kategori.component.ts(21,11): error TS2304: Cannot find name 'A'.
    
 (80adadde)
2020-10-26T10:02:32.4464224+01:00  [ERR] ERROR in app/faq-kategori/faq-kategori.component.ts:21:18 - error TS1109: Expression expected.

21         f:Array< = this.alleFaq.filter(e => e.kategori.kategoriNavn === this.kategori)
                    ~

 (a9ff2f78)
2020-10-26T10:02:32.4592871+01:00  [ERR]     ERROR in src/app/faq-kategori/faq-kategori.component.ts(21,11): error TS2739: Type 'any[]' is missing the following properties from type 'ArrayConstructor': isArray, prototype, from, of, [Symbol.species]
    
 (a634d11c)
2020-10-26T10:02:33.0970293+01:00  [ERR] ERROR in app/faq-kategori/faq-kategori.component.ts:21:17 - error TS1109: Expression expected.

21         f:Array<> = this.alleFaq.filter(e => e.kategori.kategoriNavn === this.kategori)
                   ~
app/faq-kategori/faq-kategori.component.ts:21:19 - error TS1109: Expression expected.

21         f:Array<> = this.alleFaq.filter(e => e.kategori.kategoriNavn === this.kategori)
                     ~

 (1c357c67)
2020-10-26T10:02:34.4219687+01:00  [ERR] ERROR in app/faq-kategori/faq-kategori.component.ts:21:22 - error TS1109: Expression expected.

21         f:Array<any> = this.alleFaq.filter(e => e.kategori.kategoriNavn === this.kategori)
                        ~

 (9c6d8e11)
2020-10-26T10:02:36.0872495+01:00  [ERR]     ERROR in src/app/faq-kategori/faq-kategori.component.ts(21,17): error TS2693: 'any' only refers to a type, but is being used as a value here.
    
 (cd79471b)
2020-10-26T10:02:49.9203005+01:00  [ERR]     ERROR in src/app/faq-kategori/faq-kategori.component.ts(21,11): error TS2739: Type 'any[]' is missing the following properties from type 'ArrayConstructor': isArray, prototype, from, of, [Symbol.species]
    
 (a634d11c)
2020-10-26T10:02:52.3568683+01:00  [ERR]     ERROR in src/app/faq-kategori/faq-kategori.component.ts(21,12): error TS2739: Type 'any[]' is missing the following properties from type 'ArrayConstructor': isArray, prototype, from, of, [Symbol.species]
    
 (4f03e143)
2020-10-26T10:02:55.6040945+01:00  [ERR]     ERROR in src/app/faq-kategori/faq-kategori.component.ts(21,13): error TS2739: Type 'any[]' is missing the following properties from type 'ArrayConstructor': isArray, prototype, from, of, [Symbol.species]
    
 (0f983345)
2020-10-26T10:02:56.8657922+01:00  [ERR] ERROR in app/faq-kategori/faq-kategori.component.ts:21:9 - error TS1128: Declaration or statement expected.

21         public f: Array = this.alleFaq.filter(e => e.kategori.kategoriNavn === this.kategori)
           ~~~~~~
app/faq-kategori/faq-kategori.component.ts:24:15 - error TS1005: ';' expected.

24     toggle(e) {
                 ~
app/faq-kategori/faq-kategori.component.ts:28:1 - error TS1128: Declaration or statement expected.

28 }
   ~

 (e428d0ca)
2020-10-26T10:02:57.7270718+01:00  [ERR]     ERROR in src/app/faq-kategori/faq-kategori.component.ts(21,19): error TS2314: Generic type 'Array<T>' requires 1 type argument(s).
    src/app/faq-kategori/faq-kategori.component.ts(24,5): error TS2552: Cannot find name 'toggle'. Did you mean 'ontoggle'?
    src/app/faq-kategori/faq-kategori.component.ts(24,12): error TS2304: Cannot find name 'e'.
    src/app/faq-kategori/faq-kategori.component.ts(25,9): error TS2304: Cannot find name 'e'.
    
 (35de56a1)
2020-10-26T10:03:13.4360192+01:00  [ERR] ERROR in app/faq-kategori/faq-kategori.component.ts:15:15 - error TS1005: ';' expected.

15     isExpanded: boolean = false;
                 ~

 (e4af92ac)
2020-10-26T10:03:14.4184806+01:00  [ERR]     ERROR in src/app/faq-kategori/faq-kategori.component.ts(15,5): error TS2304: Cannot find name 'isExpanded'.
    src/app/faq-kategori/faq-kategori.component.ts(27,14): error TS2339: Property 'isExpanded' does not exist on type 'FaqKategoriComponent'.
    src/app/faq-kategori/faq-kategori.component.ts(27,33): error TS2339: Property 'isExpanded' does not exist on type 'FaqKategoriComponent'.
    
 (8cfcead6)
2020-10-26T10:03:17.5895084+01:00  [ERR] ERROR in app/faq-kategori/faq-kategori.component.ts:15:15 - error TS1005: '>' expected.

15     isExpanded: boolean = false;
                 ~

 (2cf8904a)
2020-10-26T10:03:17.8939945+01:00  [ERR]     ERROR in src/app/faq-kategori/faq-kategori.component.ts(13,11): error TS2314: Generic type 'Array<T>' requires 1 type argument(s).
    
 (19a43885)
2020-10-26T10:03:19.0302753+01:00  [ERR]     ERROR in src/app/faq-kategori/faq-kategori.component.ts(15,5): error TS2304: Cannot find name 'isExpanded'.
    src/app/faq-kategori/faq-kategori.component.ts(27,14): error TS2339: Property 'isExpanded' does not exist on type 'FaqKategoriComponent'.
    src/app/faq-kategori/faq-kategori.component.ts(27,33): error TS2339: Property 'isExpanded' does not exist on type 'FaqKategoriComponent'.
    
 (8cfcead6)
2020-10-26T10:03:27.5303963+01:00  [ERR] ERROR in app/faq-kategori/faq-kategori.component.ts:22:14 - error TS1005: ';' expected.

22         svar this.alleFaq.filter(e => e.kategori.kategoriNavn === this.kategori)
                ~~~~

 (55f98b09)
2020-10-26T10:03:28.4476784+01:00  [ERR]     ERROR in src/app/faq-kategori/faq-kategori.component.ts(22,9): error TS2663: Cannot find name 'svar'. Did you mean the instance member 'this.svar'?
    
 (46cd9408)
2020-10-26T10:03:29.5223123+01:00  [ERR]     ERROR in src/app/faq-kategori/faq-kategori.component.ts(22,9): error TS2663: Cannot find name 'svar'. Did you mean the instance member 'this.svar'?
    
 (46cd9408)
2020-10-26T10:03:30.5296759+01:00  [ERR]     ERROR in src/app/faq-kategori/faq-kategori.component.ts(22,9): error TS2663: Cannot find name 'svar'. Did you mean the instance member 'this.svar'?
    
 (46cd9408)
2020-10-26T10:03:34.4706750+01:00  [ERR]     ERROR in src/app/faq-kategori/faq-kategori.component.ts(22,9): error TS2304: Cannot find name 'thissvar'.
    
 (5e41659e)
2020-10-26T10:03:47.5311639+01:00  [ERR]     ERROR in src/app/faq-kategori/faq-kategori.component.ts(23,9): error TS2304: Cannot find name 'cons'.
    
 (5a5a4c6e)
2020-10-26T10:03:50.1711769+01:00  [ERR]     ERROR in src/app/faq-kategori/faq-kategori.component.ts(23,21): error TS2304: Cannot find name 's'.
    
 (d22ce6cb)
2020-10-26T10:03:51.1618794+01:00  [ERR]     ERROR in src/app/faq-kategori/faq-kategori.component.ts(23,21): error TS2663: Cannot find name 'svar'. Did you mean the instance member 'this.svar'?
    
 (034fe422)
2020-10-26T10:03:52.2037162+01:00  [ERR]     ERROR in src/app/faq-kategori/faq-kategori.component.ts(23,21): error TS2663: Cannot find name 'svar'. Did you mean the instance member 'this.svar'?
    
 (034fe422)
2020-10-26T10:03:53.1662964+01:00  [ERR]     ERROR in src/app/faq-kategori/faq-kategori.component.ts(23,21): error TS2663: Cannot find name 'svar'. Did you mean the instance member 'this.svar'?
    
 (034fe422)
2020-10-26T10:03:56.1187532+01:00  [ERR]     ERROR in src/app/faq-kategori/faq-kategori.component.ts(23,21): error TS2304: Cannot find name 'thissvar'.
    
 (982d9203)
2020-10-26T10:04:58.1198525+01:00  [ERR]     ERROR in src/app/faq-kategori/faq-kategori.component.ts(22,21): error TS2740: Type '<U>(callbackfn: (value: any, index: number, array: any[]) => U, thisArg?: any) => U[]' is missing the following properties from type 'any[]': pop, push, concat, join, and 25 more.
    
 (a615799c)
2020-10-26T10:04:59.6365264+01:00  [ERR] ERROR in app/faq-kategori/faq-kategori.component.ts:22:41 - error TS1109: Expression expected.

22         this.svar = this.alleFaq.map(e =);
                                           ~

 (08f32735)
2020-10-26T10:05:00.3362721+01:00  [ERR]     ERROR in src/app/faq-kategori/faq-kategori.component.ts(22,21): error TS2554: Expected 1-2 arguments, but got 0.
    

 (d66d0c53)
2020-10-26T10:05:00.3761693+01:00  [ERR] ERROR in app/faq-kategori/faq-kategori.component.ts:22:42 - error TS1109: Expression expected.

22         this.svar = this.alleFaq.map(e =>);
                                            ~

 (8f04ab2e)
2020-10-26T10:05:01.4928728+01:00  [ERR] ERROR in app/faq-kategori/faq-kategori.component.ts:22:45 - error TS1003: Identifier expected.

22         this.svar = this.alleFaq.map(e => e.);
                                               ~

 (9b758c93)
2020-10-26T10:05:01.5192960+01:00  [ERR]     ERROR in src/app/faq-kategori/faq-kategori.component.ts(22,38): error TS2304: Cannot find name 'e'.
    
 (1902edfa)
2020-10-26T10:10:05.0902297+01:00  [ERR] ERROR in app/faq-kategori/faq-kategori.component.ts:22:45 - error TS1003: Identifier expected.

22         this.svar = this.alleFaq.map(e => e.);
                                               ~

 (9b758c93)
2020-10-26T10:12:23.4401067+01:00  [ERR]     ERROR in src/app/faq-kategori/faq-kategori.component.ts(22,14): error TS2551: Property 'svare' does not exist on type 'FaqKategoriComponent'. Did you mean 'svar'?
    
 (72d5c3a2)
2020-10-26T10:12:24.6029097+01:00  [ERR]     ERROR in src/app/faq-kategori/faq-kategori.component.ts(22,14): error TS2339: Property 'svarene' does not exist on type 'FaqKategoriComponent'.
    
 (88e75a93)
2020-10-26T10:17:36.4762873+01:00  [ERR]     ERROR in src/app/app.module.ts(11,10): error TS2300: Duplicate identifier 'FaqKategoriComponent'.
    src/app/app.module.ts(12,10): error TS2300: Duplicate identifier 'FaqKategoriComponent'.
    
 (9be94d61)
2020-10-26T10:17:38.9494225+01:00  [ERR]     ERROR in src/app/app.module.ts(12,10): error TS2305: Module '"C:/Users/Budre/source/repos/oblig3/oblig3/ClientApp/src/app/faq-kategori/faq-kategori.component"' has no exported member 'FaqItemComponent'.
    
 (84da75ac)
2020-10-26T10:17:42.0328873+01:00  [ERR]     ERROR in src/app/app.module.ts(12,34): error TS2307: Cannot find module './faq-item/faq-kategori.component'.
    
 (11e5a3f2)
2020-10-26T10:17:49.7112444+01:00  [ERR]     ERROR in src/app/app.module.ts(19,27): error TS2304: Cannot find name 'Fa'.
    
 (18e4b056)
2020-10-26T10:17:52.5596440+01:00  [ERR]     ERROR in src/app/app.module.ts(20,5): error TS2304: Cannot find name 'Fa'.
    
 (5c0dfad8)
2020-10-26T10:17:53.6345100+01:00  [ERR]     ERROR in src/app/app.module.ts(20,5): error TS2304: Cannot find name 'Faq'.
    
 (13fad4ee)
2020-10-26T10:21:15.7560540+01:00  [ERR]     ERROR in src/app/faq-item/faq-item.component.ts(11,22): error TS2304: Cannot find name 'ob'.
    
 (acb1990f)
2020-10-26T10:25:58.6985169+01:00  [ERR] ERROR in ./src/app/faq-item/faq-item.component.scss
Module build failed (from ./node_modules/sass-loader/lib/loader.js):

        ma
       ^
      Property "ma" must be followed by a ':'
      in C:\Users\Budre\source\repos\oblig3\oblig3\ClientApp\src\app\faq-item\faq-item.component.scss (line 9, column 9)
 (2b513449)
2020-10-26T10:26:00.2970355+01:00  [ERR] ERROR in ./src/app/faq-item/faq-item.component.scss
Module build failed (from ./node_modules/sass-loader/lib/loader.js):

        margin: ;
             ^
      Style declaration must contain a value
      in C:\Users\Budre\source\repos\oblig3\oblig3\ClientApp\src\app\faq-item\faq-item.component.scss (line 9, column 15)
 (e77f831d)
2020-10-26T10:26:39.0628460+01:00  [ERR] ERROR in ./src/app/faq-kategori/faq-kategori.component.scss
Module build failed (from ./node_modules/sass-loader/lib/loader.js):

    margin-bottom: ;
                ^
      Style declaration must contain a value
      in C:\Users\Budre\source\repos\oblig3\oblig3\ClientApp\src\app\faq-kategori\faq-kategori.component.scss (line 4, column 18)
 (704ca459)
2020-10-26T10:32:27.3730959+01:00  [ERR]     ERROR in src/app/faq-item/faq-item.component.ts(16,9): error TS2339: Property 'hentFaq' does not exist on type 'FaqItemComponent'.
    
 (d242ccca)
2020-10-26T10:32:31.4184794+01:00  [ERR]     ERROR in src/app/faq-item/faq-item.component.ts(16,4): error TS2304: Cannot find name 'con'.
    
 (dc02ef7e)
2020-10-26T10:32:50.8755247+01:00  [ERR]     ERROR in src/app/faq-item/faq-item.component.ts(11,18): error TS2304: Cannot find name 'an'.
    
 (3796ec75)
2020-10-26T10:34:52.3107221+01:00  [ERR]     ERROR in src/app/faq-item/faq-item.component.ts(16,21): error TS2339: Property 'svar' does not exist on type 'FaqItemComponent'.
    
 (5e91a24b)
2020-10-26T10:34:53.3988137+01:00  [ERR]     ERROR in src/app/faq-item/faq-item.component.ts(16,21): error TS2339: Property 'svar' does not exist on type 'FaqItemComponent'.
    
 (5e91a24b)
2020-10-26T10:34:54.7800635+01:00  [ERR]     ERROR in src/app/faq-item/faq-item.component.ts(16,21): error TS2339: Property 'svar' does not exist on type 'FaqItemComponent'.
    
 (5e91a24b)
2020-10-26T10:36:43.6307885+01:00  [ERR] ERROR in app/faq-item/faq-item.component.ts:16:31 - error TS1003: Identifier expected.

16  		console.log(this.sporsmaal.);
    		                           ~

 (40c43787)
2020-10-26T10:36:45.8068841+01:00  [ERR]     ERROR in src/app/faq-item/faq-item.component.ts(16,31): error TS2339: Property 'spors' does not exist on type 'Object'.
    
 (f5049afa)
2020-10-26T10:38:10.7026232+01:00  [ERR] ERROR in ./src/styles.scss
Module build failed (from ./node_modules/mini-css-extract-plugin/dist/loader.js):
ModuleBuildError: Module build failed (from ./node_modules/sass-loader/lib/loader.js):

  margin
 ^
      Property "margin" must be followed by a ':'
      in C:\Users\Budre\source\repos\oblig3\oblig3\ClientApp\src\styles.scss (line 26, column 3)
    at C:\Users\Budre\source\repos\oblig3\oblig3\ClientApp\node_modules\webpack\lib\NormalModule.js:313:20
    at C:\Users\Budre\source\repos\oblig3\oblig3\ClientApp\node_modules\loader-runner\lib\LoaderRunner.js:367:11
    at C:\Users\Budre\source\repos\oblig3\oblig3\ClientApp\node_modules\loader-runner\lib\LoaderRunner.js:233:18
    at context.callback (C:\Users\Budre\source\repos\oblig3\oblig3\ClientApp\node_modules\loader-runner\lib\LoaderRunner.js:111:13)
    at Object.callback (C:\Users\Budre\source\repos\oblig3\oblig3\ClientApp\node_modules\sass-loader\lib\loader.js:90:7)
    at Object.done [as callback] (C:\Users\Budre\source\repos\oblig3\oblig3\ClientApp\node_modules\neo-async\async.js:8067:18)
    at options.error (C:\Users\Budre\source\repos\oblig3\oblig3\ClientApp\node_modules\node-sass\lib\index.js:294:32)
 (556df9ea)
2020-10-26T10:38:11.6152177+01:00  [ERR] ERROR in ./src/styles.scss
Module build failed (from ./node_modules/mini-css-extract-plugin/dist/loader.js):
ModuleBuildError: Module build failed (from ./node_modules/sass-loader/lib/loader.js):

  margin-bot
 ^
      Property "margin-bot" must be followed by a ':'
      in C:\Users\Budre\source\repos\oblig3\oblig3\ClientApp\src\styles.scss (line 26, column 3)
    at C:\Users\Budre\source\repos\oblig3\oblig3\ClientApp\node_modules\webpack\lib\NormalModule.js:313:20
    at C:\Users\Budre\source\repos\oblig3\oblig3\ClientApp\node_modules\loader-runner\lib\LoaderRunner.js:367:11
    at C:\Users\Budre\source\repos\oblig3\oblig3\ClientApp\node_modules\loader-runner\lib\LoaderRunner.js:233:18
    at context.callback (C:\Users\Budre\source\repos\oblig3\oblig3\ClientApp\node_modules\loader-runner\lib\LoaderRunner.js:111:13)
    at Object.callback (C:\Users\Budre\source\repos\oblig3\oblig3\ClientApp\node_modules\sass-loader\lib\loader.js:90:7)
    at Object.done [as callback] (C:\Users\Budre\source\repos\oblig3\oblig3\ClientApp\node_modules\neo-async\async.js:8067:18)
    at options.error (C:\Users\Budre\source\repos\oblig3\oblig3\ClientApp\node_modules\node-sass\lib\index.js:294:32)
 (19a0c38b)
2020-10-26T10:38:12.2368742+01:00  [ERR] ERROR in ./src/styles.scss
Module build failed (from ./node_modules/mini-css-extract-plugin/dist/loader.js):
ModuleBuildError: Module build failed (from ./node_modules/sass-loader/lib/loader.js):

  margin-bottom: ;
              ^
      Style declaration must contain a value
      in C:\Users\Budre\source\repos\oblig3\oblig3\ClientApp\src\styles.scss (line 26, column 16)
    at C:\Users\Budre\source\repos\oblig3\oblig3\ClientApp\node_modules\webpack\lib\NormalModule.js:313:20
    at C:\Users\Budre\source\repos\oblig3\oblig3\ClientApp\node_modules\loader-runner\lib\LoaderRunner.js:367:11
    at C:\Users\Budre\source\repos\oblig3\oblig3\ClientApp\node_modules\loader-runner\lib\LoaderRunner.js:233:18
    at context.callback (C:\Users\Budre\source\repos\oblig3\oblig3\ClientApp\node_modules\loader-runner\lib\LoaderRunner.js:111:13)
    at Object.callback (C:\Users\Budre\source\repos\oblig3\oblig3\ClientApp\node_modules\sass-loader\lib\loader.js:90:7)
    at Object.done [as callback] (C:\Users\Budre\source\repos\oblig3\oblig3\ClientApp\node_modules\neo-async\async.js:8067:18)
    at options.error (C:\Users\Budre\source\repos\oblig3\oblig3\ClientApp\node_modules\node-sass\lib\index.js:294:32)
 (5d2b38aa)
2020-10-26T10:40:57.4464876+01:00  [ERR] ERROR in ./src/styles.scss
Module build failed (from ./node_modules/mini-css-extract-plugin/dist/loader.js):
ModuleBuildError: Module build failed (from ./node_modules/sass-loader/lib/loader.js):


^
      Invalid CSS after "section": expected "{", was ""
      in C:\Users\Budre\source\repos\oblig3\oblig3\ClientApp\src\styles.scss (line 83, column 1)
    at C:\Users\Budre\source\repos\oblig3\oblig3\ClientApp\node_modules\webpack\lib\NormalModule.js:313:20
    at C:\Users\Budre\source\repos\oblig3\oblig3\ClientApp\node_modules\loader-runner\lib\LoaderRunner.js:367:11
    at C:\Users\Budre\source\repos\oblig3\oblig3\ClientApp\node_modules\loader-runner\lib\LoaderRunner.js:233:18
    at context.callback (C:\Users\Budre\source\repos\oblig3\oblig3\ClientApp\node_modules\loader-runner\lib\LoaderRunner.js:111:13)
    at Object.callback (C:\Users\Budre\source\repos\oblig3\oblig3\ClientApp\node_modules\sass-loader\lib\loader.js:90:7)
    at Object.done [as callback] (C:\Users\Budre\source\repos\oblig3\oblig3\ClientApp\node_modules\neo-async\async.js:8067:18)
    at options.error (C:\Users\Budre\source\repos\oblig3\oblig3\ClientApp\node_modules\node-sass\lib\index.js:294:32)
 (50d0ba19)
2020-10-26T10:40:57.8904865+01:00  [ERR] ERROR in ./src/styles.scss
Module build failed (from ./node_modules/mini-css-extract-plugin/dist/loader.js):
ModuleBuildError: Module build failed (from ./node_modules/sass-loader/lib/loader.js):


^
      Invalid CSS after "section": expected "{", was ""
      in C:\Users\Budre\source\repos\oblig3\oblig3\ClientApp\src\styles.scss (line 83, column 1)
    at C:\Users\Budre\source\repos\oblig3\oblig3\ClientApp\node_modules\webpack\lib\NormalModule.js:313:20
    at C:\Users\Budre\source\repos\oblig3\oblig3\ClientApp\node_modules\loader-runner\lib\LoaderRunner.js:367:11
    at C:\Users\Budre\source\repos\oblig3\oblig3\ClientApp\node_modules\loader-runner\lib\LoaderRunner.js:233:18
    at context.callback (C:\Users\Budre\source\repos\oblig3\oblig3\ClientApp\node_modules\loader-runner\lib\LoaderRunner.js:111:13)
    at Object.callback (C:\Users\Budre\source\repos\oblig3\oblig3\ClientApp\node_modules\sass-loader\lib\loader.js:90:7)
    at Object.done [as callback] (C:\Users\Budre\source\repos\oblig3\oblig3\ClientApp\node_modules\neo-async\async.js:8067:18)
    at options.error (C:\Users\Budre\source\repos\oblig3\oblig3\ClientApp\node_modules\node-sass\lib\index.js:294:32)
 (50d0ba19)
2020-10-26T10:45:49.8754903+01:00  [INF] Application started. Press Ctrl+C to shut down. (dcaefe54)
2020-10-26T10:45:49.8969266+01:00  [INF] Hosting environment: "Development" (c3307c92)
2020-10-26T10:45:49.9009365+01:00  [INF] Content root path: "C:\Users\Budre\source\repos\oblig3\oblig3" (b5d60022)
2020-10-26T10:52:41.1151334+01:00  [ERR]     ERROR in src/app/faq/faq.component.ts(38,50): error TS2304: Cannot find name 'value'.
    
 (77e00166)
2020-10-26T10:52:42.2893295+01:00  [ERR]     ERROR in src/app/faq/faq.component.ts(38,52): error TS2304: Cannot find name 'value'.
    
 (0355c0be)
2020-10-26T10:52:43.4301667+01:00  [ERR]     ERROR in src/app/faq/faq.component.ts(38,57): error TS2304: Cannot find name 'value'.
    
 (194912e0)
2020-10-26T10:52:47.0339984+01:00  [ERR]     ERROR in src/app/faq/faq.component.ts(38,57): error TS2304: Cannot find name 'curret'.
    
 (202b751a)
2020-10-26T10:53:16.0275689+01:00  [ERR]     ERROR in src/app/faq/faq.component.ts(38,50): error TS2339: Property 'indexOf' does not exist on type 'Window'.
    
 (f698a081)
2020-10-26T10:53:48.7593553+01:00  [ERR] ERROR in app/faq/faq.component.ts:37:38 - error TS1003: Identifier expected.

37     return liste.map(e => e.kategori.)
                                        ~

 (bee63fd2)
2020-10-26T10:57:12.8596126+01:00  [ERR] ERROR in ./src/app/faq-item/faq-item.component.scss
Module build failed (from ./node_modules/sass-loader/lib/loader.js):

    font
   ^
      Property "font" must be followed by a ':'
      in C:\Users\Budre\source\repos\oblig3\oblig3\ClientApp\src\app\faq-item\faq-item.component.scss (line 20, column 5)
 (e4a720c4)
2020-10-26T10:57:14.0067328+01:00  [ERR] ERROR in ./src/app/faq-item/faq-item.component.scss
Module build failed (from ./node_modules/sass-loader/lib/loader.js):

    font-weight: ;
              ^
      Style declaration must contain a value
      in C:\Users\Budre\source\repos\oblig3\oblig3\ClientApp\src\app\faq-item\faq-item.component.scss (line 20, column 16)
 (6617f7ed)
2020-10-26T11:01:43.6018086+01:00  [ERR] ERROR in ./src/app/faq-item/faq-item.component.scss
Module build failed (from ./node_modules/sass-loader/lib/loader.js):

    marign
   ^
      Property "marign" must be followed by a ':'
      in C:\Users\Budre\source\repos\oblig3\oblig3\ClientApp\src\app\faq-item\faq-item.component.scss (line 20, column 5)
 (6df80f6f)
2020-10-26T11:01:44.2740436+01:00  [ERR] ERROR in ./src/app/faq-item/faq-item.component.scss
Module build failed (from ./node_modules/sass-loader/lib/loader.js):

    margin: ;
         ^
      Style declaration must contain a value
      in C:\Users\Budre\source\repos\oblig3\oblig3\ClientApp\src\app\faq-item\faq-item.component.scss (line 20, column 11)
 (75df0672)
2020-10-26T11:01:47.5046994+01:00  [ERR] ERROR in ./src/app/faq-item/faq-item.component.scss
Module build failed (from ./node_modules/sass-loader/lib/loader.js):

    margin;
   ^
      Property "margin" must be followed by a ':'
      in C:\Users\Budre\source\repos\oblig3\oblig3\ClientApp\src\app\faq-item\faq-item.component.scss (line 20, column 5)
 (06430912)
2020-10-26T11:01:48.2231775+01:00  [ERR] ERROR in ./src/app/faq-item/faq-item.component.scss
Module build failed (from ./node_modules/sass-loader/lib/loader.js):

    margin-;
   ^
      Property "margin-" must be followed by a ':'
      in C:\Users\Budre\source\repos\oblig3\oblig3\ClientApp\src\app\faq-item\faq-item.component.scss (line 20, column 5)
 (f8e8aea4)
2020-10-26T11:01:49.9524841+01:00  [ERR] ERROR in ./src/app/faq-item/faq-item.component.scss
Module build failed (from ./node_modules/sass-loader/lib/loader.js):

    margin-left: ;;
              ^
      Style declaration must contain a value
      in C:\Users\Budre\source\repos\oblig3\oblig3\ClientApp\src\app\faq-item\faq-item.component.scss (line 20, column 16)
 (aa8f0bb0)
2020-10-26T11:01:51.3937285+01:00  [ERR] ERROR in ./src/app/faq-item/faq-item.component.scss
Module build failed (from ./node_modules/sass-loader/lib/loader.js):

    margin-left: ;
              ^
      Style declaration must contain a value
      in C:\Users\Budre\source\repos\oblig3\oblig3\ClientApp\src\app\faq-item\faq-item.component.scss (line 20, column 16)
 (2b9b0011)
2020-10-26T11:11:35.1858549+01:00  [ERR] ERROR in ./src/app/faq-item/faq-item.component.scss
Module build failed (from ./node_modules/sass-loader/lib/loader.js):

        margin
       ^
      Property "margin" must be followed by a ':'
      in C:\Users\Budre\source\repos\oblig3\oblig3\ClientApp\src\app\faq-item\faq-item.component.scss (line 10, column 9)
 (5223194f)
2020-10-26T11:11:52.3069019+01:00  [ERR] ERROR in ./src/app/faq-item/faq-item.component.scss
Module build failed (from ./node_modules/sass-loader/lib/loader.js):

        margin
       ^
      Property "margin" must be followed by a ':'
      in C:\Users\Budre\source\repos\oblig3\oblig3\ClientApp\src\app\faq-item\faq-item.component.scss (line 10, column 9)
 (5223194f)
2020-10-26T11:11:53.6602186+01:00  [ERR] ERROR in ./src/app/faq-item/faq-item.component.scss
Module build failed (from ./node_modules/sass-loader/lib/loader.js):

        margin-bottom: ;
                    ^
      Style declaration must contain a value
      in C:\Users\Budre\source\repos\oblig3\oblig3\ClientApp\src\app\faq-item\faq-item.component.scss (line 10, column 22)
 (7f0227e1)
2020-10-26T11:12:42.4000548+01:00  [ERR] ERROR in ./src/app/faq-item/faq-item.component.scss
Module build failed (from ./node_modules/sass-loader/lib/loader.js):

}
^
      Invalid CSS after "}": expected 1 selector or at-rule, was "."
      in C:\Users\Budre\source\repos\oblig3\oblig3\ClientApp\src\app\faq-item\faq-item.component.scss (line 17, column 2)
 (ec47d512)
2020-10-26T11:12:46.7531122+01:00  [ERR] ERROR in ./src/app/faq-item/faq-item.component.scss
Module build failed (from ./node_modules/sass-loader/lib/loader.js):

    p
   ^
      Property "p" must be followed by a ':'
      in C:\Users\Budre\source\repos\oblig3\oblig3\ClientApp\src\app\faq-item\faq-item.component.scss (line 21, column 5)
 (4a9fedbb)
2020-10-26T11:13:56.8438135+01:00  [ERR] ERROR in ./src/app/faq-item/faq-item.component.scss
Module build failed (from ./node_modules/sass-loader/lib/loader.js):

        margin-top: .em;
                   ^
      Invalid CSS after "...    margin-top:": expected expression (e.g. 1px, bold), was ".em;"
      in C:\Users\Budre\source\repos\oblig3\oblig3\ClientApp\src\app\faq-item\faq-item.component.scss (line 22, column 21)
 (78223570)
2020-10-26T11:29:40.0386394+01:00  [ERR] ERROR in ./src/app/faq-item/faq-item.component.scss
Module build failed (from ./node_modules/sass-loader/lib/loader.js):


^
      Invalid CSS after ".rt": expected "{", was ""
      in C:\Users\Budre\source\repos\oblig3\oblig3\ClientApp\src\app\faq-item\faq-item.component.scss (line 35, column 1)
 (92daab90)
2020-10-26T11:29:41.1127141+01:00  [ERR] ERROR in ./src/app/faq-item/faq-item.component.scss
Module build failed (from ./node_modules/sass-loader/lib/loader.js):


^
      Invalid CSS after ".ra": expected "{", was ""
      in C:\Users\Budre\source\repos\oblig3\oblig3\ClientApp\src\app\faq-item\faq-item.component.scss (line 35, column 1)
 (9c57ad3d)
2020-10-26T11:29:42.2182281+01:00  [ERR] ERROR in ./src/app/faq-item/faq-item.component.scss
Module build failed (from ./node_modules/sass-loader/lib/loader.js):


^
      Invalid CSS after ".rating": expected "{", was ""
      in C:\Users\Budre\source\repos\oblig3\oblig3\ClientApp\src\app\faq-item\faq-item.component.scss (line 35, column 1)
 (7a74d749)
2020-10-26T11:29:44.7840660+01:00  [ERR] ERROR in ./src/app/faq-item/faq-item.component.scss
Module build failed (from ./node_modules/sass-loader/lib/loader.js):

    dis
   ^
      Property "dis" must be followed by a ':'
      in C:\Users\Budre\source\repos\oblig3\oblig3\ClientApp\src\app\faq-item\faq-item.component.scss (line 35, column 5)
 (a02b23b6)
2020-10-26T11:29:45.6463238+01:00  [ERR] ERROR in ./src/app/faq-item/faq-item.component.scss
Module build failed (from ./node_modules/sass-loader/lib/loader.js):

    displa
   ^
      Property "displa" must be followed by a ':'
      in C:\Users\Budre\source\repos\oblig3\oblig3\ClientApp\src\app\faq-item\faq-item.component.scss (line 35, column 5)
 (45d36153)
2020-10-26T11:29:46.3042659+01:00  [ERR] ERROR in ./src/app/faq-item/faq-item.component.scss
Module build failed (from ./node_modules/sass-loader/lib/loader.js):

    display: ;
          ^
      Style declaration must contain a value
      in C:\Users\Budre\source\repos\oblig3\oblig3\ClientApp\src\app\faq-item\faq-item.component.scss (line 35, column 12)
 (de4b2a61)
2020-10-26T11:39:28.7122892+01:00  [ERR] ERROR in ./src/app/faq-item/faq-item.component.scss
Module build failed (from ./node_modules/sass-loader/lib/loader.js):

    sp
   ^
      Property "sp" must be followed by a ':'
      in C:\Users\Budre\source\repos\oblig3\oblig3\ClientApp\src\app\faq-item\faq-item.component.scss (line 35, column 5)
 (2643c675)
2020-10-26T11:39:29.4211825+01:00  [ERR] ERROR in ./src/app/faq-item/faq-item.component.scss
Module build failed (from ./node_modules/sass-loader/lib/loader.js):

    span
   ^
      Property "span" must be followed by a ':'
      in C:\Users\Budre\source\repos\oblig3\oblig3\ClientApp\src\app\faq-item\faq-item.component.scss (line 35, column 5)
 (736bbbcb)
2020-10-26T11:39:33.0425775+01:00  [ERR] ERROR in ./src/app/faq-item/faq-item.component.scss
Module build failed (from ./node_modules/sass-loader/lib/loader.js):

        font
       ^
      Property "font" must be followed by a ':'
      in C:\Users\Budre\source\repos\oblig3\oblig3\ClientApp\src\app\faq-item\faq-item.component.scss (line 36, column 9)
 (d2b9b72d)
2020-10-26T11:39:34.1041192+01:00  [ERR] ERROR in ./src/app/faq-item/faq-item.component.scss
Module build failed (from ./node_modules/sass-loader/lib/loader.js):

        font-si
       ^
      Property "font-si" must be followed by a ':'
      in C:\Users\Budre\source\repos\oblig3\oblig3\ClientApp\src\app\faq-item\faq-item.component.scss (line 36, column 9)
 (d8308a48)
2020-10-26T11:39:34.6740063+01:00  [ERR] ERROR in ./src/app/faq-item/faq-item.component.scss
Module build failed (from ./node_modules/sass-loader/lib/loader.js):

        font-size: ;
                ^
      Style declaration must contain a value
      in C:\Users\Budre\source\repos\oblig3\oblig3\ClientApp\src\app\faq-item\faq-item.component.scss (line 36, column 18)
 (b2e446ff)
2020-10-26T11:40:36.2552903+01:00  [ERR] ERROR in ./src/app/faq-item/faq-item.component.scss
Module build failed (from ./node_modules/sass-loader/lib/loader.js):

        display: ;
              ^
      Style declaration must contain a value
      in C:\Users\Budre\source\repos\oblig3\oblig3\ClientApp\src\app\faq-item\faq-item.component.scss (line 36, column 16)
 (6a888727)
2020-10-26T11:40:38.5972203+01:00  [ERR] ERROR in ./src/app/faq-item/faq-item.component.scss
Module build failed (from ./node_modules/sass-loader/lib/loader.js):

        a
       ^
      Property "a" must be followed by a ':'
      in C:\Users\Budre\source\repos\oblig3\oblig3\ClientApp\src\app\faq-item\faq-item.component.scss (line 37, column 9)
 (4b3f9132)
2020-10-26T11:40:39.6184445+01:00  [ERR] ERROR in ./src/app/faq-item/faq-item.component.scss
Module build failed (from ./node_modules/sass-loader/lib/loader.js):

        align
       ^
      Property "align" must be followed by a ':'
      in C:\Users\Budre\source\repos\oblig3\oblig3\ClientApp\src\app\faq-item\faq-item.component.scss (line 37, column 9)
 (e961903f)
2020-10-26T11:40:40.3053686+01:00  [ERR] ERROR in ./src/app/faq-item/faq-item.component.scss
Module build failed (from ./node_modules/sass-loader/lib/loader.js):

        align-items: ;
                  ^
      Style declaration must contain a value
      in C:\Users\Budre\source\repos\oblig3\oblig3\ClientApp\src\app\faq-item\faq-item.component.scss (line 37, column 20)
 (16c3d23b)
2020-10-26T11:40:43.2589513+01:00  [ERR] ERROR in ./src/app/faq-item/faq-item.component.scss
Module build failed (from ./node_modules/sass-loader/lib/loader.js):

        justi
       ^
      Property "justi" must be followed by a ':'
      in C:\Users\Budre\source\repos\oblig3\oblig3\ClientApp\src\app\faq-item\faq-item.component.scss (line 38, column 9)
 (b52aa433)
2020-10-26T11:40:44.0617003+01:00  [ERR] ERROR in ./src/app/faq-item/faq-item.component.scss
Module build failed (from ./node_modules/sass-loader/lib/loader.js):

        justify-content: ;
                      ^
      Style declaration must contain a value
      in C:\Users\Budre\source\repos\oblig3\oblig3\ClientApp\src\app\faq-item\faq-item.component.scss (line 38, column 24)
 (066ca1e9)
2020-10-26T11:44:41.4184540+01:00  [ERR] ERROR in ./src/app/faq-item/faq-item.component.scss
Module build failed (from ./node_modules/sass-loader/lib/loader.js):

        button
       ^
      Property "button" must be followed by a ':'
      in C:\Users\Budre\source\repos\oblig3\oblig3\ClientApp\src\app\faq-item\faq-item.component.scss (line 39, column 9)
 (338421df)
2020-10-26T11:44:42.8195722+01:00  [ERR] ERROR in ./src/app/faq-item/faq-item.component.scss
Module build failed (from ./node_modules/sass-loader/lib/loader.js):

        button:
              ^
      Invalid CSS after "        button:": expected expression (e.g. 1px, bold), was "}"
      in C:\Users\Budre\source\repos\oblig3\oblig3\ClientApp\src\app\faq-item\faq-item.component.scss (line 39, column 16)
 (51fb18e1)
2020-10-26T11:44:49.9431066+01:00  [ERR] ERROR in ./src/app/faq-item/faq-item.component.scss
Module build failed (from ./node_modules/sass-loader/lib/loader.js):

        align-items: center;
                           ^
      Invalid CSS after "...-items: center;": expected "}", was "&"
      in C:\Users\Budre\source\repos\oblig3\oblig3\ClientApp\src\app\faq-item\faq-item.component.scss (line 37, column 29)
 (06a1390b)
2020-10-26T11:44:51.5274112+01:00  [ERR] ERROR in ./src/app/faq-item/faq-item.component.scss
Module build failed (from ./node_modules/sass-loader/lib/loader.js):

        align-items: center;
                           ^
      Invalid CSS after "...-items: center;": expected "}", was "&:firs"
      in C:\Users\Budre\source\repos\oblig3\oblig3\ClientApp\src\app\faq-item\faq-item.component.scss (line 37, column 29)
 (f834cce4)
2020-10-26T11:44:53.0386498+01:00  [ERR] ERROR in ./src/app/faq-item/faq-item.component.scss
Module build failed (from ./node_modules/sass-loader/lib/loader.js):

        align-items: center;
                           ^
      Invalid CSS after "...-items: center;": expected "}", was "&:first-child"
      in C:\Users\Budre\source\repos\oblig3\oblig3\ClientApp\src\app\faq-item\faq-item.component.scss (line 37, column 29)
 (f5e06c7f)
2020-10-26T11:44:55.1084212+01:00  [ERR] ERROR in ./src/app/faq-item/faq-item.component.scss
Module build failed (from ./node_modules/sass-loader/lib/loader.js):

            alig
           ^
      Property "alig" must be followed by a ':'
      in C:\Users\Budre\source\repos\oblig3\oblig3\ClientApp\src\app\faq-item\faq-item.component.scss (line 40, column 13)
 (3d185365)
2020-10-26T11:44:56.9076146+01:00  [ERR] ERROR in ./src/app/faq-item/faq-item.component.scss
Module build failed (from ./node_modules/sass-loader/lib/loader.js):

            align-self: ;
                     ^
      Style declaration must contain a value
      in C:\Users\Budre\source\repos\oblig3\oblig3\ClientApp\src\app\faq-item\faq-item.component.scss (line 40, column 23)
 (3e809efc)
2020-10-26T11:45:17.7900473+01:00  [ERR] ERROR in ./src/app/faq-item/faq-item.component.scss
Module build failed (from ./node_modules/sass-loader/lib/loader.js):

        }
        ^
      Invalid CSS after "        }": expected "}", was "&"
      in C:\Users\Budre\source\repos\oblig3\oblig3\ClientApp\src\app\faq-item\faq-item.component.scss (line 41, column 10)
 (69404ff1)
2020-10-26T11:45:18.9085782+01:00  [ERR] ERROR in ./src/app/faq-item/faq-item.component.scss
Module build failed (from ./node_modules/sass-loader/lib/loader.js):

        }
        ^
      Invalid CSS after "        }": expected "}", was "&:las"
      in C:\Users\Budre\source\repos\oblig3\oblig3\ClientApp\src\app\faq-item\faq-item.component.scss (line 41, column 10)
 (1018818a)
2020-10-26T11:45:19.9830356+01:00  [ERR] ERROR in ./src/app/faq-item/faq-item.component.scss
Module build failed (from ./node_modules/sass-loader/lib/loader.js):

        }
        ^
      Invalid CSS after "        }": expected "}", was "&:last-child"
      in C:\Users\Budre\source\repos\oblig3\oblig3\ClientApp\src\app\faq-item\faq-item.component.scss (line 41, column 10)
 (135f8cc7)
2020-10-26T11:45:22.3903928+01:00  [ERR] ERROR in ./src/app/faq-item/faq-item.component.scss
Module build failed (from ./node_modules/sass-loader/lib/loader.js):

            align
           ^
      Property "align" must be followed by a ':'
      in C:\Users\Budre\source\repos\oblig3\oblig3\ClientApp\src\app\faq-item\faq-item.component.scss (line 43, column 13)
 (828ad67c)
2020-10-26T11:45:23.0216636+01:00  [ERR] ERROR in ./src/app/faq-item/faq-item.component.scss
Module build failed (from ./node_modules/sass-loader/lib/loader.js):

            align-self: ;
                     ^
      Style declaration must contain a value
      in C:\Users\Budre\source\repos\oblig3\oblig3\ClientApp\src\app\faq-item\faq-item.component.scss (line 43, column 23)
 (0150c2d9)
2020-10-26T11:47:37.9733927+01:00  [ERR] ERROR in ./src/app/faq-item/faq-item.component.scss
Module build failed (from ./node_modules/sass-loader/lib/loader.js):

            padding: ;
                  ^
      Style declaration must contain a value
      in C:\Users\Budre\source\repos\oblig3\oblig3\ClientApp\src\app\faq-item\faq-item.component.scss (line 39, column 20)
 (99763578)
2020-10-26T11:48:51.3249971+01:00  [ERR] ERROR in ./src/app/faq-item/faq-item.component.scss
Module build failed (from ./node_modules/sass-loader/lib/loader.js):

            display: ;
                  ^
      Style declaration must contain a value
      in C:\Users\Budre\source\repos\oblig3\oblig3\ClientApp\src\app\faq-item\faq-item.component.scss (line 39, column 20)
 (010f97ba)
2020-10-26T11:49:08.0068135+01:00  [ERR] ERROR in ./src/app/faq-item/faq-item.component.scss
Module build failed (from ./node_modules/sass-loader/lib/loader.js):

            justify-content: ;
                          ^
      Style declaration must contain a value
      in C:\Users\Budre\source\repos\oblig3\oblig3\ClientApp\src\app\faq-item\faq-item.component.scss (line 41, column 28)
 (6d95fb5b)
2020-10-26T11:49:46.2123371+01:00  [ERR] ERROR in ./src/app/faq-item/faq-item.component.scss
Module build failed (from ./node_modules/sass-loader/lib/loader.js):

        pa
       ^
      Property "pa" must be followed by a ':'
      in C:\Users\Budre\source\repos\oblig3\oblig3\ClientApp\src\app\faq-item\faq-item.component.scss (line 54, column 9)
 (051d89b2)
2020-10-26T11:49:47.4971264+01:00  [ERR] ERROR in ./src/app/faq-item/faq-item.component.scss
Module build failed (from ./node_modules/sass-loader/lib/loader.js):

        padding
       ^
      Property "padding" must be followed by a ':'
      in C:\Users\Budre\source\repos\oblig3\oblig3\ClientApp\src\app\faq-item\faq-item.component.scss (line 54, column 9)
 (a9e847e4)
2020-10-26T11:49:47.9847527+01:00  [ERR] ERROR in ./src/app/faq-item/faq-item.component.scss
Module build failed (from ./node_modules/sass-loader/lib/loader.js):

        padding: ;
              ^
      Style declaration must contain a value
      in C:\Users\Budre\source\repos\oblig3\oblig3\ClientApp\src\app\faq-item\faq-item.component.scss (line 54, column 16)
 (a9ac00e5)
2020-10-26T11:49:50.1098734+01:00  [ERR] ERROR in ./src/app/faq-item/faq-item.component.scss
Module build failed (from ./node_modules/sass-loader/lib/loader.js):

        padding: .;
                ^
      Invalid CSS after "        padding:": expected expression (e.g. 1px, bold), was ".;"
      in C:\Users\Budre\source\repos\oblig3\oblig3\ClientApp\src\app\faq-item\faq-item.component.scss (line 54, column 18)
 (fd1a833a)
2020-10-26T11:53:45.9650553+01:00  [ERR] ERROR in ./src/app/faq-item/faq-item.component.scss
Module build failed (from ./node_modules/sass-loader/lib/loader.js):

            marign
           ^
      Property "marign" must be followed by a ':'
      in C:\Users\Budre\source\repos\oblig3\oblig3\ClientApp\src\app\faq-item\faq-item.component.scss (line 48, column 13)
 (5bb82ed8)
2020-10-26T11:53:47.8691082+01:00  [ERR] ERROR in ./src/app/faq-item/faq-item.component.scss
Module build failed (from ./node_modules/sass-loader/lib/loader.js):

            margin-top: ;
                     ^
      Style declaration must contain a value
      in C:\Users\Budre\source\repos\oblig3\oblig3\ClientApp\src\app\faq-item\faq-item.component.scss (line 48, column 23)
 (2e7765ed)
2020-10-26T11:55:18.1719972+01:00  [ERR] ERROR in ./src/app/faq-item/faq-item.component.scss
Module build failed (from ./node_modules/sass-loader/lib/loader.js):

        ma
       ^
      Property "ma" must be followed by a ':'
      in C:\Users\Budre\source\repos\oblig3\oblig3\ClientApp\src\app\faq-item\faq-item.component.scss (line 36, column 9)
 (93f64511)
2020-10-26T11:55:20.8602922+01:00  [ERR] ERROR in ./src/app/faq-item/faq-item.component.scss
Module build failed (from ./node_modules/sass-loader/lib/loader.js):

        margin-bottom: ;
                    ^
      Style declaration must contain a value
      in C:\Users\Budre\source\repos\oblig3\oblig3\ClientApp\src\app\faq-item\faq-item.component.scss (line 36, column 22)
 (b5280869)
2020-10-26T11:55:52.9926539+01:00  [ERR] ERROR in ./src/app/faq-item/faq-item.component.scss
Module build failed (from ./node_modules/sass-loader/lib/loader.js):

        font
       ^
      Property "font" must be followed by a ':'
      in C:\Users\Budre\source\repos\oblig3\oblig3\ClientApp\src\app\faq-item\faq-item.component.scss (line 37, column 9)
 (ba56b495)
2020-10-26T11:55:54.4323262+01:00  [ERR] ERROR in ./src/app/faq-item/faq-item.component.scss
Module build failed (from ./node_modules/sass-loader/lib/loader.js):

        font-size: ;
                ^
      Style declaration must contain a value
      in C:\Users\Budre\source\repos\oblig3\oblig3\ClientApp\src\app\faq-item\faq-item.component.scss (line 37, column 18)
 (d4b1f53e)
2020-10-26T11:56:26.9577135+01:00  [ERR] ERROR in ./src/app/faq-item/faq-item.component.scss
Module build failed (from ./node_modules/sass-loader/lib/loader.js):

        color: ;
            ^
      Style declaration must contain a value
      in C:\Users\Budre\source\repos\oblig3\oblig3\ClientApp\src\app\faq-item\faq-item.component.scss (line 38, column 14)
 (92f25e67)
2020-10-26T11:56:28.0850102+01:00  [ERR] ERROR in ./src/app/faq-item/faq-item.component.scss
Module build failed (from ./node_modules/sass-loader/lib/loader.js):

        color: #;
              ^
      Invalid CSS after "        color:": expected expression (e.g. 1px, bold), was "#;"
      in C:\Users\Budre\source\repos\oblig3\oblig3\ClientApp\src\app\faq-item\faq-item.component.scss (line 38, column 16)
 (ef6a0c26)
2020-10-26T11:56:30.2049446+01:00  [ERR] ERROR in ./src/app/faq-item/faq-item.component.scss
Module build failed (from ./node_modules/sass-loader/lib/loader.js):

        color:;
            ^
      Style declaration must contain a value
      in C:\Users\Budre\source\repos\oblig3\oblig3\ClientApp\src\app\faq-item\faq-item.component.scss (line 38, column 14)
 (e9f043a3)
2020-10-26T11:56:44.7901890+01:00  [ERR] ERROR in ./src/app/faq-item/faq-item.component.scss
Module build failed (from ./node_modules/sass-loader/lib/loader.js):

        color: ;
            ^
      Style declaration must contain a value
      in C:\Users\Budre\source\repos\oblig3\oblig3\ClientApp\src\app\faq-item\faq-item.component.scss (line 38, column 14)
 (92f25e67)
2020-10-26T11:56:46.3091627+01:00  [ERR] ERROR in ./src/app/faq-item/faq-item.component.scss
Module build failed (from ./node_modules/sass-loader/lib/loader.js):

        color: #;
              ^
      Invalid CSS after "        color:": expected expression (e.g. 1px, bold), was "#;"
      in C:\Users\Budre\source\repos\oblig3\oblig3\ClientApp\src\app\faq-item\faq-item.component.scss (line 38, column 16)
 (ef6a0c26)
2020-10-26T11:56:49.9804082+01:00  [ERR] ERROR in ./src/app/faq-item/faq-item.component.scss
Module build failed (from ./node_modules/sass-loader/lib/loader.js):

        color: ;
            ^
      Style declaration must contain a value
      in C:\Users\Budre\source\repos\oblig3\oblig3\ClientApp\src\app\faq-item\faq-item.component.scss (line 38, column 14)
 (92f25e67)
2020-10-26T11:56:55.4424264+01:00  [ERR] ERROR in ./src/app/faq-item/faq-item.component.scss
Module build failed (from ./node_modules/sass-loader/lib/loader.js):

        opacity: ;
              ^
      Style declaration must contain a value
      in C:\Users\Budre\source\repos\oblig3\oblig3\ClientApp\src\app\faq-item\faq-item.component.scss (line 38, column 16)
 (a95cef5b)
2020-10-26T11:56:56.7528184+01:00  [ERR] ERROR in ./src/app/faq-item/faq-item.component.scss
Module build failed (from ./node_modules/sass-loader/lib/loader.js):

        opacity: .;
                ^
      Invalid CSS after "        opacity:": expected expression (e.g. 1px, bold), was ".;"
      in C:\Users\Budre\source\repos\oblig3\oblig3\ClientApp\src\app\faq-item\faq-item.component.scss (line 38, column 18)
 (1cad9bb6)
2020-10-26T11:57:36.7961383+01:00  [ERR] ERROR in ./src/app/faq-item/faq-item.component.scss
Module build failed (from ./node_modules/sass-loader/lib/loader.js):

    margin-top: ;
             ^
      Style declaration must contain a value
      in C:\Users\Budre\source\repos\oblig3\oblig3\ClientApp\src\app\faq-item\faq-item.component.scss (line 35, column 15)
 (bda66852)
2020-10-26T11:59:07.8470121+01:00  [ERR] ERROR in ./src/app/faq-item/faq-item.component.scss
Module build failed (from ./node_modules/sass-loader/lib/loader.js):

    margin-bottom: ;
                ^
      Style declaration must contain a value
      in C:\Users\Budre\source\repos\oblig3\oblig3\ClientApp\src\app\faq-item\faq-item.component.scss (line 36, column 18)
 (363f3a19)
2020-10-26T12:04:50.4261170+01:00  [ERR] ERROR in app/faq-item/faq-item.component.ts:14:13 - error TS1005: ';' expected.

14  	isExpanded: boolean = false;
    	          ~

 (2c7bf4c9)
2020-10-26T12:04:50.9774897+01:00  [ERR]     ERROR in src/app/faq-item/faq-item.component.ts(14,3): error TS2304: Cannot find name 'isExpanded'.
    src/app/faq-item/faq-item.component.ts(22,9): error TS2339: Property 'isExpanded' does not exist on type 'FaqItemComponent'.
    src/app/faq-item/faq-item.component.ts(22,28): error TS2339: Property 'isExpanded' does not exist on type 'FaqItemComponent'.
    src/app/faq-item/faq-item.component.ts(23,21): error TS2339: Property 'isExpanded' does not exist on type 'FaqItemComponent'.
    
 (03509cc3)
2020-10-26T12:04:51.2983547+01:00  [ERR] ERROR in app/faq-item/faq-item.component.ts:14:13 - error TS1005: ';' expected.

14  	isExpanded: boolean = false;
    	          ~

 (2c7bf4c9)
2020-10-26T12:04:51.9671893+01:00  [ERR]     ERROR in src/app/faq-item/faq-item.component.ts(14,3): error TS2304: Cannot find name 'isExpanded'.
    src/app/faq-item/faq-item.component.ts(22,9): error TS2339: Property 'isExpanded' does not exist on type 'FaqItemComponent'.
    src/app/faq-item/faq-item.component.ts(22,28): error TS2339: Property 'isExpanded' does not exist on type 'FaqItemComponent'.
    src/app/faq-item/faq-item.component.ts(23,21): error TS2339: Property 'isExpanded' does not exist on type 'FaqItemComponent'.
    
 (03509cc3)
2020-10-26T12:04:55.6413996+01:00  [ERR] ERROR in app/faq-item/faq-item.component.ts:14:13 - error TS1005: ';' expected.

14  	isExpanded: boolean = false;
    	          ~

 (2c7bf4c9)
2020-10-26T12:04:56.1267644+01:00  [ERR]     ERROR in src/app/faq-item/faq-item.component.ts(14,3): error TS2304: Cannot find name 'isExpanded'.
    src/app/faq-item/faq-item.component.ts(22,9): error TS2339: Property 'isExpanded' does not exist on type 'FaqItemComponent'.
    src/app/faq-item/faq-item.component.ts(22,28): error TS2339: Property 'isExpanded' does not exist on type 'FaqItemComponent'.
    src/app/faq-item/faq-item.component.ts(23,21): error TS2339: Property 'isExpanded' does not exist on type 'FaqItemComponent'.
    
 (03509cc3)
2020-10-26T12:04:58.1775942+01:00  [ERR] ERROR in app/faq-item/faq-item.component.ts:12:11 - error TS1127: Invalid character.

12  	likes: m\
    	        

 (f635d49f)
2020-10-26T12:04:58.7164885+01:00  [ERR]     ERROR in src/app/faq-item/faq-item.component.ts(12,10): error TS2304: Cannot find name 'm'.
    
 (15ffc708)
2020-10-26T12:05:00.4314752+01:00  [ERR]     ERROR in src/app/faq-item/faq-item.component.ts(12,10): error TS2304: Cannot find name 'num'.
    
 (3067ddf8)
2020-10-26T12:05:13.3698210+01:00  [ERR]     ERROR in src/app/faq-item/faq-item.component.ts(17,9): error TS2339: Property 'sp' does not exist on type 'FaqItemComponent'.
    
 (33cd9f9a)
2020-10-26T12:05:17.6830808+01:00  [ERR]     ERROR in src/app/faq-item/faq-item.component.ts(17,9): error TS2551: Property 'sporsmaa' does not exist on type 'FaqItemComponent'. Did you mean 'sporsmaal'?
    
 (0a7d8af8)
2020-10-26T12:05:20.8745192+01:00  [ERR] ERROR in app/faq-item/faq-item.component.ts:18:3 - error TS1109: Expression expected.

18  	}
    	~

 (9b424423)
2020-10-26T12:05:23.0518184+01:00  [ERR]     ERROR in src/app/faq-item/faq-item.component.ts(17,22): error TS2339: Property 's' does not exist on type 'FaqItemComponent'.
    
 (98eae220)
2020-10-26T12:07:36.0272455+01:00  [ERR] ERROR in app/faq-item/faq-item.component.ts:15:13 - error TS1005: ';' expected.

15  	isExpanded: boolean = false;
    	          ~

 (04f7ebf4)
2020-10-26T12:07:36.5612334+01:00  [ERR]     ERROR in src/app/faq-item/faq-item.component.ts(15,3): error TS2304: Cannot find name 'isExpanded'.
    src/app/faq-item/faq-item.component.ts(23,9): error TS2339: Property 'isExpanded' does not exist on type 'FaqItemComponent'.
    src/app/faq-item/faq-item.component.ts(23,28): error TS2339: Property 'isExpanded' does not exist on type 'FaqItemComponent'.
    src/app/faq-item/faq-item.component.ts(24,21): error TS2339: Property 'isExpanded' does not exist on type 'FaqItemComponent'.
    
 (0c14944a)
2020-10-26T12:08:40.4875541+01:00  [ERR] ERROR in app/faq-item/faq-item.component.ts:29:3 - error TS1005: '(' expected.

29  	}
    	~

 (c1f820b9)
2020-10-26T12:08:41.4582263+01:00  [ERR] ERROR in app/faq-item/faq-item.component.ts:29:3 - error TS1005: '(' expected.

29  	}
    	~

 (c1f820b9)
2020-10-26T12:08:44.2983590+01:00  [ERR] ERROR in app/faq-item/faq-item.component.ts:28:8 - error TS1109: Expression expected.

28  		if ()
    		    ~
app/faq-item/faq-item.component.ts:29:3 - error TS1109: Expression expected.

29  	}
    	~

 (352059e8)
2020-10-26T12:08:45.2808092+01:00  [ERR] ERROR in app/faq-item/faq-item.component.ts:29:3 - error TS1109: Expression expected.

29  	}
    	~

 (1eb5a166)
2020-10-26T12:08:45.8788319+01:00  [ERR]     ERROR in src/app/faq-item/faq-item.component.ts(28,8): error TS2304: Cannot find name 'har'.
    
 (5ef05e5e)
2020-10-26T12:08:46.0544395+01:00  [ERR] ERROR in app/faq-item/faq-item.component.ts:29:3 - error TS1109: Expression expected.

29  	}
    	~

 (1eb5a166)
2020-10-26T12:08:49.0842679+01:00  [ERR] ERROR in app/faq-item/faq-item.component.ts:29:3 - error TS1109: Expression expected.

29  	}
    	~

 (1eb5a166)
2020-10-26T12:08:52.6718869+01:00  [ERR] ERROR in app/faq-item/faq-item.component.ts:29:3 - error TS1109: Expression expected.

29  	}
    	~

 (1eb5a166)
2020-10-26T12:11:14.3332837+01:00  [ERR]     ERROR in src/app/faq-item/faq-item.component.ts(29,5): error TS2663: Cannot find name 'likes'. Did you mean the instance member 'this.likes'?
    
 (2f4a2ead)
2020-10-26T12:11:18.0057646+01:00  [ERR] ERROR in app/faq-item/faq-item.component.ts:30:4 - error TS1109: Expression expected.

30  		}
    		~

 (12cde7d6)
2020-10-26T12:11:18.5057504+01:00  [ERR] ERROR in app/faq-item/faq-item.component.ts:30:4 - error TS1109: Expression expected.

30  		}
    		~

 (12cde7d6)
2020-10-26T12:11:30.2567709+01:00  [ERR]     ERROR in src/app/faq-item/faq-item.component.ts(30,5): error TS2304: Cannot find name 'har'.
    
 (74fe43f2)
2020-10-26T13:34:48.4912668+01:00  [ERR]     ERROR in src/app/faq-item/faq-item.component.ts(28,13): error TS2339: Property 'harPressetKnapp' does not exist on type 'FaqItemComponent'.
    src/app/faq-item/faq-item.component.ts(30,10): error TS2339: Property 'harPressetKnapp' does not exist on type 'FaqItemComponent'.
    
 (a56199ab)
2020-10-26T13:34:52.8346552+01:00  [ERR]     ERROR in src/app/faq-item/faq-item.component.ts(30,10): error TS2339: Property 'harPressetKnapp' does not exist on type 'FaqItemComponent'.
    
 (2cb304c3)
2020-10-26T13:35:21.0689825+01:00  [ERR]     ERROR in src/app/faq-item/faq-item.component.ts(14,3): error TS2300: Duplicate identifier 'harPressetLikeKnapp'.
    
 (6edc5691)
2020-10-26T13:36:19.8267694+01:00  [ERR] ERROR in app/faq-item/faq-item.component.ts:37:3 - error TS1109: Expression expected.

37  	}
    	~

 (638fabba)
2020-10-26T13:36:32.2088328+01:00  [ERR]     ERROR in src/app/faq-item/faq-item.component.ts(36,13): error TS2551: Property 'harPressetlikeKnapp' does not exist on type 'FaqItemComponent'. Did you mean 'harPressetLikeKnapp'?
    
 (420bda93)
2020-10-26T13:37:18.7222488+01:00  [ERR]     ERROR in src/app/faq-item/faq-item.component.ts(37,10): error TS2339: Property 'li' does not exist on type 'FaqItemComponent'.
    
 (75576d6c)
2020-10-26T13:37:21.0771066+01:00  [ERR] ERROR in app/faq-item/faq-item.component.ts:38:4 - error TS1109: Expression expected.

38  		}
    		~

 (a72a619f)
2020-10-26T13:37:21.8024173+01:00  [ERR] ERROR in app/faq-item/faq-item.component.ts:38:4 - error TS1109: Expression expected.

38  		}
    		~

 (a72a619f)
2020-10-26T13:37:31.1916912+01:00  [ERR] ERROR in app/faq-item/faq-item.component.ts:39:4 - error TS1003: Identifier expected.

39  		}
    		~

 (bc4b0752)
2020-10-26T13:37:32.6437312+01:00  [ERR]     ERROR in src/app/faq-item/faq-item.component.ts(38,10): error TS2339: Property 'har' does not exist on type 'FaqItemComponent'.
    
 (4232d015)
2020-10-26T13:42:04.2883823+01:00  [ERR] ERROR in app/faq-item/faq-item.component.ts:33:3 - error TS1109: Expression expected.

33  	}
    	~

 (04df5142)
2020-10-26T13:42:11.8356582+01:00  [ERR]     ERROR in src/app/faq-item/faq-item.component.ts(33,5): error TS2304: Cannot find name 'thi'.
    
 (80f9275f)
2020-10-26T13:42:15.2580581+01:00  [ERR] ERROR in app/faq-item/faq-item.component.ts:34:4 - error TS1109: Expression expected.

34  		}
    		~

 (5301140b)
2020-10-26T13:42:16.7957193+01:00  [ERR] ERROR in app/faq-item/faq-item.component.ts:34:4 - error TS1109: Expression expected.

34  		}
    		~

 (5301140b)
2020-10-26T13:42:39.3610114+01:00  [ERR]     ERROR in src/app/faq-item/faq-item.component.ts(34,10): error TS2339: Property 'har' does not exist on type 'FaqItemComponent'.
    
 (31a9270f)
2020-10-26T13:44:45.5813277+01:00  [ERR] ERROR in ./src/app/faq-item/faq-item.component.scss
Module build failed (from ./node_modules/sass-loader/lib/loader.js):

}
^
      Invalid CSS after "}": expected 1 selector or at-rule, was "."
      in C:\Users\Budre\source\repos\oblig3\oblig3\ClientApp\src\app\faq-item\faq-item.component.scss (line 64, column 2)
 (d5fa3538)
2020-10-26T13:44:51.6803569+01:00  [ERR] ERROR in ./src/app/faq-item/faq-item.component.scss
Module build failed (from ./node_modules/sass-loader/lib/loader.js):


^
      Invalid CSS after ".co": expected "{", was ""
      in C:\Users\Budre\source\repos\oblig3\oblig3\ClientApp\src\app\faq-item\faq-item.component.scss (line 67, column 1)
 (66a2b97e)
2020-10-26T13:44:53.1543609+01:00  [ERR] ERROR in ./src/app/faq-item/faq-item.component.scss
Module build failed (from ./node_modules/sass-loader/lib/loader.js):

}
^
      Invalid CSS after "}": expected 1 selector or at-rule, was "."
      in C:\Users\Budre\source\repos\oblig3\oblig3\ClientApp\src\app\faq-item\faq-item.component.scss (line 64, column 2)
 (d5fa3538)
2020-10-26T13:44:56.1182608+01:00  [ERR] ERROR in ./src/app/faq-item/faq-item.component.scss
Module build failed (from ./node_modules/sass-loader/lib/loader.js):


^
      Invalid CSS after ".har": expected "{", was ""
      in C:\Users\Budre\source\repos\oblig3\oblig3\ClientApp\src\app\faq-item\faq-item.component.scss (line 67, column 1)
 (a952bdea)
2020-10-26T13:44:56.6665258+01:00  [ERR] ERROR in ./src/app/faq-item/faq-item.component.scss
Module build failed (from ./node_modules/sass-loader/lib/loader.js):


^
      Invalid CSS after ".harp": expected "{", was ""
      in C:\Users\Budre\source\repos\oblig3\oblig3\ClientApp\src\app\faq-item\faq-item.component.scss (line 67, column 1)
 (0437071f)
2020-10-26T13:44:57.1951502+01:00  [ERR] ERROR in ./src/app/faq-item/faq-item.component.scss
Module build failed (from ./node_modules/sass-loader/lib/loader.js):


^
      Invalid CSS after ".har": expected "{", was ""
      in C:\Users\Budre\source\repos\oblig3\oblig3\ClientApp\src\app\faq-item\faq-item.component.scss (line 67, column 1)
 (a952bdea)
2020-10-26T13:44:59.1804219+01:00  [ERR] ERROR in ./src/app/faq-item/faq-item.component.scss
Module build failed (from ./node_modules/sass-loader/lib/loader.js):


^
      Invalid CSS after ".harPresset": expected "{", was ""
      in C:\Users\Budre\source\repos\oblig3\oblig3\ClientApp\src\app\faq-item\faq-item.component.scss (line 67, column 1)
 (51acf589)
2020-10-26T13:45:01.3093859+01:00  [ERR] ERROR in ./src/app/faq-item/faq-item.component.scss
Module build failed (from ./node_modules/sass-loader/lib/loader.js):


^
      Invalid CSS after ".harPressetKnapp": expected "{", was ""
      in C:\Users\Budre\source\repos\oblig3\oblig3\ClientApp\src\app\faq-item\faq-item.component.scss (line 67, column 1)
 (9ee4c825)
2020-10-26T13:46:39.3554074+01:00  [ERR] ERROR in ./src/app/faq-item/faq-item.component.scss
Module build failed (from ./node_modules/sass-loader/lib/loader.js):

    color
   ^
      Property "color" must be followed by a ':'
      in C:\Users\Budre\source\repos\oblig3\oblig3\ClientApp\src\app\faq-item\faq-item.component.scss (line 67, column 5)
 (a961f13c)
2020-10-26T13:46:40.6867436+01:00  [ERR] ERROR in ./src/app/faq-item/faq-item.component.scss
Module build failed (from ./node_modules/sass-loader/lib/loader.js):

    color: ;
        ^
      Style declaration must contain a value
      in C:\Users\Budre\source\repos\oblig3\oblig3\ClientApp\src\app\faq-item\faq-item.component.scss (line 67, column 10)
 (746340fd)
2020-10-26T13:46:41.6888475+01:00  [ERR] ERROR in ./src/app/faq-item/faq-item.component.scss
Module build failed (from ./node_modules/sass-loader/lib/loader.js):

    color: #;
          ^
      Invalid CSS after "    color:": expected expression (e.g. 1px, bold), was "#;"
      in C:\Users\Budre\source\repos\oblig3\oblig3\ClientApp\src\app\faq-item\faq-item.component.scss (line 67, column 12)
 (54afd8c2)
2020-10-26T13:50:28.2196245+01:00  [ERR] ERROR in app/faq-item/faq-item.component.ts:30:4 - error TS1005: '(' expected.

30  		if (this.harPressetLikeKnapp === false) {
    		~~

 (f23719ef)
2020-10-26T13:50:29.0950255+01:00  [ERR] ERROR in app/faq-item/faq-item.component.ts:29:8 - error TS1109: Expression expected.

29  		if ()
    		    ~

 (50e02a04)
2020-10-26T13:50:31.3117944+01:00  [ERR] ERROR in app/faq-item/faq-item.component.ts:29:13 - error TS1003: Identifier expected.

29  		if (this.)
    		         ~

 (bb2a6402)
2020-10-26T13:50:38.2744576+01:00  [ERR] ERROR in app/faq-item/faq-item.component.ts:29:39 - error TS1109: Expression expected.

29  		if (this.harPressetDislikeKnapp ===)
    		                                   ~

 (f0cdfd88)
2020-10-26T13:53:26.8132954+01:00  [ERR]     ERROR in src/app/faq-item/faq-item.component.ts(30,5): error TS2304: Cannot find name 'thu'.
    
 (aebb9d9a)
2020-10-26T14:03:23.2952651+01:00  [ERR]     ERROR in src/app/faq-item/faq-item.component.ts(42,13): error TS2551: Property 'harPressetikeKnapp' does not exist on type 'FaqItemComponent'. Did you mean 'harPressetLikeKnapp'?
    
 (1a4a80d0)
2020-10-26T14:03:28.5596477+01:00  [ERR]     ERROR in src/app/faq-item/faq-item.component.ts(43,10): error TS2339: Property 'thu' does not exist on type 'FaqItemComponent'.
    
 (6813a46e)
2020-10-26T14:18:39.0402462+01:00  [ERR]     ERROR in src/app/faq-item/faq-item.component.ts(55,4): error TS2304: Cannot find name 'cons'.
    
 (4367a430)
2020-10-26T14:18:42.7919450+01:00  [ERR]     ERROR in src/app/faq-item/faq-item.component.ts(55,16): error TS2304: Cannot find name 'spo'.
    
 (922f5f05)
2020-10-26T14:18:47.7282992+01:00  [ERR]     ERROR in src/app/faq-item/faq-item.component.ts(56,4): error TS2304: Cannot find name 'cons'.
    
 (960da00f)
2020-10-26T14:18:50.9109579+01:00  [ERR]     ERROR in src/app/faq-item/faq-item.component.ts(56,16): error TS2304: Cannot find name 'li'.
    
 (dfdb3023)
2020-10-26T14:21:22.6836032+01:00  [ERR] ERROR in app/faq-item/faq-item.component.ts:58:3 - error TS1003: Identifier expected.

58  	}
    	~

 (1234e4cc)
2020-10-26T14:21:24.3046320+01:00  [ERR]     ERROR in src/app/faq-item/faq-item.component.ts(57,9): error TS2339: Property 'spo' does not exist on type 'FaqItemComponent'.
    
 (4be14708)
2020-10-26T14:22:04.0288502+01:00  [ERR]     ERROR in src/app/faq-item/faq-item.component.ts(57,9): error TS2551: Property 'sporsmaa' does not exist on type 'FaqItemComponent'. Did you mean 'sporsmaal'?
    
 (b6c1f9a8)
2020-10-26T14:22:06.9461587+01:00  [ERR] ERROR in app/faq-item/faq-item.component.ts:58:3 - error TS1005: '(' expected.

58  	}
    	~

 (5598b1c6)
2020-10-26T14:22:08.1569920+01:00  [ERR] ERROR in app/faq-item/faq-item.component.ts:57:8 - error TS1109: Expression expected.

57  		if ()
    		    ~
app/faq-item/faq-item.component.ts:58:3 - error TS1109: Expression expected.

58  	}
    	~

 (83dcd555)
2020-10-26T14:22:09.6945541+01:00  [ERR] ERROR in app/faq-item/faq-item.component.ts:58:3 - error TS1109: Expression expected.

58  	}
    	~

 (9acdb99a)
2020-10-26T14:22:10.3819023+01:00  [ERR] ERROR in app/faq-item/faq-item.component.ts:57:13 - error TS1003: Identifier expected.

57  		if (this.)
    		         ~
app/faq-item/faq-item.component.ts:58:3 - error TS1109: Expression expected.

58  	}
    	~

 (6738cc1a)
2020-10-26T14:22:18.7152316+01:00  [ERR] ERROR in app/faq-item/faq-item.component.ts:58:3 - error TS1109: Expression expected.

58  	}
    	~

 (9acdb99a)
2020-10-26T14:22:21.9943900+01:00  [ERR] ERROR in app/faq-item/faq-item.component.ts:58:3 - error TS1109: Expression expected.

58  	}
    	~

 (9acdb99a)
2020-10-26T14:22:22.4762487+01:00  [ERR]     ERROR in src/app/faq-item/faq-item.component.ts(57,8): error TS2367: This condition will always return 'false' since the types 'number' and 'this' have no overlap.
    
 (139b1433)
2020-10-26T14:22:23.3973495+01:00  [ERR] ERROR in app/faq-item/faq-item.component.ts:57:28 - error TS1003: Identifier expected.

57  		if (this.likes === this.)
    		                        ~
app/faq-item/faq-item.component.ts:58:3 - error TS1109: Expression expected.

58  	}
    	~

 (0e1cbdbf)
2020-10-26T14:22:24.3070357+01:00  [ERR] ERROR in app/faq-item/faq-item.component.ts:58:3 - error TS1109: Expression expected.

58  	}
    	~

 (9acdb99a)
2020-10-26T14:22:24.8719476+01:00  [ERR] ERROR in app/faq-item/faq-item.component.ts:58:3 - error TS1109: Expression expected.

58  	}
    	~

 (9acdb99a)
2020-10-26T14:22:24.8921770+01:00  [ERR]     ERROR in src/app/faq-item/faq-item.component.ts(57,28): error TS2339: Property 'spo' does not exist on type 'FaqItemComponent'.
    
 (35b0d82f)
2020-10-26T14:22:26.5051107+01:00  [ERR] ERROR in app/faq-item/faq-item.component.ts:58:3 - error TS1109: Expression expected.

58  	}
    	~

 (9acdb99a)
2020-10-26T14:22:30.9131863+01:00  [ERR] ERROR in app/faq-item/faq-item.component.ts:58:3 - error TS1109: Expression expected.

58  	}
    	~

 (9acdb99a)
2020-10-26T14:22:32.5891536+01:00  [ERR]     ERROR in src/app/faq-item/faq-item.component.ts(57,46): error TS2304: Cannot find name 'ret'.
    
 (422abe28)
2020-10-26T14:22:36.3914755+01:00  [ERR]     ERROR in src/app/faq-item/faq-item.component.ts(58,4): error TS2304: Cannot find name 'e'.
    
 (a6b0f775)
2020-10-26T14:22:41.0195077+01:00  [ERR]     ERROR in src/app/faq-item/faq-item.component.ts(58,4): error TS2304: Cannot find name 'con'.
    
 (4fc74906)
2020-10-26T14:23:52.8585032+01:00  [ERR] ERROR in ./src/app/faq-item/faq-item.component.ts 60:14
Module parse failed: Unexpected token (60:14)
File was processed with these loaders:
 * ./node_modules/@ngtools/webpack/src/index.js
You may need an additional loader to handle the result of these loaders.
|             return;
|         console.log("kan oppdatere");
>         const ;
|     }
| };
 (caaf5604)
2020-10-26T14:23:53.3644978+01:00  [ERR]     ERROR in src/app/faq-item/faq-item.component.ts(59,9): error TS1123: Variable declaration list cannot be empty.
    
 (cc8ed328)
2020-10-26T14:23:59.9494678+01:00  [ERR]     ERROR in src/app/faq-item/faq-item.component.ts(59,4): error TS2304: Cannot find name 'rating'.
    
 (663fc808)
2020-10-26T14:24:38.9915612+01:00  [ERR] ERROR in ./src/app/faq-item/faq-item.component.ts 60:14
Module parse failed: Unexpected token (60:14)
File was processed with these loaders:
 * ./node_modules/@ngtools/webpack/src/index.js
You may need an additional loader to handle the result of these loaders.
|             return;
|         console.log("kan oppdatere");
>         const ;
|     }
| };
 (caaf5604)
2020-10-26T14:24:39.5281850+01:00  [ERR]     ERROR in src/app/faq-item/faq-item.component.ts(59,9): error TS1123: Variable declaration list cannot be empty.
    
 (cc8ed328)
2020-10-26T14:24:42.5949113+01:00  [ERR] ERROR in ./src/app/faq-item/faq-item.component.ts 60:20
Module parse failed: Unexpected token (60:20)
File was processed with these loaders:
 * ./node_modules/@ngtools/webpack/src/index.js
You may need an additional loader to handle the result of these loaders.
|             return;
|         console.log("kan oppdatere");
>         const rating;
|     }
| };
 (b004027f)
2020-10-26T14:24:43.1116795+01:00  [ERR]     ERROR in src/app/faq-item/faq-item.component.ts(59,10): error TS1155: 'const' declarations must be initialized.
    
 (e7187424)
2020-10-26T14:24:43.4824183+01:00  [ERR] ERROR in app/faq-item/faq-item.component.ts:60:3 - error TS1109: Expression expected.

60  	}
    	~

ERROR in ./src/app/faq-item/faq-item.component.ts 60:20
Module parse failed: Unexpected token (60:20)
File was processed with these loaders:
 * ./node_modules/@ngtools/webpack/src/index.js
You may need an additional loader to handle the result of these loaders.
|             return;
|         console.log("kan oppdatere");
>         const rating;
|     }
| };
 (0e805a8f)
2020-10-26T14:24:54.2474886+01:00  [ERR]     ERROR in src/app/faq-item/faq-item.component.ts(59,24): error TS2339: Property 'spo' does not exist on type 'FaqItemComponent'.
    
 (7ad5c50f)
2020-10-26T14:24:54.9009038+01:00  [ERR] ERROR in app/faq-item/faq-item.component.ts:60:3 - error TS1003: Identifier expected.

60  	}
    	~

 (2a307abc)
2020-10-26T14:24:59.2594236+01:00  [ERR] ERROR in app/faq-item/faq-item.component.ts:60:3 - error TS1109: Expression expected.

60  	}
    	~

 (a2facb73)
2020-10-26T14:25:01.1712958+01:00  [ERR] ERROR in app/faq-item/faq-item.component.ts:60:3 - error TS1003: Identifier expected.

60  	}
    	~

 (2a307abc)
2020-10-26T14:25:01.1992479+01:00  [ERR]     ERROR in src/app/faq-item/faq-item.component.ts(59,43): error TS2363: The right-hand side of an arithmetic operation must be of type 'any', 'number', 'bigint' or an enum type.
    
 (3f3b3d6b)
2020-10-26T14:25:31.4211119+01:00  [ERR] ERROR in app/faq-item/faq-item.component.ts:59:43 - error TS1109: Expression expected.

59  		const rating = this.sporsmaal.rating - ;
    		                                       ~

 (cedc3b23)
2020-10-26T14:25:34.5535143+01:00  [ERR] ERROR in app/faq-item/faq-item.component.ts:59:53 - error TS1109: Expression expected.

59  		const rating = this.likesthis.sporsmaal.rating - ;
    		                                                 ~

 (27456f5a)
2020-10-26T14:25:35.0500466+01:00  [ERR]     ERROR in src/app/faq-item/faq-item.component.ts(59,24): error TS2339: Property 'likesthis' does not exist on type 'FaqItemComponent'.
    
 (a79c81b1)
2020-10-26T14:25:36.4001983+01:00  [ERR] ERROR in app/faq-item/faq-item.component.ts:59:55 - error TS1109: Expression expected.

59  		const rating = this.likes -this.sporsmaal.rating - ;
    		                                                   ~

 (16d586a4)
2020-10-26T14:25:36.9710861+01:00  [ERR] ERROR in app/faq-item/faq-item.component.ts:59:56 - error TS1109: Expression expected.

59  		const rating = this.likes - this.sporsmaal.rating - ;
    		                                                    ~

 (c5403a07)
2020-10-26T14:27:52.7785237+01:00  [ERR]     ERROR in src/app/faq-item/faq-item.component.ts(57,4): error TS2304: Cannot find name 'lagre'.
    
 (8f6a4b13)
2020-10-26T14:27:54.2586774+01:00  [ERR]     ERROR in src/app/faq-item/faq-item.component.ts(57,4): error TS2304: Cannot find name 'lagreRa'.
    
 (43235ea9)
2020-10-26T14:27:55.4452994+01:00  [ERR]     ERROR in src/app/faq-item/faq-item.component.ts(57,4): error TS2304: Cannot find name 'lagreRating'.
    
 (937993ed)
2020-10-26T14:27:56.1209083+01:00  [ERR]     ERROR in src/app/faq-item/faq-item.component.ts(57,4): error TS2304: Cannot find name 'lagreRating'.
    
 (937993ed)
2020-10-26T14:27:57.5825263+01:00  [ERR]     ERROR in src/app/faq-item/faq-item.component.ts(57,4): error TS2304: Cannot find name 'lagreRating'.
    
 (937993ed)
2020-10-26T14:28:02.5188674+01:00  [ERR]     ERROR in src/app/faq-item/faq-item.component.ts(57,4): error TS2304: Cannot find name 'lagreRating'.
    
 (937993ed)
2020-10-26T14:28:03.6552511+01:00  [ERR]     ERROR in src/app/faq-item/faq-item.component.ts(57,4): error TS2304: Cannot find name 'lagreRating'.
    
 (937993ed)
2020-10-26T14:28:07.8375693+01:00  [ERR]     ERROR in src/app/faq-item/faq-item.component.ts(57,4): error TS2304: Cannot find name 'lagreRating'.
    
 (937993ed)
2020-10-26T14:28:19.7065537+01:00  [ERR] ERROR in ./src/app/faq-item/faq-item.component.ts 58:14
Module parse failed: Unexpected token (58:14)
File was processed with these loaders:
 * ./node_modules/@ngtools/webpack/src/index.js
You may need an additional loader to handle the result of these loaders.
|             return;
|         const rating = this.likes - this.sporsmaal.rating;
>         const ;
|     }
| };
 (352c251c)
2020-10-26T14:28:20.2153712+01:00  [ERR]     ERROR in src/app/faq-item/faq-item.component.ts(58,9): error TS1123: Variable declaration list cannot be empty.
    
 (64aebd67)
2020-10-26T14:28:24.0224680+01:00  [ERR] ERROR in ./src/app/faq-item/faq-item.component.ts 58:16
Module parse failed: Unexpected token (58:16)
File was processed with these loaders:
 * ./node_modules/@ngtools/webpack/src/index.js
You may need an additional loader to handle the result of these loaders.
|             return;
|         const rating = this.likes - this.sporsmaal.rating;
>         const ny;
|     }
| };
 (b0f6a206)
2020-10-26T14:28:24.4844535+01:00  [ERR]     ERROR in src/app/faq-item/faq-item.component.ts(58,10): error TS1155: 'const' declarations must be initialized.
    
 (a372391d)
2020-10-26T14:28:24.7474827+01:00  [ERR] ERROR in ./src/app/faq-item/faq-item.component.ts 58:18
Module parse failed: Unexpected token (58:18)
File was processed with these loaders:
 * ./node_modules/@ngtools/webpack/src/index.js
You may need an additional loader to handle the result of these loaders.
|             return;
|         const rating = this.likes - this.sporsmaal.rating;
>         const nyRa;
|     }
| };
 (3a45e72f)
2020-10-26T14:28:25.3349544+01:00  [ERR]     ERROR in src/app/faq-item/faq-item.component.ts(58,10): error TS1155: 'const' declarations must be initialized.
    
 (a372391d)
2020-10-26T14:28:29.0677554+01:00  [ERR]     ERROR in src/app/faq-item/faq-item.component.ts(58,25): error TS2304: Cannot find name 'Faw'.
    
 (caa6eadb)
2020-10-26T14:28:36.3018562+01:00  [ERR]     ERROR in src/app/faq-item/faq-item.component.ts(60,4): error TS2304: Cannot find name 'nyR'.
    
 (b2b47cdd)
2020-10-26T14:28:36.9813610+01:00  [ERR] ERROR in app/faq-item/faq-item.component.ts:61:3 - error TS1003: Identifier expected.

61  	}
    	~

 (d14ac461)
2020-10-26T14:29:18.9617930+01:00  [ERR]     ERROR in src/app/faq-item/faq-item.component.ts(60,4): error TS2304: Cannot find name 'cons'.
    
 (b5306696)
2020-10-26T14:29:22.1995244+01:00  [ERR]     ERROR in src/app/faq-item/faq-item.component.ts(60,16): error TS2304: Cannot find name 'spo'.
    
 (4d578e8f)
2020-10-26T14:29:55.4264383+01:00  [ERR]     ERROR in src/app/faq-item/faq-item.component.ts(59,4): error TS2304: Cannot find name 'ny'.
    
 (b48d8e46)
2020-10-26T14:29:56.7006796+01:00  [ERR]     ERROR in src/app/faq-item/faq-item.component.ts(61,4): error TS2339: Property 'console' does not exist on type 'Faq'.
    
 (456f3092)
2020-10-26T14:30:00.1079422+01:00  [ERR]     ERROR in src/app/faq-item/faq-item.component.ts(59,4): error TS2322: Type 'void' is not assignable to type 'number'.
    
 (dbe0d910)
2020-10-26T14:30:03.1675122+01:00  [ERR]     ERROR in src/app/faq-item/faq-item.component.ts(59,22): error TS2304: Cannot find name 'ra'.
    
 (28d2bf89)
2020-10-26T14:30:14.0015403+01:00  [ERR]     ERROR in src/app/faq-item/faq-item.component.ts(62,16): error TS2304: Cannot find name 'ny'.
    
 (cfd2fc51)
2020-10-26T14:32:30.7600928+01:00  [ERR]     ERROR in src/app/faq-item/faq-item.component.ts(61,16): error TS2552: Cannot find name 'nyRating'. Did you mean 'rating'?
    
 (9a1d7f00)
2020-10-26T14:32:32.9107285+01:00  [ERR]     ERROR in src/app/faq-item/faq-item.component.ts(60,16): error TS2552: Cannot find name 'nyRating'. Did you mean 'rating'?
    
 (336a5203)
2020-10-26T14:32:36.2083279+01:00  [ERR]     ERROR in src/app/faq-item/faq-item.component.ts(60,16): error TS2552: Cannot find name 'nyRating'. Did you mean 'rating'?
    
 (336a5203)
2020-10-26T14:34:45.4956086+01:00  [ERR]     ERROR in src/app/faq-item/faq-item.component.ts(59,9): error TS2339: Property '_http' does not exist on type 'FaqItemComponent'.
    src/app/faq-item/faq-item.component.ts(59,33): error TS2304: Cannot find name 'endretKunde'.
    src/app/faq-item/faq-item.component.ts(62,24): error TS2339: Property 'hentAlleKunder' does not exist on type 'FaqItemComponent'.
    src/app/faq-item/faq-item.component.ts(63,24): error TS2339: Property 'visListe' does not exist on type 'FaqItemComponent'.
    
 (afc86e45)
2020-10-26T14:34:49.4937194+01:00  [ERR]     ERROR in src/app/faq-item/faq-item.component.ts(59,9): error TS2339: Property '_http' does not exist on type 'FaqItemComponent'.
    src/app/faq-item/faq-item.component.ts(59,31): error TS2304: Cannot find name 'endretKunde'.
    src/app/faq-item/faq-item.component.ts(62,24): error TS2339: Property 'hentAlleKunder' does not exist on type 'FaqItemComponent'.
    src/app/faq-item/faq-item.component.ts(63,24): error TS2339: Property 'visListe' does not exist on type 'FaqItemComponent'.
    
 (767de70c)
2020-10-26T14:34:51.6493607+01:00  [ERR]     ERROR in src/app/faq-item/faq-item.component.ts(59,9): error TS2339: Property '_http' does not exist on type 'FaqItemComponent'.
    src/app/faq-item/faq-item.component.ts(59,31): error TS2304: Cannot find name 'spo'.
    src/app/faq-item/faq-item.component.ts(62,24): error TS2339: Property 'hentAlleKunder' does not exist on type 'FaqItemComponent'.
    src/app/faq-item/faq-item.component.ts(63,24): error TS2339: Property 'visListe' does not exist on type 'FaqItemComponent'.
    
 (c49a8950)
2020-10-26T14:34:52.3232845+01:00  [ERR]     ERROR in src/app/faq-item/faq-item.component.ts(59,9): error TS2339: Property '_http' does not exist on type 'FaqItemComponent'.
    src/app/faq-item/faq-item.component.ts(62,24): error TS2339: Property 'hentAlleKunder' does not exist on type 'FaqItemComponent'.
    src/app/faq-item/faq-item.component.ts(63,24): error TS2339: Property 'visListe' does not exist on type 'FaqItemComponent'.
    
 (049fd1f0)
2020-10-26T14:35:00.3223451+01:00  [ERR]     ERROR in src/app/faq-item/faq-item.component.ts(59,9): error TS2339: Property '_http' does not exist on type 'FaqItemComponent'.
    src/app/faq-item/faq-item.component.ts(62,19): error TS2552: Cannot find name 'aler'. Did you mean 'alert'?
    
 (add0ac16)
2020-10-26T14:35:00.6209105+01:00  [ERR]     ERROR in src/app/faq-item/faq-item.component.ts(59,9): error TS2339: Property '_http' does not exist on type 'FaqItemComponent'.
    
 (0a0cba95)
2020-10-26T14:35:01.4118491+01:00  [ERR]     ERROR in src/app/faq-item/faq-item.component.ts(59,9): error TS2339: Property '_http' does not exist on type 'FaqItemComponent'.
    
 (0a0cba95)
2020-10-26T14:35:02.0420441+01:00  [ERR]     ERROR in src/app/faq-item/faq-item.component.ts(59,9): error TS2339: Property '_http' does not exist on type 'FaqItemComponent'.
    
 (0a0cba95)
2020-10-26T14:35:02.6769000+01:00  [ERR]     ERROR in src/app/faq-item/faq-item.component.ts(59,9): error TS2339: Property '_http' does not exist on type 'FaqItemComponent'.
    
 (0a0cba95)
2020-10-26T14:35:26.3095095+01:00  [ERR]     ERROR in src/app/faq-item/faq-item.component.ts(60,9): error TS2339: Property '_http' does not exist on type 'FaqItemComponent'.
    
 (2c854467)
2020-10-26T14:35:27.4721842+01:00  [ERR]     ERROR in src/app/faq-item/faq-item.component.ts(61,9): error TS2339: Property '_http' does not exist on type 'FaqItemComponent'.
    
 (2bf14a99)
2020-10-26T14:35:29.1474763+01:00  [ERR]     ERROR in src/app/faq-item/faq-item.component.ts(18,54): error TS2304: Cannot find name 'FormBuilder'.
    src/app/faq-item/faq-item.component.ts(19,9): error TS2339: Property 'skjema' does not exist on type 'FaqItemComponent'.
    src/app/faq-item/faq-item.component.ts(19,32): error TS2339: Property 'validering' does not exist on type 'FaqItemComponent'.
    
 (acc1f3d0)
2020-10-26T14:35:31.5721487+01:00  [ERR]     ERROR in src/app/faq-item/faq-item.component.ts(18,53): error TS2304: Cannot find name 'FormBuilder'.
    src/app/faq-item/faq-item.component.ts(19,9): error TS2339: Property 'skjema' does not exist on type 'FaqItemComponent'.
    src/app/faq-item/faq-item.component.ts(19,32): error TS2339: Property 'validering' does not exist on type 'FaqItemComponent'.
    
 (f37e86d5)
2020-10-26T14:35:37.4020775+01:00  [ERR]     ERROR in src/app/faq-item/faq-item.component.ts(19,9): error TS2339: Property 'skjema' does not exist on type 'FaqItemComponent'.
    src/app/faq-item/faq-item.component.ts(19,18): error TS2304: Cannot find name 'fb'.
    src/app/faq-item/faq-item.component.ts(19,32): error TS2339: Property 'validering' does not exist on type 'FaqItemComponent'.
    
 (22fb5e53)
2020-10-26T14:36:31.7173557+01:00  [ERR] ERROR in ./src/app/faq-item/faq-item.component.ts 60:14
Module parse failed: Unexpected token (60:14)
File was processed with these loaders:
 * ./node_modules/@ngtools/webpack/src/index.js
You may need an additional loader to handle the result of these loaders.
|             return;
|         const rating = this.likes - this.sporsmaal.rating;
>         const ;
|         this._http.put("api/faq/", this.sporsmaal)
|             .subscribe(retur => {
 (5ddd6563)
2020-10-26T14:36:32.3285312+01:00  [ERR] ERROR in ./src/app/faq-item/faq-item.component.ts 60:15
Module parse failed: Unexpected token (60:15)
File was processed with these loaders:
 * ./node_modules/@ngtools/webpack/src/index.js
You may need an additional loader to handle the result of these loaders.
|             return;
|         const rating = this.likes - this.sporsmaal.rating;
>         const n;
|         this._http.put("api/faq/", this.sporsmaal)
|             .subscribe(retur => {
 (7bb4b16c)
2020-10-26T14:36:32.3364774+01:00  [ERR]     ERROR in src/app/faq-item/faq-item.component.ts(60,9): error TS1123: Variable declaration list cannot be empty.
    
 (f1ef1caa)
2020-10-26T14:36:32.9456162+01:00  [ERR]     ERROR in src/app/faq-item/faq-item.component.ts(60,10): error TS1155: 'const' declarations must be initialized.
    
 (cacfc43e)
2020-10-26T14:36:33.1308475+01:00  [ERR] ERROR in ./src/app/faq-item/faq-item.component.ts 60:14
Module parse failed: Unexpected token (60:14)
File was processed with these loaders:
 * ./node_modules/@ngtools/webpack/src/index.js
You may need an additional loader to handle the result of these loaders.
|             return;
|         const rating = this.likes - this.sporsmaal.rating;
>         const ;
|         this._http.put("api/faq/", this.sporsmaal)
|             .subscribe(retur => {
 (5ddd6563)
2020-10-26T14:36:33.7193070+01:00  [ERR]     ERROR in src/app/faq-item/faq-item.component.ts(60,9): error TS1123: Variable declaration list cannot be empty.
    
 (f1ef1caa)
2020-10-26T14:36:34.5603126+01:00  [ERR] ERROR in ./src/app/faq-item/faq-item.component.ts 60:18
Module parse failed: Unexpected token (60:18)
File was processed with these loaders:
 * ./node_modules/@ngtools/webpack/src/index.js
You may need an additional loader to handle the result of these loaders.
|             return;
|         const rating = this.likes - this.sporsmaal.rating;
>         const nyRa;
|         this._http.put("api/faq/", this.sporsmaal)
|             .subscribe(retur => {
 (63849f40)
2020-10-26T14:36:35.3065360+01:00  [ERR] ERROR in ./src/app/faq-item/faq-item.component.ts 60:22
Module parse failed: Unexpected token (60:22)
File was processed with these loaders:
 * ./node_modules/@ngtools/webpack/src/index.js
You may need an additional loader to handle the result of these loaders.
|             return;
|         const rating = this.likes - this.sporsmaal.rating;
>         const nyRating;
|         this._http.put("api/faq/", this.sporsmaal)
|             .subscribe(retur => {
 (6bd562ce)
2020-10-26T14:36:35.3154615+01:00  [ERR]     ERROR in src/app/faq-item/faq-item.component.ts(60,10): error TS1155: 'const' declarations must be initialized.
    
 (cacfc43e)
2020-10-26T14:36:35.9395213+01:00  [ERR]     ERROR in src/app/faq-item/faq-item.component.ts(60,10): error TS1155: 'const' declarations must be initialized.
    
 (cacfc43e)
2020-10-26T14:36:38.0979149+01:00  [ERR]     ERROR in src/app/faq-item/faq-item.component.ts(60,21): error TS2350: Only a void function can be called with the 'new' keyword.
    
 (f468e916)
2020-10-26T14:36:38.9427000+01:00  [ERR]     ERROR in src/app/faq-item/faq-item.component.ts(60,25): error TS2304: Cannot find name 'fa'.
    
 (549d6bfd)
2020-10-26T14:36:39.7959742+01:00  [ERR]     ERROR in src/app/faq-item/faq-item.component.ts(60,25): error TS2304: Cannot find name 'faq'.
    
 (45f53d23)
2020-10-26T14:36:42.2080838+01:00  [ERR]     ERROR in src/app/faq-item/faq-item.component.ts(61,4): error TS2304: Cannot find name 'ny'.
    
 (f84d69b1)
2020-10-26T14:36:43.6301274+01:00  [ERR]     ERROR in src/app/faq-item/faq-item.component.ts(63,4): error TS2339: Property 'this' does not exist on type 'Faq'.
    
 (dd947ff6)
2020-10-26T14:36:46.5465489+01:00  [ERR]     ERROR in src/app/faq-item/faq-item.component.ts(61,4): error TS2322: Type 'Subscription' is not assignable to type 'number'.
    
 (4459bc67)
2020-10-26T14:36:49.2646471+01:00  [ERR]     ERROR in src/app/faq-item/faq-item.component.ts(61,4): error TS2322: Type 'this' is not assignable to type 'number'.
      Type 'FaqItemComponent' is not assignable to type 'number'.
    
 (e0cebf6e)
2020-10-26T14:36:55.0423594+01:00  [ERR]     ERROR in src/app/faq-item/faq-item.component.ts(62,4): error TS2304: Cannot find name 'ny'.
    
 (58fd2553)
2020-10-26T14:36:55.8201194+01:00  [ERR]     ERROR in src/app/faq-item/faq-item.component.ts(64,4): error TS2339: Property 'this' does not exist on type 'Faq'.
    
 (aecf3ef6)
2020-10-26T14:36:56.7750301+01:00  [ERR]     ERROR in src/app/faq-item/faq-item.component.ts(64,4): error TS2339: Property 'this' does not exist on type 'Faq'.
    
 (aecf3ef6)
2020-10-26T14:36:59.8550505+01:00  [ERR]     ERROR in src/app/faq-item/faq-item.component.ts(62,4): error TS2322: Type 'Subscription' is not assignable to type 'number'.
    
 (4502611e)
2020-10-26T14:37:00.7293346+01:00  [ERR]     ERROR in src/app/faq-item/faq-item.component.ts(62,4): error TS2322: Type 'Subscription' is not assignable to type 'number'.
    
 (4502611e)
2020-10-26T14:37:01.5853018+01:00  [ERR]     ERROR in src/app/faq-item/faq-item.component.ts(62,4): error TS2322: Type 'this' is not assignable to type 'number'.
      Type 'FaqItemComponent' is not assignable to type 'number'.
    
 (eaf34629)
2020-10-26T14:37:02.8141711+01:00  [ERR]     ERROR in src/app/faq-item/faq-item.component.ts(62,22): error TS2304: Cannot find name 'th'.
    
 (16e589be)
2020-10-26T14:37:03.9949162+01:00  [ERR]     ERROR in src/app/faq-item/faq-item.component.ts(62,4): error TS2322: Type 'Subscription' is not assignable to type 'number'.
    
 (4502611e)
2020-10-26T14:37:05.9928133+01:00  [ERR]     ERROR in src/app/faq-item/faq-item.component.ts(62,22): error TS2304: Cannot find name 'ra'.
    
 (fa41b26a)
2020-10-26T14:37:13.7773287+01:00  [ERR]     ERROR in src/app/faq-item/faq-item.component.ts(64,31): error TS2304: Cannot find name 'ny'.
    
 (ba30aff4)
2020-10-26T14:37:29.9738699+01:00 800000b2-0003-fa00-b63f-84710c7967bb [ERR] An unhandled exception has occurred while executing the request. (48a46595)
System.Net.WebSockets.WebSocketException (0x80004005): The WebSocket is in an invalid state ('Aborted') for this operation. Valid states are: 'Open, CloseReceived'
   at System.Net.WebSockets.WebSocketValidate.ThrowIfInvalidState(WebSocketState currentState, Boolean isDisposed, WebSocketState[] validStates)
   at System.Net.WebSockets.ManagedWebSocket.CloseOutputAsyncCore(WebSocketCloseStatus closeStatus, String statusDescription, CancellationToken cancellationToken)
   at Microsoft.AspNetCore.SpaServices.Extensions.Proxy.SpaProxy.PumpWebSocket(WebSocket source, WebSocket destination, Int32 bufferSize, CancellationToken cancellationToken)
   at Microsoft.AspNetCore.SpaServices.Extensions.Proxy.SpaProxy.AcceptProxyWebSocketRequest(HttpContext context, Uri destinationUri, CancellationToken cancellationToken)
   at Microsoft.AspNetCore.SpaServices.Extensions.Proxy.SpaProxy.PerformProxyRequest(HttpContext context, HttpClient httpClient, Task`1 baseUriTask, CancellationToken applicationStoppingToken, Boolean proxy404s)
   at Microsoft.AspNetCore.Builder.SpaProxyingExtensions.<>c__DisplayClass2_0.<<UseProxyToSpaDevelopmentServer>b__0>d.MoveNext()
--- End of stack trace from previous location where exception was thrown ---
   at Microsoft.AspNetCore.Diagnostics.DeveloperExceptionPageMiddleware.Invoke(HttpContext context)
2020-10-26T14:37:29.9833591+01:00 800000b2-0003-fa00-b63f-84710c7967bb [WRN] The response has already started, the error page middleware will not be executed. (e1dd4c0d)
2020-10-26T14:37:30.0051791+01:00 800000b2-0003-fa00-b63f-84710c7967bb [ERR] Connection ID ""18014398523977498801"", Request ID ""800000b2-0003-fa00-b63f-84710c7967bb"": An unhandled exception was thrown by the application. (bf316047)
System.Net.WebSockets.WebSocketException (0x80004005): The WebSocket is in an invalid state ('Aborted') for this operation. Valid states are: 'Open, CloseReceived'
   at System.Net.WebSockets.WebSocketValidate.ThrowIfInvalidState(WebSocketState currentState, Boolean isDisposed, WebSocketState[] validStates)
   at System.Net.WebSockets.ManagedWebSocket.CloseOutputAsyncCore(WebSocketCloseStatus closeStatus, String statusDescription, CancellationToken cancellationToken)
   at Microsoft.AspNetCore.SpaServices.Extensions.Proxy.SpaProxy.PumpWebSocket(WebSocket source, WebSocket destination, Int32 bufferSize, CancellationToken cancellationToken)
   at Microsoft.AspNetCore.SpaServices.Extensions.Proxy.SpaProxy.AcceptProxyWebSocketRequest(HttpContext context, Uri destinationUri, CancellationToken cancellationToken)
   at Microsoft.AspNetCore.SpaServices.Extensions.Proxy.SpaProxy.PerformProxyRequest(HttpContext context, HttpClient httpClient, Task`1 baseUriTask, CancellationToken applicationStoppingToken, Boolean proxy404s)
   at Microsoft.AspNetCore.Builder.SpaProxyingExtensions.<>c__DisplayClass2_0.<<UseProxyToSpaDevelopmentServer>b__0>d.MoveNext()
--- End of stack trace from previous location where exception was thrown ---
   at Microsoft.AspNetCore.Diagnostics.DeveloperExceptionPageMiddleware.Invoke(HttpContext context)
   at Microsoft.AspNetCore.Diagnostics.DeveloperExceptionPageMiddleware.Invoke(HttpContext context)
   at Microsoft.AspNetCore.Server.IIS.Core.IISHttpContextOfT`1.ProcessRequestAsync()
2020-10-26T14:46:02.8083423+01:00  [INF] Application started. Press Ctrl+C to shut down. (dcaefe54)
2020-10-26T14:46:02.8208751+01:00  [INF] Hosting environment: "Development" (c3307c92)
2020-10-26T14:46:02.8230801+01:00  [INF] Content root path: "C:\Users\Budre\source\repos\oblig3\oblig3" (b5d60022)
2020-10-26T14:47:22.4477165+01:00  [INF] Application started. Press Ctrl+C to shut down. (dcaefe54)
2020-10-26T14:47:22.4618776+01:00  [INF] Hosting environment: "Development" (c3307c92)
2020-10-26T14:47:22.4638217+01:00  [INF] Content root path: "C:\Users\Budre\source\repos\oblig3\oblig3" (b5d60022)
2020-10-26T15:01:04.8622374+01:00  [ERR] ERROR in ./src/app/faq/faq.component.scss
Module build failed (from ./node_modules/sass-loader/lib/loader.js):

.send
^
      Invalid CSS after ".send": expected "{", was ""
      in C:\Users\Budre\source\repos\oblig3\oblig3\ClientApp\src\app\faq\faq.component.scss (line 1, column 1)
 (8c0aadf9)
2020-10-26T15:01:05.9814688+01:00  [ERR] ERROR in ./src/app/faq/faq.component.scss
Module build failed (from ./node_modules/sass-loader/lib/loader.js):

.sendSp 
      ^
      Invalid CSS after ".sendSp": expected "{", was ""
      in C:\Users\Budre\source\repos\oblig3\oblig3\ClientApp\src\app\faq\faq.component.scss (line 1, column 8)
 (f2b8ec7e)
2020-10-26T15:01:11.1426847+01:00  [ERR] ERROR in ./src/app/faq/faq.component.scss
Module build failed (from ./node_modules/sass-loader/lib/loader.js):

    button
   ^
      Property "button" must be followed by a ':'
      in C:\Users\Budre\source\repos\oblig3\oblig3\ClientApp\src\app\faq\faq.component.scss (line 3, column 5)
 (c7b18ee7)
2020-10-26T15:01:16.6519433+01:00  [ERR] ERROR in ./src/app/faq/faq.component.scss
Module build failed (from ./node_modules/sass-loader/lib/loader.js):

        background: ;
                 ^
      Style declaration must contain a value
      in C:\Users\Budre\source\repos\oblig3\oblig3\ClientApp\src\app\faq\faq.component.scss (line 4, column 19)
 (21537c4c)
2020-10-26T15:01:18.5434412+01:00  [ERR] ERROR in ./src/app/faq/faq.component.scss
Module build failed (from ./node_modules/sass-loader/lib/loader.js):

        background: #;
                   ^
      Invalid CSS after "...    background:": expected expression (e.g. 1px, bold), was "#;"
      in C:\Users\Budre\source\repos\oblig3\oblig3\ClientApp\src\app\faq\faq.component.scss (line 4, column 21)
 (efbf6964)
2020-10-26T15:02:19.0857245+01:00  [ERR] ERROR in ./src/app/faq/faq.component.scss
Module build failed (from ./node_modules/sass-loader/lib/loader.js):

        pad
       ^
      Property "pad" must be followed by a ':'
      in C:\Users\Budre\source\repos\oblig3\oblig3\ClientApp\src\app\faq\faq.component.scss (line 5, column 9)
 (cdfe7419)
2020-10-26T15:02:20.6373394+01:00  [ERR] ERROR in ./src/app/faq/faq.component.scss
Module build failed (from ./node_modules/sass-loader/lib/loader.js):

        padding: ;
              ^
      Style declaration must contain a value
      in C:\Users\Budre\source\repos\oblig3\oblig3\ClientApp\src\app\faq\faq.component.scss (line 5, column 16)
 (4fc405a2)
2020-10-26T15:02:23.8637914+01:00  [ERR] ERROR in ./src/app/faq/faq.component.scss
Module build failed (from ./node_modules/sass-loader/lib/loader.js):

        padding: ;
              ^
      Style declaration must contain a value
      in C:\Users\Budre\source\repos\oblig3\oblig3\ClientApp\src\app\faq\faq.component.scss (line 5, column 16)
 (4fc405a2)
2020-10-26T15:03:01.6872786+01:00  [ERR] ERROR in ./src/app/faq/faq.component.scss
Module build failed (from ./node_modules/sass-loader/lib/loader.js):

        border
       ^
      Property "border" must be followed by a ':'
      in C:\Users\Budre\source\repos\oblig3\oblig3\ClientApp\src\app\faq\faq.component.scss (line 6, column 9)
 (43ea84bc)
2020-10-26T15:03:03.1955787+01:00  [ERR] ERROR in ./src/app/faq/faq.component.scss
Module build failed (from ./node_modules/sass-loader/lib/loader.js):

        border-radius: ;
                    ^
      Style declaration must contain a value
      in C:\Users\Budre\source\repos\oblig3\oblig3\ClientApp\src\app\faq\faq.component.scss (line 6, column 22)
 (a89ec9c0)
2020-10-26T15:03:37.2529104+01:00  [ERR] ERROR in ./src/app/faq/faq.component.scss
Module build failed (from ./node_modules/sass-loader/lib/loader.js):

        font-
       ^
      Property "font-" must be followed by a ':'
      in C:\Users\Budre\source\repos\oblig3\oblig3\ClientApp\src\app\faq\faq.component.scss (line 3, column 9)
 (f94963d5)
2020-10-26T15:03:38.5507744+01:00  [ERR] ERROR in ./src/app/faq/faq.component.scss
Module build failed (from ./node_modules/sass-loader/lib/loader.js):

        font-size: ;
                ^
      Style declaration must contain a value
      in C:\Users\Budre\source\repos\oblig3\oblig3\ClientApp\src\app\faq\faq.component.scss (line 3, column 18)
 (5d5f2a12)
2020-10-26T15:03:43.6331035+01:00  [ERR] ERROR in ./src/app/faq/faq.component.scss
Module build failed (from ./node_modules/sass-loader/lib/loader.js):

        font-: ;
            ^
      Style declaration must contain a value
      in C:\Users\Budre\source\repos\oblig3\oblig3\ClientApp\src\app\faq\faq.component.scss (line 3, column 14)
 (986e68d6)
2020-10-26T15:03:44.4734122+01:00  [ERR] ERROR in ./src/app/faq/faq.component.scss
Module build failed (from ./node_modules/sass-loader/lib/loader.js):

        font-wie: ;
               ^
      Style declaration must contain a value
      in C:\Users\Budre\source\repos\oblig3\oblig3\ClientApp\src\app\faq\faq.component.scss (line 3, column 17)
 (e01556b7)
2020-10-26T15:03:45.2044894+01:00  [ERR] ERROR in ./src/app/faq/faq.component.scss
Module build failed (from ./node_modules/sass-loader/lib/loader.js):

        font-wi: ;
              ^
      Style declaration must contain a value
      in C:\Users\Budre\source\repos\oblig3\oblig3\ClientApp\src\app\faq\faq.component.scss (line 3, column 16)
 (187df91d)
2020-10-26T15:03:45.8651660+01:00  [ERR] ERROR in ./src/app/faq/faq.component.scss
Module build failed (from ./node_modules/sass-loader/lib/loader.js):

        font-weight: ;
                  ^
      Style declaration must contain a value
      in C:\Users\Budre\source\repos\oblig3\oblig3\ClientApp\src\app\faq\faq.component.scss (line 3, column 20)
 (ab388d6b)
2020-10-26T15:04:12.8786228+01:00  [ERR] ERROR in ./src/app/faq/faq.component.scss
Module build failed (from ./node_modules/sass-loader/lib/loader.js):

        ma
       ^
      Property "ma" must be followed by a ':'
      in C:\Users\Budre\source\repos\oblig3\oblig3\ClientApp\src\app\faq\faq.component.scss (line 4, column 9)
 (9ec4dad8)
2020-10-26T15:04:13.9981652+01:00  [ERR] ERROR in ./src/app/faq/faq.component.scss
Module build failed (from ./node_modules/sass-loader/lib/loader.js):

        marign
       ^
      Property "marign" must be followed by a ':'
      in C:\Users\Budre\source\repos\oblig3\oblig3\ClientApp\src\app\faq\faq.component.scss (line 4, column 9)
 (656ba65d)
2020-10-26T15:04:14.8046078+01:00  [ERR] ERROR in ./src/app/faq/faq.component.scss
Module build failed (from ./node_modules/sass-loader/lib/loader.js):

        mar
       ^
      Property "mar" must be followed by a ':'
      in C:\Users\Budre\source\repos\oblig3\oblig3\ClientApp\src\app\faq\faq.component.scss (line 4, column 9)
 (a8330443)
2020-10-26T15:04:15.6101226+01:00  [ERR] ERROR in ./src/app/faq/faq.component.scss
Module build failed (from ./node_modules/sass-loader/lib/loader.js):

        margin
       ^
      Property "margin" must be followed by a ':'
      in C:\Users\Budre\source\repos\oblig3\oblig3\ClientApp\src\app\faq\faq.component.scss (line 4, column 9)
 (37b17e26)
2020-10-26T15:04:16.6783581+01:00  [ERR] ERROR in ./src/app/faq/faq.component.scss
Module build failed (from ./node_modules/sass-loader/lib/loader.js):

        margin-bo
       ^
      Property "margin-bo" must be followed by a ':'
      in C:\Users\Budre\source\repos\oblig3\oblig3\ClientApp\src\app\faq\faq.component.scss (line 4, column 9)
 (a1a0d46d)
2020-10-26T15:04:17.1846595+01:00  [ERR] ERROR in ./src/app/faq/faq.component.scss
Module build failed (from ./node_modules/sass-loader/lib/loader.js):

        margin-bottom: ;
                    ^
      Style declaration must contain a value
      in C:\Users\Budre\source\repos\oblig3\oblig3\ClientApp\src\app\faq\faq.component.scss (line 4, column 22)
 (86abacf7)
2020-10-26T15:04:27.1555734+01:00  [ERR] ERROR in ./src/app/faq/faq.component.scss
Module build failed (from ./node_modules/sass-loader/lib/loader.js):

        col
       ^
      Property "col" must be followed by a ':'
      in C:\Users\Budre\source\repos\oblig3\oblig3\ClientApp\src\app\faq\faq.component.scss (line 11, column 9)
 (ae906ab6)
2020-10-26T15:04:28.1652125+01:00  [ERR] ERROR in ./src/app/faq/faq.component.scss
Module build failed (from ./node_modules/sass-loader/lib/loader.js):

        color: ;
            ^
      Style declaration must contain a value
      in C:\Users\Budre\source\repos\oblig3\oblig3\ClientApp\src\app\faq\faq.component.scss (line 11, column 14)
 (afc66fb0)
2020-10-26T15:05:09.3977315+01:00  [ERR] ERROR in ./src/app/faq/faq.component.scss
Module build failed (from ./node_modules/sass-loader/lib/loader.js):

        margin-bottom: .em;
                      ^
      Invalid CSS after "... margin-bottom:": expected expression (e.g. 1px, bold), was ".em;"
      in C:\Users\Budre\source\repos\oblig3\oblig3\ClientApp\src\app\faq\faq.component.scss (line 4, column 24)
 (fcdcf2d1)
2020-10-26T15:05:14.8808783+01:00  [ERR] ERROR in ./src/app/faq/faq.component.scss
Module build failed (from ./node_modules/sass-loader/lib/loader.js):

        marign
       ^
      Property "marign" must be followed by a ':'
      in C:\Users\Budre\source\repos\oblig3\oblig3\ClientApp\src\app\faq\faq.component.scss (line 4, column 9)
 (656ba65d)
2020-10-26T15:05:16.5231421+01:00  [ERR] ERROR in ./src/app/faq/faq.component.scss
Module build failed (from ./node_modules/sass-loader/lib/loader.js):

        margin-top: ;
                 ^
      Style declaration must contain a value
      in C:\Users\Budre\source\repos\oblig3\oblig3\ClientApp\src\app\faq\faq.component.scss (line 4, column 19)
 (05b26d0b)
2020-10-26T15:05:19.4488638+01:00  [ERR] ERROR in ./src/app/faq/faq.component.scss
Module build failed (from ./node_modules/sass-loader/lib/loader.js):

        margin-top: ;
                 ^
      Style declaration must contain a value
      in C:\Users\Budre\source\repos\oblig3\oblig3\ClientApp\src\app\faq\faq.component.scss (line 4, column 19)
 (05b26d0b)
2020-10-26T15:06:11.8450705+01:00  [ERR] ERROR in ./src/app/faq/faq.component.scss
Module build failed (from ./node_modules/sass-loader/lib/loader.js):

        font-
       ^
      Property "font-" must be followed by a ':'
      in C:\Users\Budre\source\repos\oblig3\oblig3\ClientApp\src\app\faq\faq.component.scss (line 13, column 9)
 (2661a3f1)
2020-10-26T15:06:13.0196323+01:00  [ERR] ERROR in ./src/app/faq/faq.component.scss
Module build failed (from ./node_modules/sass-loader/lib/loader.js):

        font-size: ;
                ^
      Style declaration must contain a value
      in C:\Users\Budre\source\repos\oblig3\oblig3\ClientApp\src\app\faq\faq.component.scss (line 13, column 18)
 (26d8e813)
2020-10-26T15:06:13.9237014+01:00  [ERR] ERROR in ./src/app/faq/faq.component.scss
Module build failed (from ./node_modules/sass-loader/lib/loader.js):

        font-size: 1.;
                   ^
      Invalid CSS after "...   font-size: 1": expected expression (e.g. 1px, bold), was ".;"
      in C:\Users\Budre\source\repos\oblig3\oblig3\ClientApp\src\app\faq\faq.component.scss (line 13, column 21)
 (b5c962e7)
2020-10-26T15:06:50.6933385+01:00  [ERR] ERROR in ./src/app/faq/faq.component.scss
Module build failed (from ./node_modules/sass-loader/lib/loader.js):

        border
       ^
      Property "border" must be followed by a ':'
      in C:\Users\Budre\source\repos\oblig3\oblig3\ClientApp\src\app\faq\faq.component.scss (line 14, column 9)
 (b3cf7970)
2020-10-26T15:06:51.2707755+01:00  [ERR] ERROR in ./src/app/faq/faq.component.scss
Module build failed (from ./node_modules/sass-loader/lib/loader.js):

        border: ;
             ^
      Style declaration must contain a value
      in C:\Users\Budre\source\repos\oblig3\oblig3\ClientApp\src\app\faq\faq.component.scss (line 14, column 15)
 (e974ebdb)
2020-10-26T15:06:53.6394168+01:00  [ERR] ERROR in ./src/app/faq/faq.component.scss
Module build failed (from ./node_modules/sass-loader/lib/loader.js):

        border: ;
             ^
      Style declaration must contain a value
      in C:\Users\Budre\source\repos\oblig3\oblig3\ClientApp\src\app\faq\faq.component.scss (line 14, column 15)
 (e974ebdb)
2020-10-26T15:07:04.3142530+01:00  [ERR] ERROR in ./src/app/faq/faq.component.scss
Module build failed (from ./node_modules/sass-loader/lib/loader.js):

        background: ;
                 ^
      Style declaration must contain a value
      in C:\Users\Budre\source\repos\oblig3\oblig3\ClientApp\src\app\faq\faq.component.scss (line 9, column 19)
 (63cd4364)
2020-10-26T15:07:05.8050134+01:00  [ERR] ERROR in ./src/app/faq/faq.component.scss
Module build failed (from ./node_modules/sass-loader/lib/loader.js):

        background: ;
                 ^
      Style declaration must contain a value
      in C:\Users\Budre\source\repos\oblig3\oblig3\ClientApp\src\app\faq\faq.component.scss (line 9, column 19)
 (63cd4364)
2020-10-26T15:07:11.3329515+01:00  [ERR] ERROR in ./src/app/faq/faq.component.scss
Module build failed (from ./node_modules/sass-loader/lib/loader.js):

        color: #;
              ^
      Invalid CSS after "        color:": expected expression (e.g. 1px, bold), was "#;"
      in C:\Users\Budre\source\repos\oblig3\oblig3\ClientApp\src\app\faq\faq.component.scss (line 12, column 16)
 (a6df7f6c)
2020-10-26T15:08:48.3814779+01:00  [ERR] ERROR in ./src/app/faq/faq.component.scss
Module build failed (from ./node_modules/sass-loader/lib/loader.js):

        font
       ^
      Property "font" must be followed by a ':'
      in C:\Users\Budre\source\repos\oblig3\oblig3\ClientApp\src\app\faq\faq.component.scss (line 14, column 9)
 (8b49a676)
2020-10-26T15:08:49.5371346+01:00  [ERR] ERROR in ./src/app/faq/faq.component.scss
Module build failed (from ./node_modules/sass-loader/lib/loader.js):

        font-weight: ;
                  ^
      Style declaration must contain a value
      in C:\Users\Budre\source\repos\oblig3\oblig3\ClientApp\src\app\faq\faq.component.scss (line 14, column 20)
 (02f3b07b)
2020-10-26T15:09:38.6535909+01:00  [ERR] ERROR in ./src/app/faq/faq.component.scss
Module build failed (from ./node_modules/sass-loader/lib/loader.js):

        border: 3px solid #F94E4E;
                                 ^
      Invalid CSS after "... solid #F94E4E;": expected "}", was "&"
      in C:\Users\Budre\source\repos\oblig3\oblig3\ClientApp\src\app\faq\faq.component.scss (line 15, column 35)
 (023bafac)
2020-10-26T15:09:39.4789060+01:00  [ERR] ERROR in ./src/app/faq/faq.component.scss
Module build failed (from ./node_modules/sass-loader/lib/loader.js):

        border: 3px solid #F94E4E;
                                 ^
      Invalid CSS after "... solid #F94E4E;": expected "}", was "&:"
      in C:\Users\Budre\source\repos\oblig3\oblig3\ClientApp\src\app\faq\faq.component.scss (line 15, column 35)
 (fe17eb17)
2020-10-26T15:10:11.5894431+01:00  [ERR] ERROR in ./src/app/faq/faq.component.scss
Module build failed (from ./node_modules/sass-loader/lib/loader.js):

        transition: ;
                 ^
      Style declaration must contain a value
      in C:\Users\Budre\source\repos\oblig3\oblig3\ClientApp\src\app\faq\faq.component.scss (line 16, column 19)
 (25add04c)
2020-10-26T15:10:12.5930107+01:00  [ERR] ERROR in ./src/app/faq/faq.component.scss
Module build failed (from ./node_modules/sass-loader/lib/loader.js):

        transition: .;
                   ^
      Invalid CSS after "...    transition:": expected expression (e.g. 1px, bold), was ".;"
      in C:\Users\Budre\source\repos\oblig3\oblig3\ClientApp\src\app\faq\faq.component.scss (line 16, column 21)
 (a07ced29)
2020-10-26T15:11:38.2523912+01:00  [ERR] ERROR in ./src/app/faq/faq.component.scss
Module build failed (from ./node_modules/sass-loader/lib/loader.js):

        transition: background .3s ease;
                                       ^
      Invalid CSS after "...round .3s ease;": expected "}", was "&:hover, &: {"
      in C:\Users\Budre\source\repos\oblig3\oblig3\ClientApp\src\app\faq\faq.component.scss (line 16, column 41)
 (7de9225c)
2020-10-26T15:11:45.0175354+01:00  [ERR] ERROR in ./src/app/faq/faq.component.scss
Module build failed (from ./node_modules/sass-loader/lib/loader.js):

            outline: ;
                  ^
      Style declaration must contain a value
      in C:\Users\Budre\source\repos\oblig3\oblig3\ClientApp\src\app\faq\faq.component.scss (line 19, column 20)
 (5fc866b2)
2020-10-26T20:19:41.8630134+01:00  [INF] Application started. Press Ctrl+C to shut down. (dcaefe54)
2020-10-26T20:19:41.8807211+01:00  [INF] Hosting environment: "Development" (c3307c92)
2020-10-26T20:19:41.8848135+01:00  [INF] Content root path: "C:\Users\Budre\source\repos\oblig3\oblig3" (b5d60022)
2020-10-26T22:02:53.5670633+01:00  [INF] Application started. Press Ctrl+C to shut down. (dcaefe54)
2020-10-26T22:02:53.5827729+01:00  [INF] Hosting environment: "Development" (c3307c92)
2020-10-26T22:02:53.5858527+01:00  [INF] Content root path: "C:\Users\Budre\source\repos\oblig3\oblig3" (b5d60022)
2020-10-26T22:07:06.0477987+01:00  [ERR] ERROR in ./src/app/faq/faq.component.scss
Module build failed (from ./node_modules/sass-loader/lib/loader.js):

.modal 
      ^
      Invalid CSS after ".modal": expected "{", was ""
      in C:\Users\Budre\source\repos\oblig3\oblig3\ClientApp\src\app\faq\faq.component.scss (line 28, column 8)
 (12a55243)
2020-10-26T22:07:08.3848102+01:00  [ERR] ERROR in ./src/app/faq/faq.component.scss
Module build failed (from ./node_modules/sass-loader/lib/loader.js):

    displ
   ^
      Property "displ" must be followed by a ':'
      in C:\Users\Budre\source\repos\oblig3\oblig3\ClientApp\src\app\faq\faq.component.scss (line 29, column 5)
 (75860ac7)
2020-10-26T22:07:09.0732324+01:00  [ERR] ERROR in ./src/app/faq/faq.component.scss
Module build failed (from ./node_modules/sass-loader/lib/loader.js):

    display: ;
          ^
      Style declaration must contain a value
      in C:\Users\Budre\source\repos\oblig3\oblig3\ClientApp\src\app\faq\faq.component.scss (line 29, column 12)
 (8e644e19)
2020-10-26T22:07:15.7360557+01:00  [ERR] ERROR in ./src/app/faq/faq.component.scss
Module build failed (from ./node_modules/sass-loader/lib/loader.js):

    backgr
   ^
      Property "backgr" must be followed by a ':'
      in C:\Users\Budre\source\repos\oblig3\oblig3\ClientApp\src\app\faq\faq.component.scss (line 30, column 5)
 (2eabdd2b)
2020-10-26T22:07:16.3673299+01:00  [ERR] ERROR in ./src/app/faq/faq.component.scss
Module build failed (from ./node_modules/sass-loader/lib/loader.js):

    background: ;
             ^
      Style declaration must contain a value
      in C:\Users\Budre\source\repos\oblig3\oblig3\ClientApp\src\app\faq\faq.component.scss (line 30, column 15)
 (6a9d9475)
2020-10-26T22:07:59.2926993+01:00  [ERR] ERROR in ./src/app/faq/faq.component.scss
Module build failed (from ./node_modules/sass-loader/lib/loader.js):

        padding: ;
              ^
      Style declaration must contain a value
      in C:\Users\Budre\source\repos\oblig3\oblig3\ClientApp\src\app\faq\faq.component.scss (line 33, column 16)
 (c4cfa39d)
2020-10-26T22:08:07.4621722+01:00  [ERR] ERROR in ./src/app/faq/faq.component.scss
Module build failed (from ./node_modules/sass-loader/lib/loader.js):

        backgrou
       ^
      Property "backgrou" must be followed by a ':'
      in C:\Users\Budre\source\repos\oblig3\oblig3\ClientApp\src\app\faq\faq.component.scss (line 34, column 9)
 (f16bd78e)
2020-10-26T22:08:08.0099894+01:00  [ERR] ERROR in ./src/app/faq/faq.component.scss
Module build failed (from ./node_modules/sass-loader/lib/loader.js):

        background: ;
                 ^
      Style declaration must contain a value
      in C:\Users\Budre\source\repos\oblig3\oblig3\ClientApp\src\app\faq\faq.component.scss (line 34, column 19)
 (b66336fa)
2020-10-26T22:08:13.7962512+01:00  [ERR] ERROR in ./src/app/faq/faq.component.scss
Module build failed (from ./node_modules/sass-loader/lib/loader.js):

        disp
       ^
      Property "disp" must be followed by a ':'
      in C:\Users\Budre\source\repos\oblig3\oblig3\ClientApp\src\app\faq\faq.component.scss (line 35, column 9)
 (53a2f9ee)
2020-10-26T22:08:14.8631504+01:00  [ERR] ERROR in ./src/app/faq/faq.component.scss
Module build failed (from ./node_modules/sass-loader/lib/loader.js):

        display: ;
              ^
      Style declaration must contain a value
      in C:\Users\Budre\source\repos\oblig3\oblig3\ClientApp\src\app\faq\faq.component.scss (line 35, column 16)
 (bab928ee)
2020-10-26T22:08:18.3207382+01:00  [ERR] ERROR in ./src/app/faq/faq.component.scss
Module build failed (from ./node_modules/sass-loader/lib/loader.js):

        just
       ^
      Property "just" must be followed by a ':'
      in C:\Users\Budre\source\repos\oblig3\oblig3\ClientApp\src\app\faq\faq.component.scss (line 36, column 9)
 (d0dd0ecd)
2020-10-26T22:08:19.1506018+01:00  [ERR] ERROR in ./src/app/faq/faq.component.scss
Module build failed (from ./node_modules/sass-loader/lib/loader.js):

        justify-content: ;
                      ^
      Style declaration must contain a value
      in C:\Users\Budre\source\repos\oblig3\oblig3\ClientApp\src\app\faq\faq.component.scss (line 36, column 24)
 (4503c51d)
2020-10-26T22:08:21.6346557+01:00  [ERR] ERROR in ./src/app/faq/faq.component.scss
Module build failed (from ./node_modules/sass-loader/lib/loader.js):

        alig
       ^
      Property "alig" must be followed by a ':'
      in C:\Users\Budre\source\repos\oblig3\oblig3\ClientApp\src\app\faq\faq.component.scss (line 37, column 9)
 (b4cbd38f)
2020-10-26T22:08:22.2455917+01:00  [ERR] ERROR in ./src/app/faq/faq.component.scss
Module build failed (from ./node_modules/sass-loader/lib/loader.js):

        align-self: ;
                 ^
      Style declaration must contain a value
      in C:\Users\Budre\source\repos\oblig3\oblig3\ClientApp\src\app\faq\faq.component.scss (line 37, column 19)
 (303a7394)
2020-10-26T22:08:23.4076257+01:00  [ERR] ERROR in ./src/app/faq/faq.component.scss
Module build failed (from ./node_modules/sass-loader/lib/loader.js):

        alig
       ^
      Property "alig" must be followed by a ':'
      in C:\Users\Budre\source\repos\oblig3\oblig3\ClientApp\src\app\faq\faq.component.scss (line 37, column 9)
 (b4cbd38f)
2020-10-26T22:08:24.6692713+01:00  [ERR] ERROR in ./src/app/faq/faq.component.scss
Module build failed (from ./node_modules/sass-loader/lib/loader.js):

        align
       ^
      Property "align" must be followed by a ':'
      in C:\Users\Budre\source\repos\oblig3\oblig3\ClientApp\src\app\faq\faq.component.scss (line 37, column 9)
 (083c7b73)
2020-10-26T22:08:25.5594131+01:00  [ERR] ERROR in ./src/app/faq/faq.component.scss
Module build failed (from ./node_modules/sass-loader/lib/loader.js):

        align-
       ^
      Property "align-" must be followed by a ':'
      in C:\Users\Budre\source\repos\oblig3\oblig3\ClientApp\src\app\faq\faq.component.scss (line 37, column 9)
 (8738c64f)
2020-10-26T22:08:27.5226870+01:00  [ERR] ERROR in ./src/app/faq/faq.component.scss
Module build failed (from ./node_modules/sass-loader/lib/loader.js):

        align-items: ;
                  ^
      Style declaration must contain a value
      in C:\Users\Budre\source\repos\oblig3\oblig3\ClientApp\src\app\faq\faq.component.scss (line 37, column 20)
 (947758df)
2020-10-26T22:08:33.6892327+01:00  [ERR] ERROR in ./src/app/faq/faq.component.scss
Module build failed (from ./node_modules/sass-loader/lib/loader.js):

        border
       ^
      Property "border" must be followed by a ':'
      in C:\Users\Budre\source\repos\oblig3\oblig3\ClientApp\src\app\faq\faq.component.scss (line 38, column 9)
 (9c9c3c92)
2020-10-26T22:08:34.6972752+01:00  [ERR] ERROR in ./src/app/faq/faq.component.scss
Module build failed (from ./node_modules/sass-loader/lib/loader.js):

        border-ra
       ^
      Property "border-ra" must be followed by a ':'
      in C:\Users\Budre\source\repos\oblig3\oblig3\ClientApp\src\app\faq\faq.component.scss (line 38, column 9)
 (57d79472)
2020-10-26T22:08:35.2065286+01:00  [ERR] ERROR in ./src/app/faq/faq.component.scss
Module build failed (from ./node_modules/sass-loader/lib/loader.js):

        border-radius: ;
                    ^
      Style declaration must contain a value
      in C:\Users\Budre\source\repos\oblig3\oblig3\ClientApp\src\app\faq\faq.component.scss (line 38, column 22)
 (45dfca65)
2020-10-26T22:13:07.1750986+01:00  [ERR] ERROR in ./src/app/faq/faq.component.scss
Module build failed (from ./node_modules/sass-loader/lib/loader.js):

    input 
   ^
      Property "input" must be followed by a ':'
      in C:\Users\Budre\source\repos\oblig3\oblig3\ClientApp\src\app\faq\faq.component.scss (line 40, column 5)
 (9690d324)
2020-10-26T22:13:09.7346152+01:00  [ERR] ERROR in ./src/app/faq/faq.component.scss
Module build failed (from ./node_modules/sass-loader/lib/loader.js):

        display: ;
              ^
      Style declaration must contain a value
      in C:\Users\Budre\source\repos\oblig3\oblig3\ClientApp\src\app\faq\faq.component.scss (line 41, column 16)
 (571e15d0)
2020-10-26T22:13:13.4303163+01:00  [ERR] ERROR in ./src/app/faq/faq.component.scss
Module build failed (from ./node_modules/sass-loader/lib/loader.js):

        wid
       ^
      Property "wid" must be followed by a ':'
      in C:\Users\Budre\source\repos\oblig3\oblig3\ClientApp\src\app\faq\faq.component.scss (line 42, column 9)
 (f5e88b8f)
2020-10-26T22:19:27.1990185+01:00  [ERR] ERROR in ./src/app/faq/faq.component.scss
Module build failed (from ./node_modules/sass-loader/lib/loader.js):

        displa
       ^
      Property "displa" must be followed by a ':'
      in C:\Users\Budre\source\repos\oblig3\oblig3\ClientApp\src\app\faq\faq.component.scss (line 41, column 9)
 (3f62bea6)
2020-10-26T22:19:27.7267615+01:00  [ERR] ERROR in ./src/app/faq/faq.component.scss
Module build failed (from ./node_modules/sass-loader/lib/loader.js):

        display: ;
              ^
      Style declaration must contain a value
      in C:\Users\Budre\source\repos\oblig3\oblig3\ClientApp\src\app\faq\faq.component.scss (line 41, column 16)
 (571e15d0)
2020-10-26T22:20:13.9452135+01:00  [ERR] ERROR in ./src/styles.scss
Module build failed (from ./node_modules/mini-css-extract-plugin/dist/loader.js):
ModuleBuildError: Module build failed (from ./node_modules/sass-loader/lib/loader.js):

  font
 ^
      Property "font" must be followed by a ':'
      in C:\Users\Budre\source\repos\oblig3\oblig3\ClientApp\src\styles.scss (line 88, column 3)
    at C:\Users\Budre\source\repos\oblig3\oblig3\ClientApp\node_modules\webpack\lib\NormalModule.js:313:20
    at C:\Users\Budre\source\repos\oblig3\oblig3\ClientApp\node_modules\loader-runner\lib\LoaderRunner.js:367:11
    at C:\Users\Budre\source\repos\oblig3\oblig3\ClientApp\node_modules\loader-runner\lib\LoaderRunner.js:233:18
    at context.callback (C:\Users\Budre\source\repos\oblig3\oblig3\ClientApp\node_modules\loader-runner\lib\LoaderRunner.js:111:13)
    at Object.callback (C:\Users\Budre\source\repos\oblig3\oblig3\ClientApp\node_modules\sass-loader\lib\loader.js:90:7)
    at Object.done [as callback] (C:\Users\Budre\source\repos\oblig3\oblig3\ClientApp\node_modules\neo-async\async.js:8067:18)
    at options.error (C:\Users\Budre\source\repos\oblig3\oblig3\ClientApp\node_modules\node-sass\lib\index.js:294:32)
 (a5e4e78a)
2020-10-26T22:20:15.4352809+01:00  [ERR] ERROR in ./src/styles.scss
Module build failed (from ./node_modules/mini-css-extract-plugin/dist/loader.js):
ModuleBuildError: Module build failed (from ./node_modules/sass-loader/lib/loader.js):

  font-s
 ^
      Property "font-s" must be followed by a ':'
      in C:\Users\Budre\source\repos\oblig3\oblig3\ClientApp\src\styles.scss (line 88, column 3)
    at C:\Users\Budre\source\repos\oblig3\oblig3\ClientApp\node_modules\webpack\lib\NormalModule.js:313:20
    at C:\Users\Budre\source\repos\oblig3\oblig3\ClientApp\node_modules\loader-runner\lib\LoaderRunner.js:367:11
    at C:\Users\Budre\source\repos\oblig3\oblig3\ClientApp\node_modules\loader-runner\lib\LoaderRunner.js:233:18
    at context.callback (C:\Users\Budre\source\repos\oblig3\oblig3\ClientApp\node_modules\loader-runner\lib\LoaderRunner.js:111:13)
    at Object.callback (C:\Users\Budre\source\repos\oblig3\oblig3\ClientApp\node_modules\sass-loader\lib\loader.js:90:7)
    at Object.done [as callback] (C:\Users\Budre\source\repos\oblig3\oblig3\ClientApp\node_modules\neo-async\async.js:8067:18)
    at options.error (C:\Users\Budre\source\repos\oblig3\oblig3\ClientApp\node_modules\node-sass\lib\index.js:294:32)
 (a1608df8)
2020-10-26T22:20:16.1201408+01:00  [ERR] ERROR in ./src/styles.scss
Module build failed (from ./node_modules/mini-css-extract-plugin/dist/loader.js):
ModuleBuildError: Module build failed (from ./node_modules/sass-loader/lib/loader.js):

  font-size: ;
          ^
      Style declaration must contain a value
      in C:\Users\Budre\source\repos\oblig3\oblig3\ClientApp\src\styles.scss (line 88, column 12)
    at C:\Users\Budre\source\repos\oblig3\oblig3\ClientApp\node_modules\webpack\lib\NormalModule.js:313:20
    at C:\Users\Budre\source\repos\oblig3\oblig3\ClientApp\node_modules\loader-runner\lib\LoaderRunner.js:367:11
    at C:\Users\Budre\source\repos\oblig3\oblig3\ClientApp\node_modules\loader-runner\lib\LoaderRunner.js:233:18
    at context.callback (C:\Users\Budre\source\repos\oblig3\oblig3\ClientApp\node_modules\loader-runner\lib\LoaderRunner.js:111:13)
    at Object.callback (C:\Users\Budre\source\repos\oblig3\oblig3\ClientApp\node_modules\sass-loader\lib\loader.js:90:7)
    at Object.done [as callback] (C:\Users\Budre\source\repos\oblig3\oblig3\ClientApp\node_modules\neo-async\async.js:8067:18)
    at options.error (C:\Users\Budre\source\repos\oblig3\oblig3\ClientApp\node_modules\node-sass\lib\index.js:294:32)
 (280d0ff9)
2020-10-26T22:20:17.2524572+01:00  [ERR] ERROR in ./src/styles.scss
Module build failed (from ./node_modules/mini-css-extract-plugin/dist/loader.js):
ModuleBuildError: Module build failed (from ./node_modules/sass-loader/lib/loader.js):

  font-s
 ^
      Property "font-s" must be followed by a ':'
      in C:\Users\Budre\source\repos\oblig3\oblig3\ClientApp\src\styles.scss (line 88, column 3)
    at C:\Users\Budre\source\repos\oblig3\oblig3\ClientApp\node_modules\webpack\lib\NormalModule.js:313:20
    at C:\Users\Budre\source\repos\oblig3\oblig3\ClientApp\node_modules\loader-runner\lib\LoaderRunner.js:367:11
    at C:\Users\Budre\source\repos\oblig3\oblig3\ClientApp\node_modules\loader-runner\lib\LoaderRunner.js:233:18
    at context.callback (C:\Users\Budre\source\repos\oblig3\oblig3\ClientApp\node_modules\loader-runner\lib\LoaderRunner.js:111:13)
    at Object.callback (C:\Users\Budre\source\repos\oblig3\oblig3\ClientApp\node_modules\sass-loader\lib\loader.js:90:7)
    at Object.done [as callback] (C:\Users\Budre\source\repos\oblig3\oblig3\ClientApp\node_modules\neo-async\async.js:8067:18)
    at options.error (C:\Users\Budre\source\repos\oblig3\oblig3\ClientApp\node_modules\node-sass\lib\index.js:294:32)
 (a1608df8)
2020-10-26T22:20:18.5491479+01:00  [ERR] ERROR in ./src/styles.scss
Module build failed (from ./node_modules/mini-css-extract-plugin/dist/loader.js):
ModuleBuildError: Module build failed (from ./node_modules/sass-loader/lib/loader.js):

  font-sty
 ^
      Property "font-sty" must be followed by a ':'
      in C:\Users\Budre\source\repos\oblig3\oblig3\ClientApp\src\styles.scss (line 88, column 3)
    at C:\Users\Budre\source\repos\oblig3\oblig3\ClientApp\node_modules\webpack\lib\NormalModule.js:313:20
    at C:\Users\Budre\source\repos\oblig3\oblig3\ClientApp\node_modules\loader-runner\lib\LoaderRunner.js:367:11
    at C:\Users\Budre\source\repos\oblig3\oblig3\ClientApp\node_modules\loader-runner\lib\LoaderRunner.js:233:18
    at context.callback (C:\Users\Budre\source\repos\oblig3\oblig3\ClientApp\node_modules\loader-runner\lib\LoaderRunner.js:111:13)
    at Object.callback (C:\Users\Budre\source\repos\oblig3\oblig3\ClientApp\node_modules\sass-loader\lib\loader.js:90:7)
    at Object.done [as callback] (C:\Users\Budre\source\repos\oblig3\oblig3\ClientApp\node_modules\neo-async\async.js:8067:18)
    at options.error (C:\Users\Budre\source\repos\oblig3\oblig3\ClientApp\node_modules\node-sass\lib\index.js:294:32)
 (11bc3325)
2020-10-26T22:20:19.2096984+01:00  [ERR] ERROR in ./src/styles.scss
Module build failed (from ./node_modules/mini-css-extract-plugin/dist/loader.js):
ModuleBuildError: Module build failed (from ./node_modules/sass-loader/lib/loader.js):

  font-style: ;
           ^
      Style declaration must contain a value
      in C:\Users\Budre\source\repos\oblig3\oblig3\ClientApp\src\styles.scss (line 88, column 13)
    at C:\Users\Budre\source\repos\oblig3\oblig3\ClientApp\node_modules\webpack\lib\NormalModule.js:313:20
    at C:\Users\Budre\source\repos\oblig3\oblig3\ClientApp\node_modules\loader-runner\lib\LoaderRunner.js:367:11
    at C:\Users\Budre\source\repos\oblig3\oblig3\ClientApp\node_modules\loader-runner\lib\LoaderRunner.js:233:18
    at context.callback (C:\Users\Budre\source\repos\oblig3\oblig3\ClientApp\node_modules\loader-runner\lib\LoaderRunner.js:111:13)
    at Object.callback (C:\Users\Budre\source\repos\oblig3\oblig3\ClientApp\node_modules\sass-loader\lib\loader.js:90:7)
    at Object.done [as callback] (C:\Users\Budre\source\repos\oblig3\oblig3\ClientApp\node_modules\neo-async\async.js:8067:18)
    at options.error (C:\Users\Budre\source\repos\oblig3\oblig3\ClientApp\node_modules\node-sass\lib\index.js:294:32)
 (bf385afa)
2020-10-26T22:20:33.2095849+01:00  [ERR] ERROR in ./src/styles.scss
Module build failed (from ./node_modules/mini-css-extract-plugin/dist/loader.js):
ModuleBuildError: Module build failed (from ./node_modules/sass-loader/lib/loader.js):

  font
 ^
      Property "font" must be followed by a ':'
      in C:\Users\Budre\source\repos\oblig3\oblig3\ClientApp\src\styles.scss (line 89, column 3)
    at C:\Users\Budre\source\repos\oblig3\oblig3\ClientApp\node_modules\webpack\lib\NormalModule.js:313:20
    at C:\Users\Budre\source\repos\oblig3\oblig3\ClientApp\node_modules\loader-runner\lib\LoaderRunner.js:367:11
    at C:\Users\Budre\source\repos\oblig3\oblig3\ClientApp\node_modules\loader-runner\lib\LoaderRunner.js:233:18
    at context.callback (C:\Users\Budre\source\repos\oblig3\oblig3\ClientApp\node_modules\loader-runner\lib\LoaderRunner.js:111:13)
    at Object.callback (C:\Users\Budre\source\repos\oblig3\oblig3\ClientApp\node_modules\sass-loader\lib\loader.js:90:7)
    at Object.done [as callback] (C:\Users\Budre\source\repos\oblig3\oblig3\ClientApp\node_modules\neo-async\async.js:8067:18)
    at options.error (C:\Users\Budre\source\repos\oblig3\oblig3\ClientApp\node_modules\node-sass\lib\index.js:294:32)
 (36275bdc)
2020-10-26T22:20:43.5055877+01:00  [ERR] ERROR in ./src/styles.scss
Module build failed (from ./node_modules/mini-css-extract-plugin/dist/loader.js):
ModuleBuildError: Module build failed (from ./node_modules/sass-loader/lib/loader.js):

  font-
 ^
      Property "font-" must be followed by a ':'
      in C:\Users\Budre\source\repos\oblig3\oblig3\ClientApp\src\styles.scss (line 89, column 3)
    at C:\Users\Budre\source\repos\oblig3\oblig3\ClientApp\node_modules\webpack\lib\NormalModule.js:313:20
    at C:\Users\Budre\source\repos\oblig3\oblig3\ClientApp\node_modules\loader-runner\lib\LoaderRunner.js:367:11
    at C:\Users\Budre\source\repos\oblig3\oblig3\ClientApp\node_modules\loader-runner\lib\LoaderRunner.js:233:18
    at context.callback (C:\Users\Budre\source\repos\oblig3\oblig3\ClientApp\node_modules\loader-runner\lib\LoaderRunner.js:111:13)
    at Object.callback (C:\Users\Budre\source\repos\oblig3\oblig3\ClientApp\node_modules\sass-loader\lib\loader.js:90:7)
    at Object.done [as callback] (C:\Users\Budre\source\repos\oblig3\oblig3\ClientApp\node_modules\neo-async\async.js:8067:18)
    at options.error (C:\Users\Budre\source\repos\oblig3\oblig3\ClientApp\node_modules\node-sass\lib\index.js:294:32)
 (f4c0adce)
2020-10-26T22:20:45.4825059+01:00  [ERR] ERROR in ./src/styles.scss
Module build failed (from ./node_modules/mini-css-extract-plugin/dist/loader.js):
ModuleBuildError: Module build failed (from ./node_modules/sass-loader/lib/loader.js):

  font-s
 ^
      Property "font-s" must be followed by a ':'
      in C:\Users\Budre\source\repos\oblig3\oblig3\ClientApp\src\styles.scss (line 89, column 3)
    at C:\Users\Budre\source\repos\oblig3\oblig3\ClientApp\node_modules\webpack\lib\NormalModule.js:313:20
    at C:\Users\Budre\source\repos\oblig3\oblig3\ClientApp\node_modules\loader-runner\lib\LoaderRunner.js:367:11
    at C:\Users\Budre\source\repos\oblig3\oblig3\ClientApp\node_modules\loader-runner\lib\LoaderRunner.js:233:18
    at context.callback (C:\Users\Budre\source\repos\oblig3\oblig3\ClientApp\node_modules\loader-runner\lib\LoaderRunner.js:111:13)
    at Object.callback (C:\Users\Budre\source\repos\oblig3\oblig3\ClientApp\node_modules\sass-loader\lib\loader.js:90:7)
    at Object.done [as callback] (C:\Users\Budre\source\repos\oblig3\oblig3\ClientApp\node_modules\neo-async\async.js:8067:18)
    at options.error (C:\Users\Budre\source\repos\oblig3\oblig3\ClientApp\node_modules\node-sass\lib\index.js:294:32)
 (91f01b21)
2020-10-26T22:20:45.9810482+01:00  [ERR] ERROR in ./src/styles.scss
Module build failed (from ./node_modules/mini-css-extract-plugin/dist/loader.js):
ModuleBuildError: Module build failed (from ./node_modules/sass-loader/lib/loader.js):

  font-
 ^
      Property "font-" must be followed by a ':'
      in C:\Users\Budre\source\repos\oblig3\oblig3\ClientApp\src\styles.scss (line 89, column 3)
    at C:\Users\Budre\source\repos\oblig3\oblig3\ClientApp\node_modules\webpack\lib\NormalModule.js:313:20
    at C:\Users\Budre\source\repos\oblig3\oblig3\ClientApp\node_modules\loader-runner\lib\LoaderRunner.js:367:11
    at C:\Users\Budre\source\repos\oblig3\oblig3\ClientApp\node_modules\loader-runner\lib\LoaderRunner.js:233:18
    at context.callback (C:\Users\Budre\source\repos\oblig3\oblig3\ClientApp\node_modules\loader-runner\lib\LoaderRunner.js:111:13)
    at Object.callback (C:\Users\Budre\source\repos\oblig3\oblig3\ClientApp\node_modules\sass-loader\lib\loader.js:90:7)
    at Object.done [as callback] (C:\Users\Budre\source\repos\oblig3\oblig3\ClientApp\node_modules\neo-async\async.js:8067:18)
    at options.error (C:\Users\Budre\source\repos\oblig3\oblig3\ClientApp\node_modules\node-sass\lib\index.js:294:32)
 (f4c0adce)
2020-10-26T22:20:46.6834028+01:00  [ERR] ERROR in ./src/styles.scss
Module build failed (from ./node_modules/mini-css-extract-plugin/dist/loader.js):
ModuleBuildError: Module build failed (from ./node_modules/sass-loader/lib/loader.js):

  font-s
 ^
      Property "font-s" must be followed by a ':'
      in C:\Users\Budre\source\repos\oblig3\oblig3\ClientApp\src\styles.scss (line 89, column 3)
    at C:\Users\Budre\source\repos\oblig3\oblig3\ClientApp\node_modules\webpack\lib\NormalModule.js:313:20
    at C:\Users\Budre\source\repos\oblig3\oblig3\ClientApp\node_modules\loader-runner\lib\LoaderRunner.js:367:11
    at C:\Users\Budre\source\repos\oblig3\oblig3\ClientApp\node_modules\loader-runner\lib\LoaderRunner.js:233:18
    at context.callback (C:\Users\Budre\source\repos\oblig3\oblig3\ClientApp\node_modules\loader-runner\lib\LoaderRunner.js:111:13)
    at Object.callback (C:\Users\Budre\source\repos\oblig3\oblig3\ClientApp\node_modules\sass-loader\lib\loader.js:90:7)
    at Object.done [as callback] (C:\Users\Budre\source\repos\oblig3\oblig3\ClientApp\node_modules\neo-async\async.js:8067:18)
    at options.error (C:\Users\Budre\source\repos\oblig3\oblig3\ClientApp\node_modules\node-sass\lib\index.js:294:32)
 (91f01b21)
2020-10-26T22:20:48.1764704+01:00  [ERR] ERROR in ./src/styles.scss
Module build failed (from ./node_modules/mini-css-extract-plugin/dist/loader.js):
ModuleBuildError: Module build failed (from ./node_modules/sass-loader/lib/loader.js):

  font-st
 ^
      Property "font-st" must be followed by a ':'
      in C:\Users\Budre\source\repos\oblig3\oblig3\ClientApp\src\styles.scss (line 89, column 3)
    at C:\Users\Budre\source\repos\oblig3\oblig3\ClientApp\node_modules\webpack\lib\NormalModule.js:313:20
    at C:\Users\Budre\source\repos\oblig3\oblig3\ClientApp\node_modules\loader-runner\lib\LoaderRunner.js:367:11
    at C:\Users\Budre\source\repos\oblig3\oblig3\ClientApp\node_modules\loader-runner\lib\LoaderRunner.js:233:18
    at context.callback (C:\Users\Budre\source\repos\oblig3\oblig3\ClientApp\node_modules\loader-runner\lib\LoaderRunner.js:111:13)
    at Object.callback (C:\Users\Budre\source\repos\oblig3\oblig3\ClientApp\node_modules\sass-loader\lib\loader.js:90:7)
    at Object.done [as callback] (C:\Users\Budre\source\repos\oblig3\oblig3\ClientApp\node_modules\neo-async\async.js:8067:18)
    at options.error (C:\Users\Budre\source\repos\oblig3\oblig3\ClientApp\node_modules\node-sass\lib\index.js:294:32)
 (1ffe71ed)
2020-10-26T22:20:48.8815852+01:00  [ERR] ERROR in ./src/styles.scss
Module build failed (from ./node_modules/mini-css-extract-plugin/dist/loader.js):
ModuleBuildError: Module build failed (from ./node_modules/sass-loader/lib/loader.js):

  font-
 ^
      Property "font-" must be followed by a ':'
      in C:\Users\Budre\source\repos\oblig3\oblig3\ClientApp\src\styles.scss (line 89, column 3)
    at C:\Users\Budre\source\repos\oblig3\oblig3\ClientApp\node_modules\webpack\lib\NormalModule.js:313:20
    at C:\Users\Budre\source\repos\oblig3\oblig3\ClientApp\node_modules\loader-runner\lib\LoaderRunner.js:367:11
    at C:\Users\Budre\source\repos\oblig3\oblig3\ClientApp\node_modules\loader-runner\lib\LoaderRunner.js:233:18
    at context.callback (C:\Users\Budre\source\repos\oblig3\oblig3\ClientApp\node_modules\loader-runner\lib\LoaderRunner.js:111:13)
    at Object.callback (C:\Users\Budre\source\repos\oblig3\oblig3\ClientApp\node_modules\sass-loader\lib\loader.js:90:7)
    at Object.done [as callback] (C:\Users\Budre\source\repos\oblig3\oblig3\ClientApp\node_modules\neo-async\async.js:8067:18)
    at options.error (C:\Users\Budre\source\repos\oblig3\oblig3\ClientApp\node_modules\node-sass\lib\index.js:294:32)
 (f4c0adce)
2020-10-26T22:20:51.0383117+01:00  [ERR] ERROR in ./src/styles.scss
Module build failed (from ./node_modules/mini-css-extract-plugin/dist/loader.js):
ModuleBuildError: Module build failed (from ./node_modules/sass-loader/lib/loader.js):

  font-
 ^
      Property "font-" must be followed by a ':'
      in C:\Users\Budre\source\repos\oblig3\oblig3\ClientApp\src\styles.scss (line 89, column 3)
    at C:\Users\Budre\source\repos\oblig3\oblig3\ClientApp\node_modules\webpack\lib\NormalModule.js:313:20
    at C:\Users\Budre\source\repos\oblig3\oblig3\ClientApp\node_modules\loader-runner\lib\LoaderRunner.js:367:11
    at C:\Users\Budre\source\repos\oblig3\oblig3\ClientApp\node_modules\loader-runner\lib\LoaderRunner.js:233:18
    at context.callback (C:\Users\Budre\source\repos\oblig3\oblig3\ClientApp\node_modules\loader-runner\lib\LoaderRunner.js:111:13)
    at Object.callback (C:\Users\Budre\source\repos\oblig3\oblig3\ClientApp\node_modules\sass-loader\lib\loader.js:90:7)
    at Object.done [as callback] (C:\Users\Budre\source\repos\oblig3\oblig3\ClientApp\node_modules\neo-async\async.js:8067:18)
    at options.error (C:\Users\Budre\source\repos\oblig3\oblig3\ClientApp\node_modules\node-sass\lib\index.js:294:32)
 (f4c0adce)
2020-10-26T22:20:52.2810585+01:00  [ERR] ERROR in ./src/styles.scss
Module build failed (from ./node_modules/mini-css-extract-plugin/dist/loader.js):
ModuleBuildError: Module build failed (from ./node_modules/sass-loader/lib/loader.js):

  font-s
 ^
      Property "font-s" must be followed by a ':'
      in C:\Users\Budre\source\repos\oblig3\oblig3\ClientApp\src\styles.scss (line 89, column 3)
    at C:\Users\Budre\source\repos\oblig3\oblig3\ClientApp\node_modules\webpack\lib\NormalModule.js:313:20
    at C:\Users\Budre\source\repos\oblig3\oblig3\ClientApp\node_modules\loader-runner\lib\LoaderRunner.js:367:11
    at C:\Users\Budre\source\repos\oblig3\oblig3\ClientApp\node_modules\loader-runner\lib\LoaderRunner.js:233:18
    at context.callback (C:\Users\Budre\source\repos\oblig3\oblig3\ClientApp\node_modules\loader-runner\lib\LoaderRunner.js:111:13)
    at Object.callback (C:\Users\Budre\source\repos\oblig3\oblig3\ClientApp\node_modules\sass-loader\lib\loader.js:90:7)
    at Object.done [as callback] (C:\Users\Budre\source\repos\oblig3\oblig3\ClientApp\node_modules\neo-async\async.js:8067:18)
    at options.error (C:\Users\Budre\source\repos\oblig3\oblig3\ClientApp\node_modules\node-sass\lib\index.js:294:32)
 (91f01b21)
2020-10-26T22:20:53.4379832+01:00  [ERR] ERROR in ./src/styles.scss
Module build failed (from ./node_modules/mini-css-extract-plugin/dist/loader.js):
ModuleBuildError: Module build failed (from ./node_modules/sass-loader/lib/loader.js):

  font-st
 ^
      Property "font-st" must be followed by a ':'
      in C:\Users\Budre\source\repos\oblig3\oblig3\ClientApp\src\styles.scss (line 89, column 3)
    at C:\Users\Budre\source\repos\oblig3\oblig3\ClientApp\node_modules\webpack\lib\NormalModule.js:313:20
    at C:\Users\Budre\source\repos\oblig3\oblig3\ClientApp\node_modules\loader-runner\lib\LoaderRunner.js:367:11
    at C:\Users\Budre\source\repos\oblig3\oblig3\ClientApp\node_modules\loader-runner\lib\LoaderRunner.js:233:18
    at context.callback (C:\Users\Budre\source\repos\oblig3\oblig3\ClientApp\node_modules\loader-runner\lib\LoaderRunner.js:111:13)
    at Object.callback (C:\Users\Budre\source\repos\oblig3\oblig3\ClientApp\node_modules\sass-loader\lib\loader.js:90:7)
    at Object.done [as callback] (C:\Users\Budre\source\repos\oblig3\oblig3\ClientApp\node_modules\neo-async\async.js:8067:18)
    at options.error (C:\Users\Budre\source\repos\oblig3\oblig3\ClientApp\node_modules\node-sass\lib\index.js:294:32)
 (1475243c)
2020-10-26T22:20:54.3001888+01:00  [ERR] ERROR in ./src/styles.scss
Module build failed (from ./node_modules/mini-css-extract-plugin/dist/loader.js):
ModuleBuildError: Module build failed (from ./node_modules/sass-loader/lib/loader.js):

  font-strre
 ^
      Property "font-strre" must be followed by a ':'
      in C:\Users\Budre\source\repos\oblig3\oblig3\ClientApp\src\styles.scss (line 89, column 3)
    at C:\Users\Budre\source\repos\oblig3\oblig3\ClientApp\node_modules\webpack\lib\NormalModule.js:313:20
    at C:\Users\Budre\source\repos\oblig3\oblig3\ClientApp\node_modules\loader-runner\lib\LoaderRunner.js:367:11
    at C:\Users\Budre\source\repos\oblig3\oblig3\ClientApp\node_modules\loader-runner\lib\LoaderRunner.js:233:18
    at context.callback (C:\Users\Budre\source\repos\oblig3\oblig3\ClientApp\node_modules\loader-runner\lib\LoaderRunner.js:111:13)
    at Object.callback (C:\Users\Budre\source\repos\oblig3\oblig3\ClientApp\node_modules\sass-loader\lib\loader.js:90:7)
    at Object.done [as callback] (C:\Users\Budre\source\repos\oblig3\oblig3\ClientApp\node_modules\neo-async\async.js:8067:18)
    at options.error (C:\Users\Budre\source\repos\oblig3\oblig3\ClientApp\node_modules\node-sass\lib\index.js:294:32)
 (01cbe8dc)
2020-10-26T22:20:56.0093070+01:00  [ERR] ERROR in ./src/styles.scss
Module build failed (from ./node_modules/mini-css-extract-plugin/dist/loader.js):
ModuleBuildError: Module build failed (from ./node_modules/sass-loader/lib/loader.js):

  font-
 ^
      Property "font-" must be followed by a ':'
      in C:\Users\Budre\source\repos\oblig3\oblig3\ClientApp\src\styles.scss (line 89, column 3)
    at C:\Users\Budre\source\repos\oblig3\oblig3\ClientApp\node_modules\webpack\lib\NormalModule.js:313:20
    at C:\Users\Budre\source\repos\oblig3\oblig3\ClientApp\node_modules\loader-runner\lib\LoaderRunner.js:367:11
    at C:\Users\Budre\source\repos\oblig3\oblig3\ClientApp\node_modules\loader-runner\lib\LoaderRunner.js:233:18
    at context.callback (C:\Users\Budre\source\repos\oblig3\oblig3\ClientApp\node_modules\loader-runner\lib\LoaderRunner.js:111:13)
    at Object.callback (C:\Users\Budre\source\repos\oblig3\oblig3\ClientApp\node_modules\sass-loader\lib\loader.js:90:7)
    at Object.done [as callback] (C:\Users\Budre\source\repos\oblig3\oblig3\ClientApp\node_modules\neo-async\async.js:8067:18)
    at options.error (C:\Users\Budre\source\repos\oblig3\oblig3\ClientApp\node_modules\node-sass\lib\index.js:294:32)
 (f4c0adce)
2020-10-26T22:20:57.7042601+01:00  [ERR] ERROR in ./src/styles.scss
Module build failed (from ./node_modules/mini-css-extract-plugin/dist/loader.js):
ModuleBuildError: Module build failed (from ./node_modules/sass-loader/lib/loader.js):

  font-size: ;
          ^
      Style declaration must contain a value
      in C:\Users\Budre\source\repos\oblig3\oblig3\ClientApp\src\styles.scss (line 89, column 12)
    at C:\Users\Budre\source\repos\oblig3\oblig3\ClientApp\node_modules\webpack\lib\NormalModule.js:313:20
    at C:\Users\Budre\source\repos\oblig3\oblig3\ClientApp\node_modules\loader-runner\lib\LoaderRunner.js:367:11
    at C:\Users\Budre\source\repos\oblig3\oblig3\ClientApp\node_modules\loader-runner\lib\LoaderRunner.js:233:18
    at context.callback (C:\Users\Budre\source\repos\oblig3\oblig3\ClientApp\node_modules\loader-runner\lib\LoaderRunner.js:111:13)
    at Object.callback (C:\Users\Budre\source\repos\oblig3\oblig3\ClientApp\node_modules\sass-loader\lib\loader.js:90:7)
    at Object.done [as callback] (C:\Users\Budre\source\repos\oblig3\oblig3\ClientApp\node_modules\neo-async\async.js:8067:18)
    at options.error (C:\Users\Budre\source\repos\oblig3\oblig3\ClientApp\node_modules\node-sass\lib\index.js:294:32)
 (48a8b856)
2020-10-26T22:22:12.8581336+01:00  [ERR] ERROR in ./src/styles.scss
Module build failed (from ./node_modules/mini-css-extract-plugin/dist/loader.js):
ModuleBuildError: Module build failed (from ./node_modules/sass-loader/lib/loader.js):

  font
 ^
      Property "font" must be followed by a ':'
      in C:\Users\Budre\source\repos\oblig3\oblig3\ClientApp\src\styles.scss (line 87, column 3)
    at C:\Users\Budre\source\repos\oblig3\oblig3\ClientApp\node_modules\webpack\lib\NormalModule.js:313:20
    at C:\Users\Budre\source\repos\oblig3\oblig3\ClientApp\node_modules\loader-runner\lib\LoaderRunner.js:367:11
    at C:\Users\Budre\source\repos\oblig3\oblig3\ClientApp\node_modules\loader-runner\lib\LoaderRunner.js:233:18
    at context.callback (C:\Users\Budre\source\repos\oblig3\oblig3\ClientApp\node_modules\loader-runner\lib\LoaderRunner.js:111:13)
    at Object.callback (C:\Users\Budre\source\repos\oblig3\oblig3\ClientApp\node_modules\sass-loader\lib\loader.js:90:7)
    at Object.done [as callback] (C:\Users\Budre\source\repos\oblig3\oblig3\ClientApp\node_modules\neo-async\async.js:8067:18)
    at options.error (C:\Users\Budre\source\repos\oblig3\oblig3\ClientApp\node_modules\node-sass\lib\index.js:294:32)
 (d2cc71bc)
2020-10-26T22:22:14.1012960+01:00  [ERR] ERROR in ./src/styles.scss
Module build failed (from ./node_modules/mini-css-extract-plugin/dist/loader.js):
ModuleBuildError: Module build failed (from ./node_modules/sass-loader/lib/loader.js):

  font-size: ;
          ^
      Style declaration must contain a value
      in C:\Users\Budre\source\repos\oblig3\oblig3\ClientApp\src\styles.scss (line 87, column 12)
    at C:\Users\Budre\source\repos\oblig3\oblig3\ClientApp\node_modules\webpack\lib\NormalModule.js:313:20
    at C:\Users\Budre\source\repos\oblig3\oblig3\ClientApp\node_modules\loader-runner\lib\LoaderRunner.js:367:11
    at C:\Users\Budre\source\repos\oblig3\oblig3\ClientApp\node_modules\loader-runner\lib\LoaderRunner.js:233:18
    at context.callback (C:\Users\Budre\source\repos\oblig3\oblig3\ClientApp\node_modules\loader-runner\lib\LoaderRunner.js:111:13)
    at Object.callback (C:\Users\Budre\source\repos\oblig3\oblig3\ClientApp\node_modules\sass-loader\lib\loader.js:90:7)
    at Object.done [as callback] (C:\Users\Budre\source\repos\oblig3\oblig3\ClientApp\node_modules\neo-async\async.js:8067:18)
    at options.error (C:\Users\Budre\source\repos\oblig3\oblig3\ClientApp\node_modules\node-sass\lib\index.js:294:32)
 (cb9b3889)
2020-10-26T22:22:15.7555849+01:00  [ERR] ERROR in ./src/styles.scss
Module build failed (from ./node_modules/mini-css-extract-plugin/dist/loader.js):
ModuleBuildError: Module build failed (from ./node_modules/sass-loader/lib/loader.js):

  font-size: 1.;
             ^
      Invalid CSS after "  font-size: 1": expected expression (e.g. 1px, bold), was ".;"
      in C:\Users\Budre\source\repos\oblig3\oblig3\ClientApp\src\styles.scss (line 87, column 15)
    at C:\Users\Budre\source\repos\oblig3\oblig3\ClientApp\node_modules\webpack\lib\NormalModule.js:313:20
    at C:\Users\Budre\source\repos\oblig3\oblig3\ClientApp\node_modules\loader-runner\lib\LoaderRunner.js:367:11
    at C:\Users\Budre\source\repos\oblig3\oblig3\ClientApp\node_modules\loader-runner\lib\LoaderRunner.js:233:18
    at context.callback (C:\Users\Budre\source\repos\oblig3\oblig3\ClientApp\node_modules\loader-runner\lib\LoaderRunner.js:111:13)
    at Object.callback (C:\Users\Budre\source\repos\oblig3\oblig3\ClientApp\node_modules\sass-loader\lib\loader.js:90:7)
    at Object.done [as callback] (C:\Users\Budre\source\repos\oblig3\oblig3\ClientApp\node_modules\neo-async\async.js:8067:18)
    at options.error (C:\Users\Budre\source\repos\oblig3\oblig3\ClientApp\node_modules\node-sass\lib\index.js:294:32)
 (8ea3bd2c)
2020-10-26T22:23:41.5222174+01:00  [ERR] ERROR in ./src/app/faq/faq.component.scss
Module build failed (from ./node_modules/sass-loader/lib/loader.js):

        max-width: ;
                ^
      Style declaration must contain a value
      in C:\Users\Budre\source\repos\oblig3\oblig3\ClientApp\src\app\faq\faq.component.scss (line 38, column 18)
 (ccf5dee6)
2020-10-26T22:26:57.6930394+01:00  [ERR] ERROR in ./src/app/faq/faq.component.scss
Module build failed (from ./node_modules/sass-loader/lib/loader.js):

        ma
       ^
      Property "ma" must be followed by a ':'
      in C:\Users\Budre\source\repos\oblig3\oblig3\ClientApp\src\app\faq\faq.component.scss (line 44, column 9)
 (98579ee6)
2020-10-26T22:26:58.1434063+01:00  [ERR] ERROR in ./src/app/faq/faq.component.scss
Module build failed (from ./node_modules/sass-loader/lib/loader.js):

        mar
       ^
      Property "mar" must be followed by a ':'
      in C:\Users\Budre\source\repos\oblig3\oblig3\ClientApp\src\app\faq\faq.component.scss (line 44, column 9)
 (98c5774f)
2020-10-26T22:26:59.6674471+01:00  [ERR] ERROR in ./src/app/faq/faq.component.scss
Module build failed (from ./node_modules/sass-loader/lib/loader.js):

        margin
       ^
      Property "margin" must be followed by a ':'
      in C:\Users\Budre\source\repos\oblig3\oblig3\ClientApp\src\app\faq\faq.component.scss (line 44, column 9)
 (ed7990de)
2020-10-26T22:27:01.0333853+01:00  [ERR] ERROR in ./src/app/faq/faq.component.scss
Module build failed (from ./node_modules/sass-loader/lib/loader.js):

        margin-to
       ^
      Property "margin-to" must be followed by a ':'
      in C:\Users\Budre\source\repos\oblig3\oblig3\ClientApp\src\app\faq\faq.component.scss (line 44, column 9)
 (25bb9dca)
2020-10-26T22:27:01.7377396+01:00  [ERR] ERROR in ./src/app/faq/faq.component.scss
Module build failed (from ./node_modules/sass-loader/lib/loader.js):

        margin-top: ;
                 ^
      Style declaration must contain a value
      in C:\Users\Budre\source\repos\oblig3\oblig3\ClientApp\src\app\faq\faq.component.scss (line 44, column 19)
 (017ea05e)
2020-10-26T22:27:57.1282224+01:00  [ERR] ERROR in ./src/app/faq/faq.component.scss
Module build failed (from ./node_modules/sass-loader/lib/loader.js):

    align-items: center;
                       ^
      Invalid CSS after "...-items: center;": expected "}", was "{}"
      in C:\Users\Budre\source\repos\oblig3\oblig3\ClientApp\src\app\faq\faq.component.scss (line 32, column 25)
 (998e86be)
2020-10-26T22:27:58.0225802+01:00  [ERR] ERROR in ./src/app/faq/faq.component.scss
Module build failed (from ./node_modules/sass-loader/lib/loader.js):

    align-items: center;
                       ^
      Invalid CSS after "...-items: center;": expected "}", was "{"
      in C:\Users\Budre\source\repos\oblig3\oblig3\ClientApp\src\app\faq\faq.component.scss (line 32, column 25)
 (56c5161d)
2020-10-26T22:28:01.3388263+01:00  [ERR] ERROR in ./src/app/faq/faq.component.scss
Module build failed (from ./node_modules/sass-loader/lib/loader.js):

    align-items: center;
                       ^
      Invalid CSS after "...-items: center;": expected "}", was "{"
      in C:\Users\Budre\source\repos\oblig3\oblig3\ClientApp\src\app\faq\faq.component.scss (line 32, column 25)
 (56c5161d)
2020-10-26T22:28:01.9908793+01:00  [ERR] ERROR in ./src/app/faq/faq.component.scss
Module build failed (from ./node_modules/sass-loader/lib/loader.js):

    align-items: center;
                       ^
      Invalid CSS after "...-items: center;": expected "}", was "{"
      in C:\Users\Budre\source\repos\oblig3\oblig3\ClientApp\src\app\faq\faq.component.scss (line 32, column 25)
 (56c5161d)
2020-10-26T22:28:03.5610393+01:00  [ERR] ERROR in ./src/app/faq/faq.component.scss
Module build failed (from ./node_modules/sass-loader/lib/loader.js):

    align-items: center;
                       ^
      Invalid CSS after "...-items: center;": expected "}", was "{"
      in C:\Users\Budre\source\repos\oblig3\oblig3\ClientApp\src\app\faq\faq.component.scss (line 32, column 25)
 (56c5161d)
2020-10-26T22:28:07.1196104+01:00  [ERR] ERROR in ./src/app/faq/faq.component.scss
Module build failed (from ./node_modules/sass-loader/lib/loader.js):

    align-items: center;
                       ^
      Invalid CSS after "...-items: center;": expected "}", was "{}"
      in C:\Users\Budre\source\repos\oblig3\oblig3\ClientApp\src\app\faq\faq.component.scss (line 32, column 25)
 (998e86be)
2020-10-26T22:28:11.1096194+01:00  [ERR] ERROR in ./src/app/faq/faq.component.scss
Module build failed (from ./node_modules/sass-loader/lib/loader.js):

        m
       ^
      Property "m" must be followed by a ':'
      in C:\Users\Budre\source\repos\oblig3\oblig3\ClientApp\src\app\faq\faq.component.scss (line 35, column 9)
 (d590851c)
2020-10-26T22:28:12.1862070+01:00  [ERR] ERROR in ./src/app/faq/faq.component.scss
Module build failed (from ./node_modules/sass-loader/lib/loader.js):

        mar
       ^
      Property "mar" must be followed by a ':'
      in C:\Users\Budre\source\repos\oblig3\oblig3\ClientApp\src\app\faq\faq.component.scss (line 35, column 9)
 (6aa1d656)
2020-10-26T22:28:13.2434712+01:00  [ERR] ERROR in ./src/app/faq/faq.component.scss
Module build failed (from ./node_modules/sass-loader/lib/loader.js):

        margin
       ^
      Property "margin" must be followed by a ':'
      in C:\Users\Budre\source\repos\oblig3\oblig3\ClientApp\src\app\faq\faq.component.scss (line 35, column 9)
 (e36bfc30)
2020-10-26T22:28:14.7560555+01:00  [ERR] ERROR in ./src/app/faq/faq.component.scss
Module build failed (from ./node_modules/sass-loader/lib/loader.js):

        margin-bottom: ;
                    ^
      Style declaration must contain a value
      in C:\Users\Budre\source\repos\oblig3\oblig3\ClientApp\src\app\faq\faq.component.scss (line 35, column 22)
 (00731950)
2020-10-26T22:28:44.5397635+01:00  [ERR] ERROR in ./src/app/faq/faq.component.scss
Module build failed (from ./node_modules/sass-loader/lib/loader.js):

        margin-bottom: ;
                    ^
      Style declaration must contain a value
      in C:\Users\Budre\source\repos\oblig3\oblig3\ClientApp\src\app\faq\faq.component.scss (line 35, column 22)
 (00731950)
2020-10-26T22:29:09.2942081+01:00  [ERR] ERROR in ./src/app/faq/faq.component.scss
Module build failed (from ./node_modules/sass-loader/lib/loader.js):

        margin-bottom: .em;
                      ^
      Invalid CSS after "... margin-bottom:": expected expression (e.g. 1px, bold), was ".em;"
      in C:\Users\Budre\source\repos\oblig3\oblig3\ClientApp\src\app\faq\faq.component.scss (line 35, column 24)
 (def0df17)
2020-10-26T22:31:17.7906366+01:00  [ERR] ERROR in ./src/styles.scss
Module build failed (from ./node_modules/mini-css-extract-plugin/dist/loader.js):
ModuleBuildError: Module build failed (from ./node_modules/sass-loader/lib/loader.js):

input 
     ^
      Invalid CSS after "input": expected "{", was ""
      in C:\Users\Budre\source\repos\oblig3\oblig3\ClientApp\src\styles.scss (line 96, column 7)
    at C:\Users\Budre\source\repos\oblig3\oblig3\ClientApp\node_modules\webpack\lib\NormalModule.js:313:20
    at C:\Users\Budre\source\repos\oblig3\oblig3\ClientApp\node_modules\loader-runner\lib\LoaderRunner.js:367:11
    at C:\Users\Budre\source\repos\oblig3\oblig3\ClientApp\node_modules\loader-runner\lib\LoaderRunner.js:233:18
    at context.callback (C:\Users\Budre\source\repos\oblig3\oblig3\ClientApp\node_modules\loader-runner\lib\LoaderRunner.js:111:13)
    at Object.callback (C:\Users\Budre\source\repos\oblig3\oblig3\ClientApp\node_modules\sass-loader\lib\loader.js:90:7)
    at Object.done [as callback] (C:\Users\Budre\source\repos\oblig3\oblig3\ClientApp\node_modules\neo-async\async.js:8067:18)
    at options.error (C:\Users\Budre\source\repos\oblig3\oblig3\ClientApp\node_modules\node-sass\lib\index.js:294:32)
 (43400dd9)
2020-10-26T22:36:53.0964344+01:00  [ERR] ERROR in ./src/app/faq/faq.component.scss
Module build failed (from ./node_modules/sass-loader/lib/loader.js):

    }
    ^
      Invalid CSS after "    }": expected "}", was ".btn"
      in C:\Users\Budre\source\repos\oblig3\oblig3\ClientApp\src\app\faq\faq.component.scss (line 50, column 6)
 (dcbb2889)
2020-10-26T22:36:53.7475839+01:00  [ERR] ERROR in ./src/app/faq/faq.component.scss
Module build failed (from ./node_modules/sass-loader/lib/loader.js):

    }
    ^
      Invalid CSS after "    }": expected "}", was ".btn1"
      in C:\Users\Budre\source\repos\oblig3\oblig3\ClientApp\src\app\faq\faq.component.scss (line 50, column 6)
 (f2f750d4)
2020-10-26T22:39:22.3455152+01:00  [ERR] ERROR in ./src/styles.scss
Module build failed (from ./node_modules/mini-css-extract-plugin/dist/loader.js):
ModuleBuildError: Module build failed (from ./node_modules/sass-loader/lib/loader.js):

    font
   ^
      Property "font" must be followed by a ':'
      in C:\Users\Budre\source\repos\oblig3\oblig3\ClientApp\src\styles.scss (line 113, column 5)
    at C:\Users\Budre\source\repos\oblig3\oblig3\ClientApp\node_modules\webpack\lib\NormalModule.js:313:20
    at C:\Users\Budre\source\repos\oblig3\oblig3\ClientApp\node_modules\loader-runner\lib\LoaderRunner.js:367:11
    at C:\Users\Budre\source\repos\oblig3\oblig3\ClientApp\node_modules\loader-runner\lib\LoaderRunner.js:233:18
    at context.callback (C:\Users\Budre\source\repos\oblig3\oblig3\ClientApp\node_modules\loader-runner\lib\LoaderRunner.js:111:13)
    at Object.callback (C:\Users\Budre\source\repos\oblig3\oblig3\ClientApp\node_modules\sass-loader\lib\loader.js:90:7)
    at Object.done [as callback] (C:\Users\Budre\source\repos\oblig3\oblig3\ClientApp\node_modules\neo-async\async.js:8067:18)
    at options.error (C:\Users\Budre\source\repos\oblig3\oblig3\ClientApp\node_modules\node-sass\lib\index.js:294:32)
 (54a5ce65)
2020-10-26T22:39:23.1282454+01:00  [ERR] ERROR in ./src/styles.scss
Module build failed (from ./node_modules/mini-css-extract-plugin/dist/loader.js):
ModuleBuildError: Module build failed (from ./node_modules/sass-loader/lib/loader.js):

    font-s
   ^
      Property "font-s" must be followed by a ':'
      in C:\Users\Budre\source\repos\oblig3\oblig3\ClientApp\src\styles.scss (line 113, column 5)
    at C:\Users\Budre\source\repos\oblig3\oblig3\ClientApp\node_modules\webpack\lib\NormalModule.js:313:20
    at C:\Users\Budre\source\repos\oblig3\oblig3\ClientApp\node_modules\loader-runner\lib\LoaderRunner.js:367:11
    at C:\Users\Budre\source\repos\oblig3\oblig3\ClientApp\node_modules\loader-runner\lib\LoaderRunner.js:233:18
    at context.callback (C:\Users\Budre\source\repos\oblig3\oblig3\ClientApp\node_modules\loader-runner\lib\LoaderRunner.js:111:13)
    at Object.callback (C:\Users\Budre\source\repos\oblig3\oblig3\ClientApp\node_modules\sass-loader\lib\loader.js:90:7)
    at Object.done [as callback] (C:\Users\Budre\source\repos\oblig3\oblig3\ClientApp\node_modules\neo-async\async.js:8067:18)
    at options.error (C:\Users\Budre\source\repos\oblig3\oblig3\ClientApp\node_modules\node-sass\lib\index.js:294:32)
 (41b27a9a)
2020-10-26T22:39:23.7019073+01:00  [ERR] ERROR in ./src/styles.scss
Module build failed (from ./node_modules/mini-css-extract-plugin/dist/loader.js):
ModuleBuildError: Module build failed (from ./node_modules/sass-loader/lib/loader.js):

    font-size: ;
            ^
      Style declaration must contain a value
      in C:\Users\Budre\source\repos\oblig3\oblig3\ClientApp\src\styles.scss (line 113, column 14)
    at C:\Users\Budre\source\repos\oblig3\oblig3\ClientApp\node_modules\webpack\lib\NormalModule.js:313:20
    at C:\Users\Budre\source\repos\oblig3\oblig3\ClientApp\node_modules\loader-runner\lib\LoaderRunner.js:367:11
    at C:\Users\Budre\source\repos\oblig3\oblig3\ClientApp\node_modules\loader-runner\lib\LoaderRunner.js:233:18
    at context.callback (C:\Users\Budre\source\repos\oblig3\oblig3\ClientApp\node_modules\loader-runner\lib\LoaderRunner.js:111:13)
    at Object.callback (C:\Users\Budre\source\repos\oblig3\oblig3\ClientApp\node_modules\sass-loader\lib\loader.js:90:7)
    at Object.done [as callback] (C:\Users\Budre\source\repos\oblig3\oblig3\ClientApp\node_modules\neo-async\async.js:8067:18)
    at options.error (C:\Users\Budre\source\repos\oblig3\oblig3\ClientApp\node_modules\node-sass\lib\index.js:294:32)
 (fdc1b095)
2020-10-26T22:39:24.9491125+01:00  [ERR] ERROR in ./src/styles.scss
Module build failed (from ./node_modules/mini-css-extract-plugin/dist/loader.js):
ModuleBuildError: Module build failed (from ./node_modules/sass-loader/lib/loader.js):

    font-size: 1.;
               ^
      Invalid CSS after "    font-size: 1": expected expression (e.g. 1px, bold), was ".;"
      in C:\Users\Budre\source\repos\oblig3\oblig3\ClientApp\src\styles.scss (line 113, column 17)
    at C:\Users\Budre\source\repos\oblig3\oblig3\ClientApp\node_modules\webpack\lib\NormalModule.js:313:20
    at C:\Users\Budre\source\repos\oblig3\oblig3\ClientApp\node_modules\loader-runner\lib\LoaderRunner.js:367:11
    at C:\Users\Budre\source\repos\oblig3\oblig3\ClientApp\node_modules\loader-runner\lib\LoaderRunner.js:233:18
    at context.callback (C:\Users\Budre\source\repos\oblig3\oblig3\ClientApp\node_modules\loader-runner\lib\LoaderRunner.js:111:13)
    at Object.callback (C:\Users\Budre\source\repos\oblig3\oblig3\ClientApp\node_modules\sass-loader\lib\loader.js:90:7)
    at Object.done [as callback] (C:\Users\Budre\source\repos\oblig3\oblig3\ClientApp\node_modules\neo-async\async.js:8067:18)
    at options.error (C:\Users\Budre\source\repos\oblig3\oblig3\ClientApp\node_modules\node-sass\lib\index.js:294:32)
 (aad7ddd9)
2020-10-26T22:41:56.7529579+01:00  [ERR] ERROR in ./src/app/faq/faq.component.scss
Module build failed (from ./node_modules/sass-loader/lib/loader.js):

        div 
       ^
      Property "div" must be followed by a ':'
      in C:\Users\Budre\source\repos\oblig3\oblig3\ClientApp\src\app\faq\faq.component.scss (line 44, column 9)
 (57a33be4)
2020-10-26T22:41:59.2539583+01:00  [ERR] ERROR in ./src/app/faq/faq.component.scss
Module build failed (from ./node_modules/sass-loader/lib/loader.js):

            display: ;
                  ^
      Style declaration must contain a value
      in C:\Users\Budre\source\repos\oblig3\oblig3\ClientApp\src\app\faq\faq.component.scss (line 45, column 20)
 (4c894bc2)
2020-10-26T22:42:03.6290142+01:00  [ERR] ERROR in ./src/app/faq/faq.component.scss
Module build failed (from ./node_modules/sass-loader/lib/loader.js):

            lex
           ^
      Property "lex" must be followed by a ':'
      in C:\Users\Budre\source\repos\oblig3\oblig3\ClientApp\src\app\faq\faq.component.scss (line 46, column 13)
 (1330a9d8)
2020-10-26T22:42:05.6389463+01:00  [ERR] ERROR in ./src/app/faq/faq.component.scss
Module build failed (from ./node_modules/sass-loader/lib/loader.js):

            flex
           ^
      Property "flex" must be followed by a ':'
      in C:\Users\Budre\source\repos\oblig3\oblig3\ClientApp\src\app\faq\faq.component.scss (line 46, column 13)
 (c923bd82)
2020-10-26T22:42:07.5454750+01:00  [ERR] ERROR in ./src/app/faq/faq.component.scss
Module build failed (from ./node_modules/sass-loader/lib/loader.js):

            flex-direction: ;
                         ^
      Style declaration must contain a value
      in C:\Users\Budre\source\repos\oblig3\oblig3\ClientApp\src\app\faq\faq.component.scss (line 46, column 27)
 (e52be71d)
2020-10-26T22:42:36.1934028+01:00  [ERR] ERROR in ./src/app/faq/faq.component.scss
Module build failed (from ./node_modules/sass-loader/lib/loader.js):

            jus
           ^
      Property "jus" must be followed by a ':'
      in C:\Users\Budre\source\repos\oblig3\oblig3\ClientApp\src\app\faq\faq.component.scss (line 46, column 13)
 (0b394ee8)
2020-10-26T22:42:36.9026653+01:00  [ERR] ERROR in ./src/app/faq/faq.component.scss
Module build failed (from ./node_modules/sass-loader/lib/loader.js):

            justify-content: ;
                          ^
      Style declaration must contain a value
      in C:\Users\Budre\source\repos\oblig3\oblig3\ClientApp\src\app\faq\faq.component.scss (line 46, column 28)
 (64186e9a)
2020-10-26T22:42:38.9660484+01:00  [ERR] WARNING in ./src/app/faq/faq.component.scss
Module Warning (from ./node_modules/postcss-loader/src/index.js):
Warning

(34:7) end value has mixed support, consider using flex-end instead
 (0395698a)
2020-10-26T22:42:56.4280258+01:00  [ERR] ERROR in ./src/app/faq/faq.component.scss
Module build failed (from ./node_modules/sass-loader/lib/loader.js):

            alig
           ^
      Property "alig" must be followed by a ':'
      in C:\Users\Budre\source\repos\oblig3\oblig3\ClientApp\src\app\faq\faq.component.scss (line 46, column 13)
 (4d85840c)
2020-10-26T22:42:57.2259039+01:00  [ERR] ERROR in ./src/app/faq/faq.component.scss
Module build failed (from ./node_modules/sass-loader/lib/loader.js):

            align-items: ;
                      ^
      Style declaration must contain a value
      in C:\Users\Budre\source\repos\oblig3\oblig3\ClientApp\src\app\faq\faq.component.scss (line 46, column 24)
 (adab4ca3)
2020-10-26T22:43:16.3115104+01:00  [ERR] ERROR in ./src/app/faq/faq.component.scss
Module build failed (from ./node_modules/sass-loader/lib/loader.js):

            jus
           ^
      Property "jus" must be followed by a ':'
      in C:\Users\Budre\source\repos\oblig3\oblig3\ClientApp\src\app\faq\faq.component.scss (line 46, column 13)
 (0b394ee8)
2020-10-26T22:43:17.3896511+01:00  [ERR] ERROR in ./src/app/faq/faq.component.scss
Module build failed (from ./node_modules/sass-loader/lib/loader.js):

            justify-content: ;
                          ^
      Style declaration must contain a value
      in C:\Users\Budre\source\repos\oblig3\oblig3\ClientApp\src\app\faq\faq.component.scss (line 46, column 28)
 (64186e9a)
2020-10-26T22:44:03.8695220+01:00  [ERR] ERROR in ./src/app/faq/faq.component.scss
Module build failed (from ./node_modules/sass-loader/lib/loader.js):

            flex
           ^
      Property "flex" must be followed by a ':'
      in C:\Users\Budre\source\repos\oblig3\oblig3\ClientApp\src\app\faq\faq.component.scss (line 47, column 13)
 (2998c541)
2020-10-26T22:44:06.7648037+01:00  [ERR] ERROR in ./src/app/faq/faq.component.scss
Module build failed (from ./node_modules/sass-loader/lib/loader.js):

            flex-direction: ;
                         ^
      Style declaration must contain a value
      in C:\Users\Budre\source\repos\oblig3\oblig3\ClientApp\src\app\faq\faq.component.scss (line 47, column 27)
 (8637c18e)
2020-10-26T22:46:09.9265283+01:00  [ERR] ERROR in ./src/app/faq/faq.component.scss
Module build failed (from ./node_modules/sass-loader/lib/loader.js):

        }
        ^
      Invalid CSS after "        }": expected "}", was ".btn"
      in C:\Users\Budre\source\repos\oblig3\oblig3\ClientApp\src\app\faq\faq.component.scss (line 47, column 10)
 (9fc42826)
2020-10-26T22:46:11.0009604+01:00  [ERR] ERROR in ./src/app/faq/faq.component.scss
Module build failed (from ./node_modules/sass-loader/lib/loader.js):

        }
        ^
      Invalid CSS after "        }": expected "}", was ".btn2 "
      in C:\Users\Budre\source\repos\oblig3\oblig3\ClientApp\src\app\faq\faq.component.scss (line 47, column 10)
 (03345b80)
2020-10-26T22:46:13.0604556+01:00  [ERR] ERROR in ./src/app/faq/faq.component.scss
Module build failed (from ./node_modules/sass-loader/lib/loader.js):

            ma
           ^
      Property "ma" must be followed by a ':'
      in C:\Users\Budre\source\repos\oblig3\oblig3\ClientApp\src\app\faq\faq.component.scss (line 50, column 13)
 (788dd160)
2020-10-26T22:46:14.3591542+01:00  [ERR] ERROR in ./src/app/faq/faq.component.scss
Module build failed (from ./node_modules/sass-loader/lib/loader.js):

            margin
           ^
      Property "margin" must be followed by a ':'
      in C:\Users\Budre\source\repos\oblig3\oblig3\ClientApp\src\app\faq\faq.component.scss (line 50, column 13)
 (a6150a4c)
2020-10-26T22:46:15.0349667+01:00  [ERR] ERROR in ./src/app/faq/faq.component.scss
Module build failed (from ./node_modules/sass-loader/lib/loader.js):

            margin-
           ^
      Property "margin-" must be followed by a ':'
      in C:\Users\Budre\source\repos\oblig3\oblig3\ClientApp\src\app\faq\faq.component.scss (line 50, column 13)
 (cb88be05)
2020-10-26T22:46:15.9230198+01:00  [ERR] ERROR in ./src/app/faq/faq.component.scss
Module build failed (from ./node_modules/sass-loader/lib/loader.js):

            margin-r
           ^
      Property "margin-r" must be followed by a ':'
      in C:\Users\Budre\source\repos\oblig3\oblig3\ClientApp\src\app\faq\faq.component.scss (line 50, column 13)
 (b03b8cb7)
2020-10-26T22:46:16.9142718+01:00  [ERR] ERROR in ./src/app/faq/faq.component.scss
Module build failed (from ./node_modules/sass-loader/lib/loader.js):

            margin-right: ;
                       ^
      Style declaration must contain a value
      in C:\Users\Budre\source\repos\oblig3\oblig3\ClientApp\src\app\faq\faq.component.scss (line 50, column 25)
 (657a76a7)
2020-10-26T22:47:25.8389024+01:00  [ERR] ERROR in ./src/app/faq/faq.component.scss
Module build failed (from ./node_modules/sass-loader/lib/loader.js):

            font
           ^
      Property "font" must be followed by a ':'
      in C:\Users\Budre\source\repos\oblig3\oblig3\ClientApp\src\app\faq\faq.component.scss (line 51, column 13)
 (312bf5d2)
2020-10-26T22:47:27.2190124+01:00  [ERR] ERROR in ./src/app/faq/faq.component.scss
Module build failed (from ./node_modules/sass-loader/lib/loader.js):

            font-size: ;
                    ^
      Style declaration must contain a value
      in C:\Users\Budre\source\repos\oblig3\oblig3\ClientApp\src\app\faq\faq.component.scss (line 51, column 22)
 (ade34b8f)
2020-10-26T22:47:28.1170540+01:00  [ERR] ERROR in ./src/app/faq/faq.component.scss
Module build failed (from ./node_modules/sass-loader/lib/loader.js):

            font-size: 1.;
                       ^
      Invalid CSS after "...   font-size: 1": expected expression (e.g. 1px, bold), was ".;"
      in C:\Users\Budre\source\repos\oblig3\oblig3\ClientApp\src\app\faq\faq.component.scss (line 51, column 25)
 (005d4c21)
2020-10-26T22:48:40.8862062+01:00  [ERR] ERROR in app/faq/faq.component.ts:16:14 - error TS1005: ';' expected.

16   constructor(private _http: HttpClient) {}
                ~
app/faq/faq.component.ts:16:42 - error TS1005: '=>' expected.

16   constructor(private _http: HttpClient) {}
                                            ~
app/faq/faq.component.ts:18:14 - error TS1005: ';' expected.

18   ngOnInit() {
                ~
app/faq/faq.component.ts:24:17 - error TS1005: ';' expected.

24   hentAlleFaq() {
                   ~
app/faq/faq.component.ts:37:28 - error TS1005: ';' expected.

37   getAlleKategorier(liste) {
                              ~
app/faq/faq.component.ts:42:1 - error TS1128: Declaration or statement expected.

42 }
   ~

 (2d20c56a)
2020-10-26T22:48:41.4646946+01:00  [ERR]     ERROR in src/app/faq/faq.component.ts(16,3): error TS2304: Cannot find name 'constructor'.
    src/app/faq/faq.component.ts(16,15): error TS2369: A parameter property is only allowed in a constructor implementation.
    src/app/faq/faq.component.ts(18,3): error TS2304: Cannot find name 'ngOnInit'.
    src/app/faq/faq.component.ts(24,3): error TS2304: Cannot find name 'hentAlleFaq'.
    src/app/faq/faq.component.ts(25,5): error TS2347: Untyped function calls may not accept type arguments.
    src/app/faq/faq.component.ts(37,3): error TS2304: Cannot find name 'getAlleKategorier'.
    src/app/faq/faq.component.ts(37,21): error TS2304: Cannot find name 'liste'.
    
 (38b09e6a)
2020-10-26T22:48:42.9040716+01:00  [ERR]     ERROR in src/app/faq/faq.component.ts(14,11): error TS2304: Cannot find name 'boo'.
    
 (8dc427fc)
2020-10-26T22:48:55.1565918+01:00  [ERR]     ERROR in src/app/faq/faq.component.ts(42,3): error TS2391: Function implementation is missing or not immediately following the declaration.
    
 (d2be816c)
2020-10-26T22:48:56.2982981+01:00  [ERR]     ERROR in src/app/faq/faq.component.ts(42,3): error TS2391: Function implementation is missing or not immediately following the declaration.
    
 (d2be816c)
2020-10-26T22:49:00.8007592+01:00  [ERR] ERROR in app/faq/faq.component.ts:44:3 - error TS1003: Identifier expected.

44   }
     ~

 (05ee2674)
2020-10-26T22:49:02.5625113+01:00  [ERR]     ERROR in src/app/faq/faq.component.ts(43,10): error TS2339: Property 'is' does not exist on type 'FaqComponent'.
    
 (20a348d4)
2020-10-26T22:49:03.1826067+01:00  [ERR] ERROR in app/faq/faq.component.ts:44:3 - error TS1109: Expression expected.

44   }
     ~

 (207bb8d8)
2020-10-26T22:49:03.6985385+01:00  [ERR] ERROR in app/faq/faq.component.ts:44:3 - error TS1109: Expression expected.

44   }
     ~

 (207bb8d8)
2020-10-26T22:49:04.2622139+01:00  [ERR] ERROR in app/faq/faq.component.ts:44:3 - error TS1109: Expression expected.

44   }
     ~

 (207bb8d8)
